2024-02-22 00:00:54,178 [INFO] ParamManager:896 - [Generic UI] PropertyChangeEvent: TAB_STATUS_CHANGED , "dont care", "never mind"
2024-02-22 00:00:56,104 [INFO] ADCParametersView:116 -                Rank 1 : false
2024-02-22 00:00:56,105 [INFO] ADCParametersView:116 -                Rank 1 : false
2024-02-22 00:00:56,105 [INFO] ADCParametersView:116 -                Rank 1 : false
2024-02-22 00:00:56,105 [INFO] ADCParametersView:116 -                Rank 1 : false
2024-02-22 00:00:56,105 [INFO] ADCParametersView:116 -                Rank 1 : false
2024-02-22 00:00:56,106 [INFO] ADCParametersView:116 -                Rank 1 : false
2024-02-22 00:00:56,106 [INFO] ADCParametersView:116 -                Rank 1 : false
2024-02-22 00:00:56,106 [INFO] ADCParametersView:116 -                Rank 1 : false
2024-02-22 00:00:56,106 [INFO] ADCParametersView:116 -                Rank 1 : false
2024-02-22 00:00:56,106 [INFO] ADCParametersView:116 -                Rank 1 : false
2024-02-22 00:00:56,106 [INFO] ADCParametersView:116 -                Rank 1 : false
2024-02-22 00:00:56,107 [INFO] ADCParametersView:116 -                Rank 1 : false
2024-02-22 00:00:56,107 [INFO] ADCParametersView:116 -                Rank 1 : false
2024-02-22 00:00:56,107 [INFO] ADCParametersView:116 -                Rank 1 : false
2024-02-22 00:00:56,120 [INFO] ParamManager:896 - [Generic UI] PropertyChangeEvent: TAB_STATUS_CHANGED , "dont care", "never mind"
2024-02-22 00:00:56,129 [INFO] ADCParametersView:116 -                Rank 1 : false
2024-02-22 00:00:56,162 [INFO] ADCParametersView:116 -                Rank 1 : false
2024-02-22 00:00:56,162 [INFO] ADCParametersView:116 -                Rank 1 : false
2024-02-22 00:00:56,162 [INFO] ADCParametersView:116 -                Rank 1 : false
2024-02-22 00:00:56,162 [INFO] ADCParametersView:116 -                Rank 1 : false
2024-02-22 00:00:56,162 [INFO] ADCParametersView:116 -                Rank 1 : false
2024-02-22 00:00:56,162 [INFO] ADCParametersView:116 -                Rank 1 : false
2024-02-22 00:00:56,162 [INFO] ADCParametersView:116 -                Rank 1 : false
2024-02-22 00:00:56,163 [INFO] ADCParametersView:116 -                Rank 1 : false
2024-02-22 00:00:56,163 [INFO] ADCParametersView:116 -                Rank 1 : false
2024-02-22 00:00:56,163 [INFO] ADCParametersView:116 -                Rank 1 : false
2024-02-22 00:00:56,163 [INFO] ADCParametersView:116 -                Rank 1 : false
2024-02-22 00:00:56,163 [INFO] ADCParametersView:116 -                Rank 1 : false
2024-02-22 00:00:56,163 [INFO] ADCParametersView:116 -                Rank 1 : false
2024-02-22 00:00:56,163 [INFO] ADCParametersView:116 -                Rank 1 : false
2024-02-22 00:00:56,177 [INFO] ADCParametersView:116 -                Rank 1 : false
2024-02-22 00:00:56,315 [INFO] NvicIntPanel:101 - NVIC parent = com.st.microxplorer.plugins.ip.nvic.MultiNvicIntPanel[,0,0,0x0,invalid,layout=javax.swing.BoxLayout,alignmentX=0.0,alignmentY=0.0,border=,flags=9,maximumSize=,minimumSize=,preferredSize=]
2024-02-22 00:00:56,458 [INFO] NvicIntPanel:101 - NVIC parent = com.st.microxplorer.plugins.ip.nvic.MultiNvicIntPanel[,0,0,0x0,invalid,layout=javax.swing.BoxLayout,alignmentX=0.0,alignmentY=0.0,border=,flags=9,maximumSize=,minimumSize=,preferredSize=]
2024-02-22 00:00:56,540 [INFO] ADCParametersView:116 -                Rank 1 : false
2024-02-22 00:00:56,540 [INFO] ADCParametersView:116 -                Rank 1 : false
2024-02-22 00:00:56,541 [INFO] ADCParametersView:116 -                Rank 1 : false
2024-02-22 00:00:56,541 [INFO] ADCParametersView:116 -                Rank 1 : false
2024-02-22 00:00:56,541 [INFO] ADCParametersView:116 -                Rank 1 : false
2024-02-22 00:00:56,541 [INFO] ADCParametersView:116 -                Rank 1 : false
2024-02-22 00:00:56,541 [INFO] ADCParametersView:116 -                Rank 1 : false
2024-02-22 00:00:56,541 [INFO] ADCParametersView:116 -                Rank 1 : false
2024-02-22 00:00:56,542 [INFO] ADCParametersView:116 -                Rank 1 : false
2024-02-22 00:00:56,542 [INFO] ADCParametersView:116 -                Rank 1 : false
2024-02-22 00:00:56,542 [INFO] ADCParametersView:116 -                Rank 1 : false
2024-02-22 00:00:56,542 [INFO] ADCParametersView:116 -                Rank 1 : false
2024-02-22 00:00:56,542 [INFO] ADCParametersView:116 -                Rank 1 : false
2024-02-22 00:00:56,542 [INFO] ADCParametersView:116 -                Rank 1 : false
2024-02-22 00:00:56,568 [INFO] ADCParametersView:116 -                Rank 1 : false
2024-02-22 00:00:56,605 [INFO] ADCParametersView:116 -                Rank 1 : false
2024-02-22 00:00:56,605 [INFO] ADCParametersView:116 -                Rank 1 : false
2024-02-22 00:00:56,606 [INFO] ADCParametersView:116 -                Rank 1 : false
2024-02-22 00:00:56,606 [INFO] ADCParametersView:116 -                Rank 1 : false
2024-02-22 00:00:56,606 [INFO] ADCParametersView:116 -                Rank 1 : false
2024-02-22 00:00:56,606 [INFO] ADCParametersView:116 -                Rank 1 : false
2024-02-22 00:00:56,606 [INFO] ADCParametersView:116 -                Rank 1 : false
2024-02-22 00:00:56,606 [INFO] ADCParametersView:116 -                Rank 1 : false
2024-02-22 00:00:56,606 [INFO] ADCParametersView:116 -                Rank 1 : false
2024-02-22 00:00:56,606 [INFO] ADCParametersView:116 -                Rank 1 : false
2024-02-22 00:00:56,606 [INFO] ADCParametersView:116 -                Rank 1 : false
2024-02-22 00:00:56,606 [INFO] ADCParametersView:116 -                Rank 1 : false
2024-02-22 00:00:56,607 [INFO] ADCParametersView:116 -                Rank 1 : false
2024-02-22 00:00:56,607 [INFO] ADCParametersView:116 -                Rank 1 : false
2024-02-22 00:00:56,633 [INFO] ADCParametersView:116 -                Rank 1 : false
2024-02-22 00:02:19,468 [INFO] ADCParametersView:116 -                Rank 1 : false
2024-02-22 00:02:19,476 [INFO] ADCParametersView:116 -                Rank 1 : false
2024-02-22 00:02:19,476 [INFO] ADCParametersView:116 -                Rank 1 : false
2024-02-22 00:02:19,476 [INFO] ADCParametersView:116 -                Rank 1 : false
2024-02-22 00:02:19,476 [INFO] ADCParametersView:116 -                Rank 1 : false
2024-02-22 00:02:19,477 [INFO] ADCParametersView:116 -                Rank 1 : false
2024-02-22 00:02:19,477 [INFO] ADCParametersView:116 -                Rank 1 : false
2024-02-22 00:02:19,477 [INFO] ADCParametersView:116 -                Rank 1 : false
2024-02-22 00:02:19,477 [INFO] ADCParametersView:116 -                Rank 1 : false
2024-02-22 00:02:19,477 [INFO] ADCParametersView:116 -                Rank 1 : false
2024-02-22 00:02:19,477 [INFO] ADCParametersView:116 -                Rank 1 : false
2024-02-22 00:02:19,478 [INFO] ADCParametersView:116 -                Rank 1 : false
2024-02-22 00:02:19,478 [INFO] ADCParametersView:116 -                Rank 1 : false
2024-02-22 00:02:19,478 [INFO] ADCParametersView:116 -                Rank 1 : false
2024-02-22 00:02:19,493 [INFO] ADCParametersView:116 -                Rank 1 : false
2024-02-22 00:02:19,524 [INFO] ADCParametersView:116 -                Rank 1 : false
2024-02-22 00:02:19,527 [INFO] ADCParametersView:116 -                Rank 1 : false
2024-02-22 00:02:19,527 [INFO] ADCParametersView:116 -                Rank 1 : false
2024-02-22 00:02:19,527 [INFO] ADCParametersView:116 -                Rank 1 : false
2024-02-22 00:02:19,527 [INFO] ADCParametersView:116 -                Rank 1 : false
2024-02-22 00:02:19,527 [INFO] ADCParametersView:116 -                Rank 1 : false
2024-02-22 00:02:19,527 [INFO] ADCParametersView:116 -                Rank 1 : false
2024-02-22 00:02:19,527 [INFO] ADCParametersView:116 -                Rank 1 : false
2024-02-22 00:02:19,527 [INFO] ADCParametersView:116 -                Rank 1 : false
2024-02-22 00:02:19,528 [INFO] ADCParametersView:116 -                Rank 1 : false
2024-02-22 00:02:19,528 [INFO] ADCParametersView:116 -                Rank 1 : false
2024-02-22 00:02:19,528 [INFO] ADCParametersView:116 -                Rank 1 : false
2024-02-22 00:02:19,528 [INFO] ADCParametersView:116 -                Rank 1 : false
2024-02-22 00:02:19,528 [INFO] ADCParametersView:116 -                Rank 1 : false
2024-02-22 00:02:19,541 [INFO] ADCParametersView:116 -                Rank 1 : false
2024-02-22 00:02:19,607 [INFO] ADCParametersView:116 -                Rank 1 : false
2024-02-22 00:02:19,609 [INFO] ADCParametersView:116 -                Rank 1 : false
2024-02-22 00:02:19,610 [INFO] ADCParametersView:116 -                Rank 1 : false
2024-02-22 00:02:19,610 [INFO] ADCParametersView:116 -                Rank 1 : false
2024-02-22 00:02:19,610 [INFO] ADCParametersView:116 -                Rank 1 : false
2024-02-22 00:02:19,610 [INFO] ADCParametersView:116 -                Rank 1 : false
2024-02-22 00:02:19,610 [INFO] ADCParametersView:116 -                Rank 1 : false
2024-02-22 00:02:19,610 [INFO] ADCParametersView:116 -                Rank 1 : false
2024-02-22 00:02:19,610 [INFO] ADCParametersView:116 -                Rank 1 : false
2024-02-22 00:02:19,611 [INFO] ADCParametersView:116 -                Rank 1 : false
2024-02-22 00:02:19,611 [INFO] ADCParametersView:116 -                Rank 1 : false
2024-02-22 00:02:19,611 [INFO] ADCParametersView:116 -                Rank 1 : false
2024-02-22 00:02:19,611 [INFO] ADCParametersView:116 -                Rank 1 : false
2024-02-22 00:02:19,611 [INFO] ADCParametersView:116 -                Rank 1 : false
2024-02-22 00:02:19,646 [INFO] ADCParametersView:116 -                Rank 1 : false
2024-02-22 00:02:38,371 [INFO] SpinnerEditorADC:65 - is string kkkk
2024-02-22 00:02:50,600 [INFO] ParamManager:896 - [Generic UI] PropertyChangeEvent: TAB_STATUS_CHANGED , "dont care", "never mind"
2024-02-22 00:02:50,627 [INFO] NvicIntPanel:101 - NVIC parent = com.st.microxplorer.plugins.ip.nvic.MultiNvicIntPanel[,0,0,0x0,invalid,layout=javax.swing.BoxLayout,alignmentX=0.0,alignmentY=0.0,border=,flags=9,maximumSize=,minimumSize=,preferredSize=]
2024-02-22 00:02:50,763 [INFO] ParamManager:896 - [Generic UI] PropertyChangeEvent: TAB_STATUS_CHANGED , "dont care", "never mind"
2024-02-22 00:02:50,792 [INFO] NvicIntPanel:101 - NVIC parent = com.st.microxplorer.plugins.ip.nvic.MultiNvicIntPanel[,0,0,0x0,invalid,layout=javax.swing.BoxLayout,alignmentX=0.0,alignmentY=0.0,border=,flags=9,maximumSize=,minimumSize=,preferredSize=]
2024-02-22 00:02:50,947 [INFO] NvicIntPanel:101 - NVIC parent = com.st.microxplorer.plugins.ip.nvic.MultiNvicIntPanel[,0,0,0x0,invalid,layout=javax.swing.BoxLayout,alignmentX=0.0,alignmentY=0.0,border=,flags=9,maximumSize=,minimumSize=,preferredSize=]
2024-02-22 00:02:51,010 [INFO] ADCParametersView:116 -                Rank 1 : false
2024-02-22 00:02:51,014 [INFO] ADCParametersView:116 -                Rank 1 : false
2024-02-22 00:02:51,015 [INFO] ADCParametersView:116 -                Rank 1 : false
2024-02-22 00:02:51,015 [INFO] ADCParametersView:116 -                Rank 1 : false
2024-02-22 00:02:51,015 [INFO] ADCParametersView:116 -                Rank 1 : false
2024-02-22 00:02:51,015 [INFO] ADCParametersView:116 -                Rank 1 : false
2024-02-22 00:02:51,015 [INFO] ADCParametersView:116 -                Rank 1 : false
2024-02-22 00:02:51,016 [INFO] ADCParametersView:116 -                Rank 1 : false
2024-02-22 00:02:51,016 [INFO] ADCParametersView:116 -                Rank 1 : false
2024-02-22 00:02:51,016 [INFO] ADCParametersView:116 -                Rank 1 : false
2024-02-22 00:02:51,016 [INFO] ADCParametersView:116 -                Rank 1 : false
2024-02-22 00:02:51,016 [INFO] ADCParametersView:116 -                Rank 1 : false
2024-02-22 00:02:51,016 [INFO] ADCParametersView:116 -                Rank 1 : false
2024-02-22 00:02:51,016 [INFO] ADCParametersView:116 -                Rank 1 : false
2024-02-22 00:02:51,045 [INFO] ADCParametersView:116 -                Rank 1 : false
2024-02-22 00:02:51,046 [INFO] ADCParametersView:116 -                Rank 1 : false
2024-02-22 00:02:51,046 [INFO] ADCParametersView:116 -        *      Rank 2 : false
2024-02-22 00:02:51,050 [INFO] SpinnerEditorADC:65 - is string kkkk
2024-02-22 00:02:51,119 [INFO] ADCParametersView:116 -                Rank 1 : false
2024-02-22 00:02:51,120 [INFO] ADCParametersView:116 -        *      Rank 2 : false
2024-02-22 00:02:51,124 [INFO] ADCParametersView:116 -                Rank 1 : false
2024-02-22 00:02:51,124 [INFO] ADCParametersView:116 -        *      Rank 2 : false
2024-02-22 00:02:51,124 [INFO] ADCParametersView:116 -                Rank 1 : false
2024-02-22 00:02:51,124 [INFO] ADCParametersView:116 -        *      Rank 2 : false
2024-02-22 00:02:51,124 [INFO] ADCParametersView:116 -                Rank 1 : false
2024-02-22 00:02:51,124 [INFO] ADCParametersView:116 -        *      Rank 2 : false
2024-02-22 00:02:51,124 [INFO] ADCParametersView:116 -                Rank 1 : false
2024-02-22 00:02:51,124 [INFO] ADCParametersView:116 -        *      Rank 2 : false
2024-02-22 00:02:51,125 [INFO] ADCParametersView:116 -                Rank 1 : false
2024-02-22 00:02:51,125 [INFO] ADCParametersView:116 -        *      Rank 2 : false
2024-02-22 00:02:51,125 [INFO] ADCParametersView:116 -                Rank 1 : false
2024-02-22 00:02:51,125 [INFO] ADCParametersView:116 -        *      Rank 2 : false
2024-02-22 00:02:51,125 [INFO] ADCParametersView:116 -                Rank 1 : false
2024-02-22 00:02:51,125 [INFO] ADCParametersView:116 -        *      Rank 2 : false
2024-02-22 00:02:51,125 [INFO] ADCParametersView:116 -                Rank 1 : false
2024-02-22 00:02:51,125 [INFO] ADCParametersView:116 -        *      Rank 2 : false
2024-02-22 00:02:51,125 [INFO] ADCParametersView:116 -                Rank 1 : false
2024-02-22 00:02:51,125 [INFO] ADCParametersView:116 -        *      Rank 2 : false
2024-02-22 00:02:51,125 [INFO] ADCParametersView:116 -                Rank 1 : false
2024-02-22 00:02:51,125 [INFO] ADCParametersView:116 -        *      Rank 2 : false
2024-02-22 00:02:51,126 [INFO] ADCParametersView:116 -                Rank 1 : false
2024-02-22 00:02:51,126 [INFO] ADCParametersView:116 -        *      Rank 2 : false
2024-02-22 00:02:51,126 [INFO] ADCParametersView:116 -                Rank 1 : false
2024-02-22 00:02:51,126 [INFO] ADCParametersView:116 -        *      Rank 2 : false
2024-02-22 00:02:51,126 [INFO] ADCParametersView:116 -                Rank 1 : false
2024-02-22 00:02:51,126 [INFO] ADCParametersView:116 -        *      Rank 2 : false
2024-02-22 00:02:51,126 [INFO] ADCParametersView:116 -        *      Rank 2 : false
2024-02-22 00:02:51,161 [INFO] ADCParametersView:116 -                Rank 1 : false
2024-02-22 00:02:51,161 [INFO] ADCParametersView:116 -                Rank 1 : false
2024-02-22 00:02:51,161 [INFO] ADCParametersView:116 -                Rank 2 : false
2024-02-22 00:02:51,169 [INFO] SpinnerEditorADC:65 - is string kkkk
2024-02-22 00:02:55,163 [INFO] NvicIntPanel:101 - NVIC parent = com.st.microxplorer.plugins.ip.nvic.MultiNvicIntPanel[,0,0,0x0,invalid,layout=javax.swing.BoxLayout,alignmentX=0.0,alignmentY=0.0,border=,flags=9,maximumSize=,minimumSize=,preferredSize=]
2024-02-22 00:02:55,224 [INFO] ADCParametersView:116 -                Rank 1 : false
2024-02-22 00:02:55,224 [INFO] ADCParametersView:116 -                Rank 2 : false
2024-02-22 00:02:55,227 [INFO] ADCParametersView:116 -                Rank 1 : false
2024-02-22 00:02:55,228 [INFO] ADCParametersView:116 -                Rank 2 : false
2024-02-22 00:02:55,228 [INFO] ADCParametersView:116 -                Rank 1 : false
2024-02-22 00:02:55,228 [INFO] ADCParametersView:116 -                Rank 2 : false
2024-02-22 00:02:55,228 [INFO] ADCParametersView:116 -                Rank 1 : false
2024-02-22 00:02:55,228 [INFO] ADCParametersView:116 -                Rank 2 : false
2024-02-22 00:02:55,228 [INFO] ADCParametersView:116 -                Rank 1 : false
2024-02-22 00:02:55,228 [INFO] ADCParametersView:116 -                Rank 2 : false
2024-02-22 00:02:55,228 [INFO] ADCParametersView:116 -                Rank 1 : false
2024-02-22 00:02:55,229 [INFO] ADCParametersView:116 -                Rank 2 : false
2024-02-22 00:02:55,230 [INFO] ADCParametersView:116 -                Rank 1 : false
2024-02-22 00:02:55,230 [INFO] ADCParametersView:116 -                Rank 2 : false
2024-02-22 00:02:55,230 [INFO] ADCParametersView:116 -                Rank 1 : false
2024-02-22 00:02:55,230 [INFO] ADCParametersView:116 -                Rank 2 : false
2024-02-22 00:02:55,230 [INFO] ADCParametersView:116 -                Rank 1 : false
2024-02-22 00:02:55,230 [INFO] ADCParametersView:116 -                Rank 2 : false
2024-02-22 00:02:55,230 [INFO] ADCParametersView:116 -                Rank 1 : false
2024-02-22 00:02:55,230 [INFO] ADCParametersView:116 -                Rank 2 : false
2024-02-22 00:02:55,231 [INFO] ADCParametersView:116 -                Rank 1 : false
2024-02-22 00:02:55,231 [INFO] ADCParametersView:116 -                Rank 2 : false
2024-02-22 00:02:55,231 [INFO] ADCParametersView:116 -                Rank 1 : false
2024-02-22 00:02:55,231 [INFO] ADCParametersView:116 -                Rank 2 : false
2024-02-22 00:02:55,231 [INFO] ADCParametersView:116 -                Rank 1 : false
2024-02-22 00:02:55,231 [INFO] ADCParametersView:116 -                Rank 2 : false
2024-02-22 00:02:55,231 [INFO] ADCParametersView:116 -                Rank 1 : false
2024-02-22 00:02:55,232 [INFO] ADCParametersView:116 -                Rank 2 : false
2024-02-22 00:02:55,232 [INFO] ADCParametersView:116 -                Rank 2 : false
2024-02-22 00:02:55,258 [INFO] ADCParametersView:116 -                Rank 1 : false
2024-02-22 00:18:00,449 [INFO] ADCParametersView:116 -                Rank 1 : false
2024-02-22 00:18:00,451 [INFO] ADCParametersView:116 -                Rank 1 : false
2024-02-22 00:18:00,451 [INFO] ADCParametersView:116 -                Rank 1 : false
2024-02-22 00:18:00,451 [INFO] ADCParametersView:116 -                Rank 1 : false
2024-02-22 00:18:00,451 [INFO] ADCParametersView:116 -                Rank 1 : false
2024-02-22 00:18:00,452 [INFO] ADCParametersView:116 -                Rank 1 : false
2024-02-22 00:18:00,452 [INFO] ADCParametersView:116 -                Rank 1 : false
2024-02-22 00:18:00,452 [INFO] ADCParametersView:116 -                Rank 1 : false
2024-02-22 00:18:00,452 [INFO] ADCParametersView:116 -                Rank 1 : false
2024-02-22 00:18:00,452 [INFO] ADCParametersView:116 -                Rank 1 : false
2024-02-22 00:18:00,452 [INFO] ADCParametersView:116 -                Rank 1 : false
2024-02-22 00:18:00,452 [INFO] ADCParametersView:116 -                Rank 1 : false
2024-02-22 00:18:00,452 [INFO] ADCParametersView:116 -                Rank 1 : false
2024-02-22 00:18:00,452 [INFO] ADCParametersView:116 -                Rank 1 : false
2024-02-22 00:18:00,480 [INFO] ADCParametersView:116 -                Rank 1 : false
2024-02-22 00:18:00,515 [INFO] ADCParametersView:116 -                Rank 1 : false
2024-02-22 00:18:00,517 [INFO] ADCParametersView:116 -                Rank 1 : false
2024-02-22 00:18:00,517 [INFO] ADCParametersView:116 -                Rank 1 : false
2024-02-22 00:18:00,517 [INFO] ADCParametersView:116 -                Rank 1 : false
2024-02-22 00:18:00,517 [INFO] ADCParametersView:116 -                Rank 1 : false
2024-02-22 00:18:00,517 [INFO] ADCParametersView:116 -                Rank 1 : false
2024-02-22 00:18:00,517 [INFO] ADCParametersView:116 -                Rank 1 : false
2024-02-22 00:18:00,517 [INFO] ADCParametersView:116 -                Rank 1 : false
2024-02-22 00:18:00,517 [INFO] ADCParametersView:116 -                Rank 1 : false
2024-02-22 00:18:00,517 [INFO] ADCParametersView:116 -                Rank 1 : false
2024-02-22 00:18:00,517 [INFO] ADCParametersView:116 -                Rank 1 : false
2024-02-22 00:18:00,517 [INFO] ADCParametersView:116 -                Rank 1 : false
2024-02-22 00:18:00,517 [INFO] ADCParametersView:116 -                Rank 1 : false
2024-02-22 00:18:00,517 [INFO] ADCParametersView:116 -                Rank 1 : false
2024-02-22 00:18:00,545 [INFO] ADCParametersView:116 -                Rank 1 : false
2024-02-22 00:18:21,671 [INFO] ParamManager:896 - [Generic UI] PropertyChangeEvent: TAB_STATUS_CHANGED , "dont care", "never mind"
2024-02-22 00:18:21,678 [INFO] ADCParametersView:116 -                Rank 1 : false
2024-02-22 00:18:21,680 [INFO] ADCParametersView:116 -                Rank 1 : false
2024-02-22 00:18:21,680 [INFO] ADCParametersView:116 -                Rank 1 : false
2024-02-22 00:18:21,680 [INFO] ADCParametersView:116 -                Rank 1 : false
2024-02-22 00:18:21,680 [INFO] ADCParametersView:116 -                Rank 1 : false
2024-02-22 00:18:21,680 [INFO] ADCParametersView:116 -                Rank 1 : false
2024-02-22 00:18:21,680 [INFO] ADCParametersView:116 -                Rank 1 : false
2024-02-22 00:18:21,680 [INFO] ADCParametersView:116 -                Rank 1 : false
2024-02-22 00:18:21,680 [INFO] ADCParametersView:116 -                Rank 1 : false
2024-02-22 00:18:21,680 [INFO] ADCParametersView:116 -                Rank 1 : false
2024-02-22 00:18:21,680 [INFO] ADCParametersView:116 -                Rank 1 : false
2024-02-22 00:18:21,680 [INFO] ADCParametersView:116 -                Rank 1 : false
2024-02-22 00:18:21,680 [INFO] ADCParametersView:116 -                Rank 1 : false
2024-02-22 00:18:21,680 [INFO] ADCParametersView:116 -                Rank 1 : false
2024-02-22 00:18:21,692 [INFO] ParamManager:896 - [Generic UI] PropertyChangeEvent: TAB_STATUS_CHANGED , "dont care", "never mind"
2024-02-22 00:18:21,700 [INFO] ADCParametersView:116 -                Rank 1 : false
2024-02-22 00:18:21,723 [INFO] ADCParametersView:116 -                Rank 1 : false
2024-02-22 00:18:21,724 [INFO] ADCParametersView:116 -                Rank 1 : false
2024-02-22 00:18:21,724 [INFO] ADCParametersView:116 -                Rank 1 : false
2024-02-22 00:18:21,724 [INFO] ADCParametersView:116 -                Rank 1 : false
2024-02-22 00:18:21,725 [INFO] ADCParametersView:116 -                Rank 1 : false
2024-02-22 00:18:21,725 [INFO] ADCParametersView:116 -                Rank 1 : false
2024-02-22 00:18:21,725 [INFO] ADCParametersView:116 -                Rank 1 : false
2024-02-22 00:18:21,725 [INFO] ADCParametersView:116 -                Rank 1 : false
2024-02-22 00:18:21,725 [INFO] ADCParametersView:116 -                Rank 1 : false
2024-02-22 00:18:21,725 [INFO] ADCParametersView:116 -                Rank 1 : false
2024-02-22 00:18:21,725 [INFO] ADCParametersView:116 -                Rank 1 : false
2024-02-22 00:18:21,725 [INFO] ADCParametersView:116 -                Rank 1 : false
2024-02-22 00:18:21,725 [INFO] ADCParametersView:116 -                Rank 1 : false
2024-02-22 00:18:21,725 [INFO] ADCParametersView:116 -                Rank 1 : false
2024-02-22 00:18:21,735 [INFO] ADCParametersView:116 -                Rank 1 : false
2024-02-22 00:18:21,851 [INFO] NvicIntPanel:101 - NVIC parent = com.st.microxplorer.plugins.ip.nvic.MultiNvicIntPanel[,0,0,0x0,invalid,layout=javax.swing.BoxLayout,alignmentX=0.0,alignmentY=0.0,border=,flags=9,maximumSize=,minimumSize=,preferredSize=]
2024-02-22 00:18:21,990 [INFO] NvicIntPanel:101 - NVIC parent = com.st.microxplorer.plugins.ip.nvic.MultiNvicIntPanel[,0,0,0x0,invalid,layout=javax.swing.BoxLayout,alignmentX=0.0,alignmentY=0.0,border=,flags=9,maximumSize=,minimumSize=,preferredSize=]
2024-02-22 00:18:22,077 [INFO] ADCParametersView:116 -                Rank 1 : false
2024-02-22 00:18:22,079 [INFO] ADCParametersView:116 -                Rank 1 : false
2024-02-22 00:18:22,079 [INFO] ADCParametersView:116 -                Rank 1 : false
2024-02-22 00:18:22,079 [INFO] ADCParametersView:116 -                Rank 1 : false
2024-02-22 00:18:22,079 [INFO] ADCParametersView:116 -                Rank 1 : false
2024-02-22 00:18:22,080 [INFO] ADCParametersView:116 -                Rank 1 : false
2024-02-22 00:18:22,080 [INFO] ADCParametersView:116 -                Rank 1 : false
2024-02-22 00:18:22,080 [INFO] ADCParametersView:116 -                Rank 1 : false
2024-02-22 00:18:22,080 [INFO] ADCParametersView:116 -                Rank 1 : false
2024-02-22 00:18:22,080 [INFO] ADCParametersView:116 -                Rank 1 : false
2024-02-22 00:18:22,080 [INFO] ADCParametersView:116 -                Rank 1 : false
2024-02-22 00:18:22,081 [INFO] ADCParametersView:116 -                Rank 1 : false
2024-02-22 00:18:22,081 [INFO] ADCParametersView:116 -                Rank 1 : false
2024-02-22 00:18:22,081 [INFO] ADCParametersView:116 -                Rank 1 : false
2024-02-22 00:18:22,104 [INFO] ADCParametersView:116 -                Rank 1 : false
2024-02-22 00:18:22,139 [INFO] ADCParametersView:116 -                Rank 1 : false
2024-02-22 00:18:22,141 [INFO] ADCParametersView:116 -                Rank 1 : false
2024-02-22 00:18:22,141 [INFO] ADCParametersView:116 -                Rank 1 : false
2024-02-22 00:18:22,141 [INFO] ADCParametersView:116 -                Rank 1 : false
2024-02-22 00:18:22,141 [INFO] ADCParametersView:116 -                Rank 1 : false
2024-02-22 00:18:22,141 [INFO] ADCParametersView:116 -                Rank 1 : false
2024-02-22 00:18:22,141 [INFO] ADCParametersView:116 -                Rank 1 : false
2024-02-22 00:18:22,141 [INFO] ADCParametersView:116 -                Rank 1 : false
2024-02-22 00:18:22,141 [INFO] ADCParametersView:116 -                Rank 1 : false
2024-02-22 00:18:22,141 [INFO] ADCParametersView:116 -                Rank 1 : false
2024-02-22 00:18:22,141 [INFO] ADCParametersView:116 -                Rank 1 : false
2024-02-22 00:18:22,141 [INFO] ADCParametersView:116 -                Rank 1 : false
2024-02-22 00:18:22,142 [INFO] ADCParametersView:116 -                Rank 1 : false
2024-02-22 00:18:22,142 [INFO] ADCParametersView:116 -                Rank 1 : false
2024-02-22 00:18:22,175 [INFO] ADCParametersView:116 -                Rank 1 : false
2024-02-22 00:18:34,281 [INFO] ADCParametersView:116 -                Rank 1 : false
2024-02-22 00:18:34,283 [INFO] ADCParametersView:116 -                Rank 1 : false
2024-02-22 00:18:34,283 [INFO] ADCParametersView:116 -                Rank 1 : false
2024-02-22 00:18:34,283 [INFO] ADCParametersView:116 -                Rank 1 : false
2024-02-22 00:18:34,283 [INFO] ADCParametersView:116 -                Rank 1 : false
2024-02-22 00:18:34,283 [INFO] ADCParametersView:116 -                Rank 1 : false
2024-02-22 00:18:34,283 [INFO] ADCParametersView:116 -                Rank 1 : false
2024-02-22 00:18:34,283 [INFO] ADCParametersView:116 -                Rank 1 : false
2024-02-22 00:18:34,283 [INFO] ADCParametersView:116 -                Rank 1 : false
2024-02-22 00:18:34,283 [INFO] ADCParametersView:116 -                Rank 1 : false
2024-02-22 00:18:34,283 [INFO] ADCParametersView:116 -                Rank 1 : false
2024-02-22 00:18:34,284 [INFO] ADCParametersView:116 -                Rank 1 : false
2024-02-22 00:18:34,284 [INFO] ADCParametersView:116 -                Rank 1 : false
2024-02-22 00:18:34,284 [INFO] ADCParametersView:116 -                Rank 1 : false
2024-02-22 00:18:34,313 [INFO] ADCParametersView:116 -                Rank 1 : false
2024-02-22 00:18:34,349 [INFO] ADCParametersView:116 -                Rank 1 : false
2024-02-22 00:18:34,351 [INFO] ADCParametersView:116 -                Rank 1 : false
2024-02-22 00:18:34,351 [INFO] ADCParametersView:116 -                Rank 1 : false
2024-02-22 00:18:34,351 [INFO] ADCParametersView:116 -                Rank 1 : false
2024-02-22 00:18:34,351 [INFO] ADCParametersView:116 -                Rank 1 : false
2024-02-22 00:18:34,351 [INFO] ADCParametersView:116 -                Rank 1 : false
2024-02-22 00:18:34,351 [INFO] ADCParametersView:116 -                Rank 1 : false
2024-02-22 00:18:34,351 [INFO] ADCParametersView:116 -                Rank 1 : false
2024-02-22 00:18:34,351 [INFO] ADCParametersView:116 -                Rank 1 : false
2024-02-22 00:18:34,351 [INFO] ADCParametersView:116 -                Rank 1 : false
2024-02-22 00:18:34,351 [INFO] ADCParametersView:116 -                Rank 1 : false
2024-02-22 00:18:34,351 [INFO] ADCParametersView:116 -                Rank 1 : false
2024-02-22 00:18:34,351 [INFO] ADCParametersView:116 -                Rank 1 : false
2024-02-22 00:18:34,351 [INFO] ADCParametersView:116 -                Rank 1 : false
2024-02-22 00:18:34,376 [INFO] ADCParametersView:116 -                Rank 1 : false
2024-02-22 00:18:34,587 [INFO] ADCParametersView:116 -                Rank 1 : false
2024-02-22 00:18:34,590 [INFO] ADCParametersView:116 -                Rank 1 : false
2024-02-22 00:18:34,590 [INFO] ADCParametersView:116 -                Rank 1 : false
2024-02-22 00:18:34,590 [INFO] ADCParametersView:116 -                Rank 1 : false
2024-02-22 00:18:34,590 [INFO] ADCParametersView:116 -                Rank 1 : false
2024-02-22 00:18:34,590 [INFO] ADCParametersView:116 -                Rank 1 : false
2024-02-22 00:18:34,590 [INFO] ADCParametersView:116 -                Rank 1 : false
2024-02-22 00:18:34,590 [INFO] ADCParametersView:116 -                Rank 1 : false
2024-02-22 00:18:34,590 [INFO] ADCParametersView:116 -                Rank 1 : false
2024-02-22 00:18:34,590 [INFO] ADCParametersView:116 -                Rank 1 : false
2024-02-22 00:18:34,590 [INFO] ADCParametersView:116 -                Rank 1 : false
2024-02-22 00:18:34,590 [INFO] ADCParametersView:116 -                Rank 1 : false
2024-02-22 00:18:34,590 [INFO] ADCParametersView:116 -                Rank 1 : false
2024-02-22 00:18:34,591 [INFO] ADCParametersView:116 -                Rank 1 : false
2024-02-22 00:18:34,615 [INFO] ADCParametersView:116 -                Rank 1 : false
2024-02-22 00:18:34,657 [INFO] ADCParametersView:116 -                Rank 1 : false
2024-02-22 00:18:34,659 [INFO] ADCParametersView:116 -                Rank 1 : false
2024-02-22 00:18:34,659 [INFO] ADCParametersView:116 -                Rank 1 : false
2024-02-22 00:18:34,659 [INFO] ADCParametersView:116 -                Rank 1 : false
2024-02-22 00:18:34,659 [INFO] ADCParametersView:116 -                Rank 1 : false
2024-02-22 00:18:34,659 [INFO] ADCParametersView:116 -                Rank 1 : false
2024-02-22 00:18:34,659 [INFO] ADCParametersView:116 -                Rank 1 : false
2024-02-22 00:18:34,659 [INFO] ADCParametersView:116 -                Rank 1 : false
2024-02-22 00:18:34,659 [INFO] ADCParametersView:116 -                Rank 1 : false
2024-02-22 00:18:34,659 [INFO] ADCParametersView:116 -                Rank 1 : false
2024-02-22 00:18:34,660 [INFO] ADCParametersView:116 -                Rank 1 : false
2024-02-22 00:18:34,660 [INFO] ADCParametersView:116 -                Rank 1 : false
2024-02-22 00:18:34,660 [INFO] ADCParametersView:116 -                Rank 1 : false
2024-02-22 00:18:34,660 [INFO] ADCParametersView:116 -                Rank 1 : false
2024-02-22 00:18:34,683 [INFO] ADCParametersView:116 -                Rank 1 : false
2024-02-22 00:23:44,121 [INFO] ADCParametersView:116 -                Rank 1 : false
2024-02-22 00:23:44,123 [INFO] ADCParametersView:116 -                Rank 1 : false
2024-02-22 00:23:44,123 [INFO] ADCParametersView:116 -                Rank 1 : false
2024-02-22 00:23:44,123 [INFO] ADCParametersView:116 -                Rank 1 : false
2024-02-22 00:23:44,123 [INFO] ADCParametersView:116 -                Rank 1 : false
2024-02-22 00:23:44,123 [INFO] ADCParametersView:116 -                Rank 1 : false
2024-02-22 00:23:44,124 [INFO] ADCParametersView:116 -                Rank 1 : false
2024-02-22 00:23:44,124 [INFO] ADCParametersView:116 -                Rank 1 : false
2024-02-22 00:23:44,124 [INFO] ADCParametersView:116 -                Rank 1 : false
2024-02-22 00:23:44,124 [INFO] ADCParametersView:116 -                Rank 1 : false
2024-02-22 00:23:44,124 [INFO] ADCParametersView:116 -                Rank 1 : false
2024-02-22 00:23:44,124 [INFO] ADCParametersView:116 -                Rank 1 : false
2024-02-22 00:23:44,124 [INFO] ADCParametersView:116 -                Rank 1 : false
2024-02-22 00:23:44,124 [INFO] ADCParametersView:116 -                Rank 1 : false
2024-02-22 00:23:44,147 [INFO] ADCParametersView:116 -                Rank 1 : false
2024-02-22 00:23:44,192 [INFO] ADCParametersView:116 -                Rank 1 : false
2024-02-22 00:23:44,194 [INFO] ADCParametersView:116 -                Rank 1 : false
2024-02-22 00:23:44,194 [INFO] ADCParametersView:116 -                Rank 1 : false
2024-02-22 00:23:44,194 [INFO] ADCParametersView:116 -                Rank 1 : false
2024-02-22 00:23:44,194 [INFO] ADCParametersView:116 -                Rank 1 : false
2024-02-22 00:23:44,194 [INFO] ADCParametersView:116 -                Rank 1 : false
2024-02-22 00:23:44,195 [INFO] ADCParametersView:116 -                Rank 1 : false
2024-02-22 00:23:44,195 [INFO] ADCParametersView:116 -                Rank 1 : false
2024-02-22 00:23:44,195 [INFO] ADCParametersView:116 -                Rank 1 : false
2024-02-22 00:23:44,195 [INFO] ADCParametersView:116 -                Rank 1 : false
2024-02-22 00:23:44,195 [INFO] ADCParametersView:116 -                Rank 1 : false
2024-02-22 00:23:44,195 [INFO] ADCParametersView:116 -                Rank 1 : false
2024-02-22 00:23:44,195 [INFO] ADCParametersView:116 -                Rank 1 : false
2024-02-22 00:23:44,195 [INFO] ADCParametersView:116 -                Rank 1 : false
2024-02-22 00:23:44,225 [INFO] ADCParametersView:116 -                Rank 1 : false
2024-02-22 00:25:25,173 [INFO] NvicIntPanel:101 - NVIC parent = com.st.microxplorer.plugins.ip.nvic.MultiNvicIntPanel[,0,0,0x0,invalid,layout=javax.swing.BoxLayout,alignmentX=0.0,alignmentY=0.0,border=,flags=9,maximumSize=,minimumSize=,preferredSize=]
2024-02-22 00:25:25,239 [INFO] ADCParametersView:116 -                Rank 1 : false
2024-02-22 00:25:25,242 [INFO] ADCParametersView:116 -                Rank 1 : false
2024-02-22 00:25:25,242 [INFO] ADCParametersView:116 -                Rank 1 : false
2024-02-22 00:25:25,243 [INFO] ADCParametersView:116 -                Rank 1 : false
2024-02-22 00:25:25,243 [INFO] ADCParametersView:116 -                Rank 1 : false
2024-02-22 00:25:25,243 [INFO] ADCParametersView:116 -                Rank 1 : false
2024-02-22 00:25:25,243 [INFO] ADCParametersView:116 -                Rank 1 : false
2024-02-22 00:25:25,243 [INFO] ADCParametersView:116 -                Rank 1 : false
2024-02-22 00:25:25,243 [INFO] ADCParametersView:116 -                Rank 1 : false
2024-02-22 00:25:25,243 [INFO] ADCParametersView:116 -                Rank 1 : false
2024-02-22 00:25:25,243 [INFO] ADCParametersView:116 -                Rank 1 : false
2024-02-22 00:25:25,243 [INFO] ADCParametersView:116 -                Rank 1 : false
2024-02-22 00:25:25,243 [INFO] ADCParametersView:116 -                Rank 1 : false
2024-02-22 00:25:25,243 [INFO] ADCParametersView:116 -                Rank 1 : false
2024-02-22 00:25:25,270 [INFO] ADCParametersView:116 -                Rank 1 : false
2024-02-22 00:25:37,392 [INFO] NvicIntPanel:101 - NVIC parent = com.st.microxplorer.plugins.ip.nvic.MultiNvicIntPanel[,0,0,0x0,invalid,layout=javax.swing.BoxLayout,alignmentX=0.0,alignmentY=0.0,border=,flags=9,maximumSize=,minimumSize=,preferredSize=]
2024-02-22 00:25:37,451 [INFO] ADCParametersView:116 -                Rank 1 : false
2024-02-22 00:25:37,454 [INFO] ADCParametersView:116 -                Rank 1 : false
2024-02-22 00:25:37,454 [INFO] ADCParametersView:116 -                Rank 1 : false
2024-02-22 00:25:37,454 [INFO] ADCParametersView:116 -                Rank 1 : false
2024-02-22 00:25:37,454 [INFO] ADCParametersView:116 -                Rank 1 : false
2024-02-22 00:25:37,454 [INFO] ADCParametersView:116 -                Rank 1 : false
2024-02-22 00:25:37,454 [INFO] ADCParametersView:116 -                Rank 1 : false
2024-02-22 00:25:37,454 [INFO] ADCParametersView:116 -                Rank 1 : false
2024-02-22 00:25:37,454 [INFO] ADCParametersView:116 -                Rank 1 : false
2024-02-22 00:25:37,455 [INFO] ADCParametersView:116 -                Rank 1 : false
2024-02-22 00:25:37,455 [INFO] ADCParametersView:116 -                Rank 1 : false
2024-02-22 00:25:37,455 [INFO] ADCParametersView:116 -                Rank 1 : false
2024-02-22 00:25:37,455 [INFO] ADCParametersView:116 -                Rank 1 : false
2024-02-22 00:25:37,455 [INFO] ADCParametersView:116 -                Rank 1 : false
2024-02-22 00:25:37,488 [INFO] ADCParametersView:116 -                Rank 1 : false
2024-02-22 00:36:50,166 [INFO] SpinnerEditorADC:65 - is string kkkk
2024-02-22 00:36:51,155 [INFO] NvicIntPanel:101 - NVIC parent = com.st.microxplorer.plugins.ip.nvic.MultiNvicIntPanel[,0,0,0x0,invalid,layout=javax.swing.BoxLayout,alignmentX=0.0,alignmentY=0.0,border=,flags=9,maximumSize=,minimumSize=,preferredSize=]
2024-02-22 00:36:51,181 [INFO] ADCParametersView:116 -                Rank 1 : false
2024-02-22 00:36:51,182 [INFO] ADCParametersView:116 -                Rank 1 : false
2024-02-22 00:36:51,183 [INFO] ADCParametersView:116 -                Rank 1 : false
2024-02-22 00:36:51,183 [INFO] ADCParametersView:116 -                Rank 1 : false
2024-02-22 00:36:51,183 [INFO] ADCParametersView:116 -                Rank 1 : false
2024-02-22 00:36:51,183 [INFO] ADCParametersView:116 -                Rank 1 : false
2024-02-22 00:36:51,183 [INFO] ADCParametersView:116 -                Rank 1 : false
2024-02-22 00:36:51,183 [INFO] ADCParametersView:116 -                Rank 1 : false
2024-02-22 00:36:51,183 [INFO] ADCParametersView:116 -                Rank 1 : false
2024-02-22 00:36:51,183 [INFO] ADCParametersView:116 -                Rank 1 : false
2024-02-22 00:36:51,183 [INFO] ADCParametersView:116 -                Rank 1 : false
2024-02-22 00:36:51,183 [INFO] ADCParametersView:116 -                Rank 1 : false
2024-02-22 00:36:51,183 [INFO] ADCParametersView:116 -                Rank 1 : false
2024-02-22 00:36:51,183 [INFO] ADCParametersView:116 -                Rank 1 : false
2024-02-22 00:36:51,194 [INFO] ADCParametersView:116 -                Rank 1 : false
2024-02-22 00:38:05,381 [INFO] UtilMem:75 - End SaveConfig() Used Memory: 313481128 Bytes (650117120)
2024-02-22 00:38:12,169 [INFO] UtilMem:75 - End SaveConfig() Used Memory: 211645888 Bytes (650117120)
2024-02-22 00:38:12,325 [INFO] UtilMem:75 - End SaveConfig() Used Memory: 261615128 Bytes (650117120)
2024-02-22 00:38:12,633 [INFO] BlockDiagram:2759 - set Specific Code input for plugin: NVIC
2024-02-22 00:38:12,634 [INFO] BlockDiagram:2759 - set Specific Code input for plugin: USART
2024-02-22 00:38:12,634 [INFO] BlockDiagram:2759 - set Specific Code input for plugin: SYS
2024-02-22 00:38:12,634 [INFO] BlockDiagram:2759 - set Specific Code input for plugin: GPIO
2024-02-22 00:38:12,634 [INFO] BlockDiagram:2759 - set Specific Code input for plugin: ADC
2024-02-22 00:38:12,634 [INFO] BlockDiagram:2759 - set Specific Code input for plugin: RCC
2024-02-22 00:38:12,647 [INFO] CodeGenerator:807 - code generatio: config db path: C:\ST\STM32CubeIDE_1.14.0\STM32CubeIDE\plugins\com.st.stm32cube.common.mx_6.10.0.202311202037\\db\
2024-02-22 00:38:13,031 [INFO] CodeEngine:255 - oldGeneratedFile, E:\Sexto_sem\MCU_avanzados\Scanner_pixeles\MXTmpFiles\license.tmp_save
2024-02-22 00:38:13,514 [INFO] CodeEngine:279 - Generated code: E:\Sexto_sem\MCU_avanzados\Scanner_pixeles\MXTmpFiles\license.tmp
2024-02-22 00:38:13,729 [INFO] CodeEngine:255 - oldGeneratedFile, E:\Sexto_sem\MCU_avanzados\Scanner_pixeles\MXTmpFiles\gpio.tmp_save
2024-02-22 00:38:13,927 [INFO] CodeEngine:279 - Generated code: E:\Sexto_sem\MCU_avanzados\Scanner_pixeles\MXTmpFiles\gpio.tmp
2024-02-22 00:38:14,246 [INFO] CodeEngine:255 - oldGeneratedFile, E:\Sexto_sem\MCU_avanzados\Scanner_pixeles\Core\Src\stm32f4xx_it.c_save
2024-02-22 00:38:14,456 [INFO] CodeEngine:279 - Generated code: E:\Sexto_sem\MCU_avanzados\Scanner_pixeles\Core\Src\stm32f4xx_it.c
2024-02-22 00:38:14,546 [INFO] CodeEngine:255 - oldGeneratedFile, E:\Sexto_sem\MCU_avanzados\Scanner_pixeles\Core\Inc\stm32f4xx_it.h_save
2024-02-22 00:38:14,720 [INFO] CodeEngine:279 - Generated code: E:\Sexto_sem\MCU_avanzados\Scanner_pixeles\Core\Inc\stm32f4xx_it.h
2024-02-22 00:38:14,934 [INFO] CodeEngine:255 - oldGeneratedFile, E:\Sexto_sem\MCU_avanzados\Scanner_pixeles\Core\Src\stm32f4xx_hal_msp.c_save
2024-02-22 00:38:15,195 [INFO] CodeEngine:279 - Generated code: E:\Sexto_sem\MCU_avanzados\Scanner_pixeles\Core\Src\stm32f4xx_hal_msp.c
2024-02-22 00:38:16,823 [INFO] CodeEngine:255 - oldGeneratedFile, E:\Sexto_sem\MCU_avanzados\Scanner_pixeles\MXTmpFiles\system.tmp_save
2024-02-22 00:38:17,534 [INFO] CodeEngine:279 - Generated code: E:\Sexto_sem\MCU_avanzados\Scanner_pixeles\MXTmpFiles\system.tmp
2024-02-22 00:38:18,007 [INFO] CodeEngine:311 - oldGeneratedFile, E:\Sexto_sem\MCU_avanzados\Scanner_pixeles\Core\Inc\stm32f4xx_hal_conf.h_save
2024-02-22 00:38:18,325 [INFO] CodeEngine:335 - Generated code: E:\Sexto_sem\MCU_avanzados\Scanner_pixeles\Core\Inc\stm32f4xx_hal_conf.h
2024-02-22 00:38:18,665 [INFO] CodeEngine:255 - oldGeneratedFile, E:\Sexto_sem\MCU_avanzados\Scanner_pixeles\Core\Inc\main.h_save
2024-02-22 00:38:18,874 [INFO] CodeEngine:279 - Generated code: E:\Sexto_sem\MCU_avanzados\Scanner_pixeles\Core\Inc\main.h
2024-02-22 00:38:18,985 [INFO] CodeEngine:255 - oldGeneratedFile, E:\Sexto_sem\MCU_avanzados\Scanner_pixeles\Core\Src\main.c_save
2024-02-22 00:38:19,310 [INFO] CodeEngine:279 - Generated code: E:\Sexto_sem\MCU_avanzados\Scanner_pixeles\Core\Src\main.c
2024-02-22 00:38:27,280 [INFO] ProjectBuilder:3076 - Time for Copy HAL[1] : 7437mS.
2024-02-22 00:38:27,287 [INFO] ProjectBuilder:4485 - Project Generator version: 4.2.0-B44
2024-02-22 00:38:27,558 [INFO] ConfigFileManager:1495 - The Die is : DIE431
2024-02-22 00:38:27,585 [INFO] ApiDbMcu:508 - Load IP Config File for FATFS
2024-02-22 00:38:27,619 [INFO] ApiDbMcu:508 - Load IP Config File for FREERTOS
2024-02-22 00:38:27,630 [INFO] ApiDbMcu:508 - Load IP Config File for LIBJPEG
2024-02-22 00:38:27,671 [INFO] ApiDbMcu:508 - Load IP Config File for MBEDTLS
2024-02-22 00:38:27,712 [INFO] ApiDbMcu:508 - Load IP Config File for USB_DEVICE
2024-02-22 00:38:27,732 [INFO] ApiDbMcu:508 - Load IP Config File for USB_HOST
