2024-02-23 00:08:07,863 [INFO] Gpio:277 - dependency for GPIO [ADC1, RCC, SYS, USART1]
2024-02-23 00:08:09,214 [INFO] Gpio:277 - dependency for GPIO [ADC1, RCC, SYS, USART1]
2024-02-23 00:08:15,509 [INFO] Gpio:277 - dependency for GPIO [ADC1, RCC, SYS, USART1]
2024-02-23 00:08:15,632 [INFO] Gpio:277 - dependency for GPIO [ADC1, RCC, SYS, USART1]
2024-02-23 00:08:46,983 [INFO] UtilMem:75 - End SaveConfig() Used Memory: 283348320 Bytes (859832320)
2024-02-23 00:08:49,027 [INFO] UtilMem:75 - End SaveConfig() Used Memory: 315206728 Bytes (859832320)
2024-02-23 00:08:49,229 [INFO] UtilMem:75 - End SaveConfig() Used Memory: 361392104 Bytes (859832320)
2024-02-23 00:08:49,413 [INFO] BlockDiagram:2759 - set Specific Code input for plugin: NVIC
2024-02-23 00:08:49,413 [INFO] BlockDiagram:2759 - set Specific Code input for plugin: USART
2024-02-23 00:08:49,413 [INFO] BlockDiagram:2759 - set Specific Code input for plugin: SYS
2024-02-23 00:08:49,413 [INFO] BlockDiagram:2759 - set Specific Code input for plugin: GPIO
2024-02-23 00:08:49,413 [INFO] BlockDiagram:2759 - set Specific Code input for plugin: ADC
2024-02-23 00:08:49,413 [INFO] BlockDiagram:2759 - set Specific Code input for plugin: RCC
2024-02-23 00:08:49,428 [INFO] CodeGenerator:807 - code generatio: config db path: C:\ST\STM32CubeIDE_1.14.0\STM32CubeIDE\plugins\com.st.stm32cube.common.mx_6.10.0.202311202037\\db\
2024-02-23 00:08:49,673 [INFO] CodeEngine:255 - oldGeneratedFile, E:\Sexto_sem\MCU_avanzados\Scanner_pixeles\MXTmpFiles\license.tmp_save
2024-02-23 00:08:49,815 [INFO] CodeEngine:279 - Generated code: E:\Sexto_sem\MCU_avanzados\Scanner_pixeles\MXTmpFiles\license.tmp
2024-02-23 00:08:50,011 [INFO] CodeEngine:255 - oldGeneratedFile, E:\Sexto_sem\MCU_avanzados\Scanner_pixeles\MXTmpFiles\gpio.tmp_save
2024-02-23 00:08:51,556 [INFO] CodeEngine:279 - Generated code: E:\Sexto_sem\MCU_avanzados\Scanner_pixeles\MXTmpFiles\gpio.tmp
2024-02-23 00:08:54,202 [INFO] CodeEngine:255 - oldGeneratedFile, E:\Sexto_sem\MCU_avanzados\Scanner_pixeles\Core\Src\stm32f4xx_it.c_save
2024-02-23 00:08:54,379 [INFO] CodeEngine:279 - Generated code: E:\Sexto_sem\MCU_avanzados\Scanner_pixeles\Core\Src\stm32f4xx_it.c
2024-02-23 00:08:54,503 [INFO] CodeEngine:255 - oldGeneratedFile, E:\Sexto_sem\MCU_avanzados\Scanner_pixeles\Core\Inc\stm32f4xx_it.h_save
2024-02-23 00:08:54,668 [INFO] CodeEngine:279 - Generated code: E:\Sexto_sem\MCU_avanzados\Scanner_pixeles\Core\Inc\stm32f4xx_it.h
2024-02-23 00:08:54,951 [INFO] CodeEngine:255 - oldGeneratedFile, E:\Sexto_sem\MCU_avanzados\Scanner_pixeles\Core\Src\stm32f4xx_hal_msp.c_save
2024-02-23 00:08:55,149 [INFO] CodeEngine:279 - Generated code: E:\Sexto_sem\MCU_avanzados\Scanner_pixeles\Core\Src\stm32f4xx_hal_msp.c
2024-02-23 00:08:55,222 [INFO] CodeEngine:255 - oldGeneratedFile, E:\Sexto_sem\MCU_avanzados\Scanner_pixeles\MXTmpFiles\system.tmp_save
2024-02-23 00:08:55,344 [INFO] CodeEngine:279 - Generated code: E:\Sexto_sem\MCU_avanzados\Scanner_pixeles\MXTmpFiles\system.tmp
2024-02-23 00:08:56,237 [INFO] CodeEngine:311 - oldGeneratedFile, E:\Sexto_sem\MCU_avanzados\Scanner_pixeles\Core\Inc\stm32f4xx_hal_conf.h_save
2024-02-23 00:08:56,502 [INFO] CodeEngine:335 - Generated code: E:\Sexto_sem\MCU_avanzados\Scanner_pixeles\Core\Inc\stm32f4xx_hal_conf.h
2024-02-23 00:08:56,805 [INFO] CodeEngine:255 - oldGeneratedFile, E:\Sexto_sem\MCU_avanzados\Scanner_pixeles\Core\Inc\main.h_save
2024-02-23 00:08:58,246 [INFO] CodeEngine:279 - Generated code: E:\Sexto_sem\MCU_avanzados\Scanner_pixeles\Core\Inc\main.h
2024-02-23 00:08:58,472 [INFO] CodeEngine:255 - oldGeneratedFile, E:\Sexto_sem\MCU_avanzados\Scanner_pixeles\Core\Src\main.c_save
2024-02-23 00:08:58,766 [INFO] CodeEngine:279 - Generated code: E:\Sexto_sem\MCU_avanzados\Scanner_pixeles\Core\Src\main.c
2024-02-23 00:09:07,722 [INFO] ProjectBuilder:3076 - Time for Copy HAL[1] : 8476mS.
2024-02-23 00:09:07,725 [INFO] ProjectBuilder:4485 - Project Generator version: 4.2.0-B44
2024-02-23 00:09:07,852 [INFO] ConfigFileManager:1495 - The Die is : DIE431
2024-02-23 00:09:17,083 [INFO] ProjectBuilder:4747 - Time for Generating toolchain IDE Files: 9358mS.
2024-02-23 00:09:17,129 [INFO] ProjectBuilder:2947 - Time for Copy CMSIS : 46mS.
2024-02-23 00:09:17,133 [INFO] ProjectBuilder:2947 - Time for Copy CMSIS : 0mS.
2024-02-23 00:09:56,602 [INFO] UtilMem:75 - End SaveConfig() Used Memory: 277424088 Bytes (1009778688)
2024-02-23 00:09:56,772 [INFO] BlockDiagram:2759 - set Specific Code input for plugin: NVIC
2024-02-23 00:09:56,772 [INFO] BlockDiagram:2759 - set Specific Code input for plugin: USART
2024-02-23 00:09:56,772 [INFO] BlockDiagram:2759 - set Specific Code input for plugin: SYS
2024-02-23 00:09:56,772 [INFO] BlockDiagram:2759 - set Specific Code input for plugin: GPIO
2024-02-23 00:09:56,772 [INFO] BlockDiagram:2759 - set Specific Code input for plugin: ADC
2024-02-23 00:09:56,772 [INFO] BlockDiagram:2759 - set Specific Code input for plugin: RCC
2024-02-23 00:09:56,786 [INFO] CodeGenerator:807 - code generatio: config db path: C:\ST\STM32CubeIDE_1.14.0\STM32CubeIDE\plugins\com.st.stm32cube.common.mx_6.10.0.202311202037\\db\
2024-02-23 00:09:57,014 [INFO] CodeEngine:255 - oldGeneratedFile, E:\Sexto_sem\MCU_avanzados\Scanner_pixeles\MXTmpFiles\license.tmp_save
2024-02-23 00:09:57,821 [INFO] CodeEngine:279 - Generated code: E:\Sexto_sem\MCU_avanzados\Scanner_pixeles\MXTmpFiles\license.tmp
2024-02-23 00:09:58,007 [INFO] CodeEngine:255 - oldGeneratedFile, E:\Sexto_sem\MCU_avanzados\Scanner_pixeles\MXTmpFiles\gpio.tmp_save
2024-02-23 00:09:58,129 [INFO] CodeEngine:279 - Generated code: E:\Sexto_sem\MCU_avanzados\Scanner_pixeles\MXTmpFiles\gpio.tmp
2024-02-23 00:09:58,386 [INFO] CodeEngine:255 - oldGeneratedFile, E:\Sexto_sem\MCU_avanzados\Scanner_pixeles\Core\Src\stm32f4xx_it.c_save
2024-02-23 00:09:58,558 [INFO] CodeEngine:279 - Generated code: E:\Sexto_sem\MCU_avanzados\Scanner_pixeles\Core\Src\stm32f4xx_it.c
2024-02-23 00:09:58,654 [INFO] CodeEngine:255 - oldGeneratedFile, E:\Sexto_sem\MCU_avanzados\Scanner_pixeles\Core\Inc\stm32f4xx_it.h_save
2024-02-23 00:09:58,817 [INFO] CodeEngine:279 - Generated code: E:\Sexto_sem\MCU_avanzados\Scanner_pixeles\Core\Inc\stm32f4xx_it.h
2024-02-23 00:09:59,128 [INFO] CodeEngine:255 - oldGeneratedFile, E:\Sexto_sem\MCU_avanzados\Scanner_pixeles\Core\Src\stm32f4xx_hal_msp.c_save
2024-02-23 00:09:59,312 [INFO] CodeEngine:279 - Generated code: E:\Sexto_sem\MCU_avanzados\Scanner_pixeles\Core\Src\stm32f4xx_hal_msp.c
2024-02-23 00:09:59,381 [INFO] CodeEngine:255 - oldGeneratedFile, E:\Sexto_sem\MCU_avanzados\Scanner_pixeles\MXTmpFiles\system.tmp_save
2024-02-23 00:09:59,508 [INFO] CodeEngine:279 - Generated code: E:\Sexto_sem\MCU_avanzados\Scanner_pixeles\MXTmpFiles\system.tmp
2024-02-23 00:09:59,716 [INFO] CodeEngine:311 - oldGeneratedFile, E:\Sexto_sem\MCU_avanzados\Scanner_pixeles\Core\Inc\stm32f4xx_hal_conf.h_save
2024-02-23 00:10:00,658 [INFO] CodeEngine:335 - Generated code: E:\Sexto_sem\MCU_avanzados\Scanner_pixeles\Core\Inc\stm32f4xx_hal_conf.h
2024-02-23 00:10:01,045 [INFO] CodeEngine:255 - oldGeneratedFile, E:\Sexto_sem\MCU_avanzados\Scanner_pixeles\Core\Inc\main.h_save
2024-02-23 00:10:02,449 [INFO] CodeEngine:279 - Generated code: E:\Sexto_sem\MCU_avanzados\Scanner_pixeles\Core\Inc\main.h
2024-02-23 00:10:02,624 [INFO] CodeEngine:255 - oldGeneratedFile, E:\Sexto_sem\MCU_avanzados\Scanner_pixeles\Core\Src\main.c_save
2024-02-23 00:10:02,927 [INFO] CodeEngine:279 - Generated code: E:\Sexto_sem\MCU_avanzados\Scanner_pixeles\Core\Src\main.c
2024-02-23 00:10:11,870 [INFO] ProjectBuilder:3076 - Time for Copy HAL[1] : 8494mS.
2024-02-23 00:10:11,873 [INFO] ProjectBuilder:4485 - Project Generator version: 4.2.0-B44
2024-02-23 00:10:12,000 [INFO] ConfigFileManager:1495 - The Die is : DIE431
2024-02-23 00:10:13,320 [INFO] ProjectBuilder:4747 - Time for Generating toolchain IDE Files: 1447mS.
2024-02-23 00:10:13,334 [INFO] ProjectBuilder:2947 - Time for Copy CMSIS : 13mS.
2024-02-23 00:10:13,338 [INFO] ProjectBuilder:2947 - Time for Copy CMSIS : 0mS.
2024-02-23 00:10:23,412 [INFO] UtilMem:75 - End SaveConfig() Used Memory: 303959024 Bytes (1035993088)
2024-02-23 00:10:24,289 [INFO] BlockDiagram:2759 - set Specific Code input for plugin: NVIC
2024-02-23 00:10:24,289 [INFO] BlockDiagram:2759 - set Specific Code input for plugin: USART
2024-02-23 00:10:24,289 [INFO] BlockDiagram:2759 - set Specific Code input for plugin: SYS
2024-02-23 00:10:24,289 [INFO] BlockDiagram:2759 - set Specific Code input for plugin: GPIO
2024-02-23 00:10:24,289 [INFO] BlockDiagram:2759 - set Specific Code input for plugin: ADC
2024-02-23 00:10:24,289 [INFO] BlockDiagram:2759 - set Specific Code input for plugin: RCC
2024-02-23 00:10:24,303 [INFO] CodeGenerator:807 - code generatio: config db path: C:\ST\STM32CubeIDE_1.14.0\STM32CubeIDE\plugins\com.st.stm32cube.common.mx_6.10.0.202311202037\\db\
2024-02-23 00:10:24,577 [INFO] CodeEngine:255 - oldGeneratedFile, E:\Sexto_sem\MCU_avanzados\Scanner_pixeles\MXTmpFiles\license.tmp_save
2024-02-23 00:10:24,715 [INFO] CodeEngine:279 - Generated code: E:\Sexto_sem\MCU_avanzados\Scanner_pixeles\MXTmpFiles\license.tmp
2024-02-23 00:10:24,896 [INFO] CodeEngine:255 - oldGeneratedFile, E:\Sexto_sem\MCU_avanzados\Scanner_pixeles\MXTmpFiles\gpio.tmp_save
2024-02-23 00:10:25,009 [INFO] CodeEngine:279 - Generated code: E:\Sexto_sem\MCU_avanzados\Scanner_pixeles\MXTmpFiles\gpio.tmp
2024-02-23 00:10:25,249 [INFO] CodeEngine:255 - oldGeneratedFile, E:\Sexto_sem\MCU_avanzados\Scanner_pixeles\Core\Src\stm32f4xx_it.c_save
2024-02-23 00:10:27,456 [INFO] CodeEngine:279 - Generated code: E:\Sexto_sem\MCU_avanzados\Scanner_pixeles\Core\Src\stm32f4xx_it.c
2024-02-23 00:10:28,202 [INFO] CodeEngine:255 - oldGeneratedFile, E:\Sexto_sem\MCU_avanzados\Scanner_pixeles\Core\Inc\stm32f4xx_it.h_save
2024-02-23 00:10:28,405 [INFO] CodeEngine:279 - Generated code: E:\Sexto_sem\MCU_avanzados\Scanner_pixeles\Core\Inc\stm32f4xx_it.h
2024-02-23 00:10:28,665 [INFO] CodeEngine:255 - oldGeneratedFile, E:\Sexto_sem\MCU_avanzados\Scanner_pixeles\Core\Src\stm32f4xx_hal_msp.c_save
2024-02-23 00:10:30,098 [INFO] CodeEngine:279 - Generated code: E:\Sexto_sem\MCU_avanzados\Scanner_pixeles\Core\Src\stm32f4xx_hal_msp.c
2024-02-23 00:10:30,164 [INFO] CodeEngine:255 - oldGeneratedFile, E:\Sexto_sem\MCU_avanzados\Scanner_pixeles\MXTmpFiles\system.tmp_save
2024-02-23 00:10:30,278 [INFO] CodeEngine:279 - Generated code: E:\Sexto_sem\MCU_avanzados\Scanner_pixeles\MXTmpFiles\system.tmp
2024-02-23 00:10:30,466 [INFO] CodeEngine:311 - oldGeneratedFile, E:\Sexto_sem\MCU_avanzados\Scanner_pixeles\Core\Inc\stm32f4xx_hal_conf.h_save
2024-02-23 00:10:30,750 [INFO] CodeEngine:335 - Generated code: E:\Sexto_sem\MCU_avanzados\Scanner_pixeles\Core\Inc\stm32f4xx_hal_conf.h
2024-02-23 00:10:31,037 [INFO] CodeEngine:255 - oldGeneratedFile, E:\Sexto_sem\MCU_avanzados\Scanner_pixeles\Core\Inc\main.h_save
2024-02-23 00:10:31,214 [INFO] CodeEngine:279 - Generated code: E:\Sexto_sem\MCU_avanzados\Scanner_pixeles\Core\Inc\main.h
2024-02-23 00:10:31,322 [INFO] CodeEngine:255 - oldGeneratedFile, E:\Sexto_sem\MCU_avanzados\Scanner_pixeles\Core\Src\main.c_save
2024-02-23 00:10:31,618 [INFO] CodeEngine:279 - Generated code: E:\Sexto_sem\MCU_avanzados\Scanner_pixeles\Core\Src\main.c
2024-02-23 00:10:40,555 [INFO] ProjectBuilder:3076 - Time for Copy HAL[1] : 8506mS.
2024-02-23 00:10:40,558 [INFO] ProjectBuilder:4485 - Project Generator version: 4.2.0-B44
2024-02-23 00:10:40,684 [INFO] ConfigFileManager:1495 - The Die is : DIE431
2024-02-23 00:10:43,498 [INFO] ProjectBuilder:4747 - Time for Generating toolchain IDE Files: 2940mS.
2024-02-23 00:10:43,511 [INFO] ProjectBuilder:2947 - Time for Copy CMSIS : 13mS.
2024-02-23 00:10:43,515 [INFO] ProjectBuilder:2947 - Time for Copy CMSIS : 0mS.
