2024-02-24 01:25:56,122 [INFO] McuFinderGlobals:63 - Set McuFinder mode to 2 (CubeIDE integrated)
2024-02-24 01:25:56,450 [INFO] MainUpdater:2873 - connection check result : 10
2024-02-24 01:25:56,858 [INFO] ApiDb:581 - Connected to CubeFinder SQLite database (C:\Users\adria\.stmcufinder\plugins\mcufinder\mcu\cube-finder-db.db)
2024-02-24 01:25:56,920 [INFO] ApiDb:668 - CubeFinder database Data Model version=2.1
2024-02-24 01:25:56,920 [INFO] ApiDb:669 - CubeFinder database Configuration version=3.0.39
2024-02-24 01:25:56,922 [INFO] ApiDb:670 - CubeFinder database generation date=2024-01-11 (1704964531)
2024-02-24 01:25:56,922 [INFO] ApiDb:671 - CubeFinder database FW Pack versions=[FP-ATR-ASTRA1_V2.0.0, FP-SNS-FLIGHT1_V5.0.1, FP-SNS-FLIGHT1_V5.0.2, FP-SNS-MOTENV1_V4.3.1, FP-SNS-MOTENV1_V4.3.2, FP-SNS-MOTENVWB1_V1.3.1, FP-SNS-SMARTAG2_V1.2.0, STM32Cube_FW_C0_V1.1.0, STM32Cube_FW_F4_V1.28.0, STM32Cube_FW_F7_V1.17.0, STM32Cube_FW_G0_V1.6.2, STM32Cube_FW_G4_V1.5.2, STM32Cube_FW_H5_V0.5.1, STM32Cube_FW_H5_V1.1.1, STM32Cube_FW_H5_V1.2.0RC2, STM32Cube_FW_H7_V1.11.0, STM32Cube_FW_L0_V1.12.2, STM32Cube_FW_L5_V1.5.0, STM32Cube_FW_U5_V1.3.0RC4, STM32Cube_FW_U5_V1.4.0, STM32Cube_FW_WBA_V1.0.0RC1, STM32Cube_FW_WBA_V1.1.0RC1, STM32Cube_FW_WBA_V1.2.0, STM32Cube_FW_WBA_V1.2.0RC2, STM32Cube_FW_WB_V1.15.0RC1, STM32Cube_FW_WB_V1.16.0, STM32Cube_FW_WB_V1.16.0RC2, STM32Cube_FW_WB_V1.18.0, STM32Cube_FW_WL_V1.3.0, X-CUBE-ALGOBUILD_V1.3.0, X-CUBE-ALS_V1.0.1, X-CUBE-AZRTOS-F4_V1.1.0, X-CUBE-AZRTOS-F7_V1.1.0, X-CUBE-AZRTOS-G0_V1.1.0, X-CUBE-AZRTOS-G4_V2.0.0, X-CUBE-AZRTOS-H7_V3.2.0, X-CUBE-AZRTOS-L4_V1.0.0, X-CUBE-AZRTOS-L4_V2.0.0, X-CUBE-AZRTOS-L5_V1.1.0, X-CUBE-AZRTOS-WB_V2.0.0, X-CUBE-AZRTOS-WL_V2.0.0, X-CUBE-BLE1_V7.0.0, X-CUBE-BLE2_V3.3.0, X-CUBE-BLEMGR_V3.0.0, X-CUBE-EEPRMA1_V4.1.0, X-CUBE-EEPRMA1_V4.2.0, X-CUBE-FREERTOS_V1.1.0, X-CUBE-GNSS1_V6.0.0, X-CUBE-MEMS1_V10.0.0, X-CUBE-MEMS1_V9.1.0, X-CUBE-MEMS1_V9.4.0, X-CUBE-MEMS1_V9.6.0, X-CUBE-NFC4_V3.0.0, X-CUBE-NFC7_V1.0.1, X-CUBE-SFXS2LP1_V4.0.0, X-CUBE-SUBG2_V5.0.0, X-CUBE-TOF1_V3.4.0]
2024-02-24 01:25:57,017 [INFO] DbBoardsSqlite:226 - include board P-NUCLEO-WB55-NUCLEO as a kit item of type 'Nucleo-64'
2024-02-24 01:25:57,017 [INFO] DbBoardsSqlite:226 - include board P-NUCLEO-WB55-USBDONGLE as a kit item of type 'Nucleo USB Dongle'
2024-02-24 01:25:57,018 [INFO] DbBoardsSqlite:226 - include board STEVAL-IDP005V1 as a kit item of type 'Evaluation Board'
2024-02-24 01:25:57,018 [INFO] DbBoardsSqlite:226 - include board STEVAL-IDP005V2 as a kit item of type 'Evaluation Board'
2024-02-24 01:25:57,310 [INFO] ApiDb:240 - Found 371 in-development CPN: [B-G473E-ZEST1S, B-WB1M-WPAN1, B-WL5M-SUBG1, NUCLEO-C031C6, NUCLEO-H503RB, NUCLEO-H563ZI, NUCLEO-U545RE-Q, NUCLEO-U5A5ZJ-Q, NUCLEO-WBA52CG, NUCLEO-WBA55CG, STEVAL-MKBOXPRO, STEVAL-PROTEUS1, STEVAL-STWINBX1, STM320518-EVAL, STM32C0116-DK, STM32C011D6Y3TR, STM32C011D6Y6TR, STM32C011F4P3, STM32C011F4P6, STM32C011F4U3, STM32C011F4U6TR, STM32C011F6P3, STM32C011F6P6, STM32C011F6U3, STM32C011F6U6TR, STM32C011J4M3, STM32C011J4M6, STM32C011J6M3, STM32C011J6M6, STM32C0316-DK, STM32C031C4T3, STM32C031C4T6, STM32C031C4U3, STM32C031C4U6, STM32C031C6T3, STM32C031C6T6, STM32C031C6U3, STM32C031C6U6, STM32C031F4P3, STM32C031F4P6, STM32C031F6P3, STM32C031F6P6, STM32C031G4U3, STM32C031G4U6, STM32C031G6U3, STM32C031G6U6, STM32C031K4T3, STM32C031K4T6, STM32C031K4U3, STM32C031K4U6, STM32C031K6T3, STM32C031K6T6, STM32C031K6U3, STM32C031K6U6, STM32G071K8TXN, STM32G071K8UXN, STM32G081GBU6N, STM32G081KBT6N, STM32G081KBUXN, STM32G0B1CCT6N, STM32G0B1KCT6, STM32G0B1NEY6TR, STM32G0B1RCT6N, STM32G0C1CCT6, STM32G0C1CCT6N, STM32G0C1CCU6N, STM32G0C1CET6N, STM32G0C1CEU6N, STM32G0C1KCT6, STM32G0C1NEY6TR, STM32G0C1RCI6N, STM32G0C1RCT6N, STM32G0C1REI6N, STM32G0C1RET6N, STM32G0C1VCI6, STM32G0C1VEI6, STM32G471CCT6, STM32G471CCU6, STM32G471CET3, STM32G471CET6, STM32G471CEU3, STM32G471CEU6, STM32G471MCT6, STM32G471MET3, STM32G471MET6, STM32G471MEY6TR, STM32G471QCT6, STM32G471QET3, STM32G471RCT6, STM32G471RET3, STM32G471RET6, STM32G471VCH6, STM32G471VCI6, STM32G471VCT6, STM32G471VEH3, STM32G471VEH6, STM32G471VEI3, STM32G471VEI6, STM32G471VET3, STM32G471VET6, STM32G474CCT6, STM32H503CBT6, STM32H503CBU6, STM32H503EBY6TR, STM32H503KBU6, STM32H503RBT6, STM32H562AGI6, STM32H562AII6, STM32H562IGK6, STM32H562IGT6, STM32H562IIK6, STM32H562IIT6, STM32H562RGT6, STM32H562RGV6, STM32H562RIT6, STM32H562RIV6, STM32H562VGT6, STM32H562VIT6, STM32H562ZGT6, STM32H562ZIT6, STM32H563AGI6, STM32H563AII3Q, STM32H563AII6, STM32H563IGK6, STM32H563IGT6, STM32H563IIK3Q, STM32H563IIK6, STM32H563IIT3Q, STM32H563IIT6, STM32H563MIY3QTR, STM32H563RGT6, STM32H563RGV6, STM32H563RIT6, STM32H563RIV6, STM32H563VGT6, STM32H563VIT3Q, STM32H563VIT6, STM32H563ZGT6, STM32H563ZIT3Q, STM32H563ZIT6, STM32H573AII3Q, STM32H573AII6, STM32H573I-DK, STM32H573IIK3Q, STM32H573IIK6, STM32H573IIT3Q, STM32H573IIT6, STM32H573MIY3QTR, STM32H573RIT6, STM32H573RIV6, STM32H573VIT3Q, STM32H573VIT6, STM32H573ZIT3Q, STM32H573ZIT6, STM32L4R5QGI6STR, STM32MP131AAE3, STM32MP131AAF3, STM32MP131AAG3, STM32MP131CAE3, STM32MP131CAF3, STM32MP131CAG3, STM32MP131DAE7, STM32MP131DAF7, STM32MP131DAG7, STM32MP131FAE7, STM32MP131FAF7, STM32MP131FAG7, STM32MP133AAE3, STM32MP133AAF3, STM32MP133AAG3, STM32MP133CAE3, STM32MP133CAF3, STM32MP133CAG3, STM32MP133DAE7, STM32MP133DAF7, STM32MP133DAG7, STM32MP133FAE7, STM32MP133FAF7, STM32MP133FAG7, STM32MP135AAE3, STM32MP135AAF3, STM32MP135AAG3, STM32MP135CAE3, STM32MP135CAF3, STM32MP135CAG3, STM32MP135DAE7, STM32MP135DAF7, STM32MP135DAG7, STM32MP135F-DK, STM32MP135FAE7, STM32MP135FAF7, STM32MP135FAF7T, STM32MP135FAF7U, STM32MP135FAG7, STM32U535CBT6, STM32U535CBT6Q, STM32U535CBU6, STM32U535CBU6Q, STM32U535CCT6, STM32U535CCT6Q, STM32U535CCU6, STM32U535CCU6Q, STM32U535CET6, STM32U535CET6Q, STM32U535CEU6, STM32U535CEU6Q, STM32U535JEY6QTR, STM32U535NCY6QTR, STM32U535NEY6QTR, STM32U535RBI6, STM32U535RBI6Q, STM32U535RBT6, STM32U535RBT6Q, STM32U535RCI6, STM32U535RCI6Q, STM32U535RCT6, STM32U535RCT6Q, STM32U535REI6, STM32U535REI6Q, STM32U535RET6, STM32U535RET6Q, STM32U535VCI6, STM32U535VCI6Q, STM32U535VCT6, STM32U535VCT6Q, STM32U535VEI6, STM32U535VEI6Q, STM32U535VET6, STM32U535VET6Q, STM32U545CET6, STM32U545CET6Q, STM32U545CEU6, STM32U545CEU6Q, STM32U545JEY6QTR, STM32U545NEY6QTR, STM32U545REI6, STM32U545REI6Q, STM32U545RET6, STM32U545RET6Q, STM32U545VEI6, STM32U545VEI6Q, STM32U545VET6, STM32U545VET6Q, STM32U595AIH6, STM32U595AIH6Q, STM32U595AJH6, STM32U595AJH6Q, STM32U595QII6, STM32U595QII6Q, STM32U595QJI6, STM32U595QJI6Q, STM32U595RIT6, STM32U595RIT6Q, STM32U595RJT6, STM32U595RJT6Q, STM32U595VIT6, STM32U595VIT6Q, STM32U595VJT6, STM32U595VJT6Q, STM32U595ZIT6, STM32U595ZIT6Q, STM32U595ZIY6QTR, STM32U595ZJT6, STM32U595ZJT6Q, STM32U595ZJY6QTR, STM32U599BJY6QTR, STM32U599NIH6Q, STM32U599NJH6Q, STM32U599VIT6Q, STM32U599VJT6, STM32U599VJT6Q, STM32U599ZIT6Q, STM32U599ZIY6QTR, STM32U599ZJT6Q, STM32U599ZJY6QTR, STM32U5A5AJH6, STM32U5A5AJH6Q, STM32U5A5QJI6, STM32U5A5QJI6Q, STM32U5A5RJT6, STM32U5A5RJT6Q, STM32U5A5VJT6, STM32U5A5VJT6Q, STM32U5A5ZJT6, STM32U5A5ZJT6Q, STM32U5A5ZJY6QTR, STM32U5A9BJY6QTR, STM32U5A9J-DK, STM32U5A9NJH6Q, STM32U5A9VJT6Q, STM32U5A9ZJT6Q, STM32U5A9ZJY6QTR, STM32U5F7VIT6, STM32U5F7VIT6Q, STM32U5F7VJT6, STM32U5F7VJT6Q, STM32U5F9BJY6QTR, STM32U5F9NJH6Q, STM32U5F9VIT6Q, STM32U5F9VJT6Q, STM32U5F9ZIJ6QTR, STM32U5F9ZIT6Q, STM32U5F9ZJJ6QTR, STM32U5F9ZJT6Q, STM32U5G7VJT6, STM32U5G7VJT6Q, STM32U5G9BJY6QTR, STM32U5G9J-DK1, STM32U5G9J-DK2, STM32U5G9NJH6Q, STM32U5G9VJT6Q, STM32U5G9ZJJ6QTR, STM32U5G9ZJT6Q, STM32WB1MMCH6, STM32WBA50KEU6, STM32WBA50KEU6TR, STM32WBA50KGU6, STM32WBA50KGU6TR, STM32WBA52CEU6, STM32WBA52CEU6TR, STM32WBA52CEU7, STM32WBA52CEU7TR, STM32WBA52CGU6, STM32WBA52CGU6TR, STM32WBA52CGU6U, STM32WBA52CGU7, STM32WBA52CGU7TR, STM32WBA52KEU6, STM32WBA52KEU6TR, STM32WBA52KGU6, STM32WBA52KGU6TR, STM32WBA54CEU6, STM32WBA54CEU6TR, STM32WBA54CEU7, STM32WBA54CEU7TR, STM32WBA54CGU6, STM32WBA54CGU6TR, STM32WBA54CGU7, STM32WBA54CGU7TR, STM32WBA54KEU6, STM32WBA54KEU6TR, STM32WBA54KEU7, STM32WBA54KEU7TR, STM32WBA54KGU6, STM32WBA54KGU6TR, STM32WBA54KGU7, STM32WBA54KGU7TR, STM32WBA55CEU6, STM32WBA55CEU6TR, STM32WBA55CEU7, STM32WBA55CEU7TR, STM32WBA55CGU6, STM32WBA55CGU6TR, STM32WBA55CGU6U, STM32WBA55CGU7, STM32WBA55CGU7TR, STM32WBA55G-DK1, STM32WBA55HEF6, STM32WBA55HEF7, STM32WBA55HGF6, STM32WBA55HGF7, STM32WBA55UEI6, STM32WBA55UEI6TR, STM32WBA55UEI7, STM32WBA55UEI7TR, STM32WBA55UGI6, STM32WBA55UGI6TR, STM32WBA55UGI7, STM32WBA55UGI7TR, STM32WL5MOCH6, STM32WL5MOCH6TR]
2024-02-24 01:25:57,408 [INFO] BoardInfo:889 - No configuration file found for board P-NUCLEO-WB55
2024-02-24 01:25:57,408 [INFO] DbBoards:161 - Kit is not supported: P-NUCLEO-WB55
2024-02-24 01:25:57,412 [INFO] BoardInfo:889 - No configuration file found for board STEVAL-BFA001V1B
2024-02-24 01:25:57,412 [INFO] DbBoards:161 - Kit is not supported: STEVAL-BFA001V1B
2024-02-24 01:25:57,413 [INFO] BoardInfo:889 - No configuration file found for board STEVAL-BFA001V2B
2024-02-24 01:25:57,413 [INFO] DbBoards:161 - Kit is not supported: STEVAL-BFA001V2B
2024-02-24 01:25:57,505 [INFO] DbBoards:168 - Found 193 boards, 190 are supported
2024-02-24 01:25:57,505 [INFO] DbBoards:169 - Found 193 boards, 3 of them is supported for  Bsp
2024-02-24 01:25:57,507 [INFO] ApiDb:668 - CubeFinder database Data Model version=2.1
2024-02-24 01:25:57,507 [INFO] ApiDb:669 - CubeFinder database Configuration version=3.0.39
2024-02-24 01:25:57,507 [INFO] ApiDb:670 - CubeFinder database generation date=2024-01-11 (1704964531)
2024-02-24 01:25:57,508 [INFO] ApiDb:671 - CubeFinder database FW Pack versions=[FP-ATR-ASTRA1_V2.0.0, FP-SNS-FLIGHT1_V5.0.1, FP-SNS-FLIGHT1_V5.0.2, FP-SNS-MOTENV1_V4.3.1, FP-SNS-MOTENV1_V4.3.2, FP-SNS-MOTENVWB1_V1.3.1, FP-SNS-SMARTAG2_V1.2.0, STM32Cube_FW_C0_V1.1.0, STM32Cube_FW_F4_V1.28.0, STM32Cube_FW_F7_V1.17.0, STM32Cube_FW_G0_V1.6.2, STM32Cube_FW_G4_V1.5.2, STM32Cube_FW_H5_V0.5.1, STM32Cube_FW_H5_V1.1.1, STM32Cube_FW_H5_V1.2.0RC2, STM32Cube_FW_H7_V1.11.0, STM32Cube_FW_L0_V1.12.2, STM32Cube_FW_L5_V1.5.0, STM32Cube_FW_U5_V1.3.0RC4, STM32Cube_FW_U5_V1.4.0, STM32Cube_FW_WBA_V1.0.0RC1, STM32Cube_FW_WBA_V1.1.0RC1, STM32Cube_FW_WBA_V1.2.0, STM32Cube_FW_WBA_V1.2.0RC2, STM32Cube_FW_WB_V1.15.0RC1, STM32Cube_FW_WB_V1.16.0, STM32Cube_FW_WB_V1.16.0RC2, STM32Cube_FW_WB_V1.18.0, STM32Cube_FW_WL_V1.3.0, X-CUBE-ALGOBUILD_V1.3.0, X-CUBE-ALS_V1.0.1, X-CUBE-AZRTOS-F4_V1.1.0, X-CUBE-AZRTOS-F7_V1.1.0, X-CUBE-AZRTOS-G0_V1.1.0, X-CUBE-AZRTOS-G4_V2.0.0, X-CUBE-AZRTOS-H7_V3.2.0, X-CUBE-AZRTOS-L4_V1.0.0, X-CUBE-AZRTOS-L4_V2.0.0, X-CUBE-AZRTOS-L5_V1.1.0, X-CUBE-AZRTOS-WB_V2.0.0, X-CUBE-AZRTOS-WL_V2.0.0, X-CUBE-BLE1_V7.0.0, X-CUBE-BLE2_V3.3.0, X-CUBE-BLEMGR_V3.0.0, X-CUBE-EEPRMA1_V4.1.0, X-CUBE-EEPRMA1_V4.2.0, X-CUBE-FREERTOS_V1.1.0, X-CUBE-GNSS1_V6.0.0, X-CUBE-MEMS1_V10.0.0, X-CUBE-MEMS1_V9.1.0, X-CUBE-MEMS1_V9.4.0, X-CUBE-MEMS1_V9.6.0, X-CUBE-NFC4_V3.0.0, X-CUBE-NFC7_V1.0.1, X-CUBE-SFXS2LP1_V4.0.0, X-CUBE-SUBG2_V5.0.0, X-CUBE-TOF1_V3.4.0]
2024-02-24 01:25:59,199 [INFO] ApiDb:240 - Found 371 in-development CPN: [B-G473E-ZEST1S, B-WB1M-WPAN1, B-WL5M-SUBG1, NUCLEO-C031C6, NUCLEO-H503RB, NUCLEO-H563ZI, NUCLEO-U545RE-Q, NUCLEO-U5A5ZJ-Q, NUCLEO-WBA52CG, NUCLEO-WBA55CG, STEVAL-MKBOXPRO, STEVAL-PROTEUS1, STEVAL-STWINBX1, STM320518-EVAL, STM32C0116-DK, STM32C011D6Y3TR, STM32C011D6Y6TR, STM32C011F4P3, STM32C011F4P6, STM32C011F4U3, STM32C011F4U6TR, STM32C011F6P3, STM32C011F6P6, STM32C011F6U3, STM32C011F6U6TR, STM32C011J4M3, STM32C011J4M6, STM32C011J6M3, STM32C011J6M6, STM32C0316-DK, STM32C031C4T3, STM32C031C4T6, STM32C031C4U3, STM32C031C4U6, STM32C031C6T3, STM32C031C6T6, STM32C031C6U3, STM32C031C6U6, STM32C031F4P3, STM32C031F4P6, STM32C031F6P3, STM32C031F6P6, STM32C031G4U3, STM32C031G4U6, STM32C031G6U3, STM32C031G6U6, STM32C031K4T3, STM32C031K4T6, STM32C031K4U3, STM32C031K4U6, STM32C031K6T3, STM32C031K6T6, STM32C031K6U3, STM32C031K6U6, STM32G071K8TXN, STM32G071K8UXN, STM32G081GBU6N, STM32G081KBT6N, STM32G081KBUXN, STM32G0B1CCT6N, STM32G0B1KCT6, STM32G0B1NEY6TR, STM32G0B1RCT6N, STM32G0C1CCT6, STM32G0C1CCT6N, STM32G0C1CCU6N, STM32G0C1CET6N, STM32G0C1CEU6N, STM32G0C1KCT6, STM32G0C1NEY6TR, STM32G0C1RCI6N, STM32G0C1RCT6N, STM32G0C1REI6N, STM32G0C1RET6N, STM32G0C1VCI6, STM32G0C1VEI6, STM32G471CCT6, STM32G471CCU6, STM32G471CET3, STM32G471CET6, STM32G471CEU3, STM32G471CEU6, STM32G471MCT6, STM32G471MET3, STM32G471MET6, STM32G471MEY6TR, STM32G471QCT6, STM32G471QET3, STM32G471RCT6, STM32G471RET3, STM32G471RET6, STM32G471VCH6, STM32G471VCI6, STM32G471VCT6, STM32G471VEH3, STM32G471VEH6, STM32G471VEI3, STM32G471VEI6, STM32G471VET3, STM32G471VET6, STM32G474CCT6, STM32H503CBT6, STM32H503CBU6, STM32H503EBY6TR, STM32H503KBU6, STM32H503RBT6, STM32H562AGI6, STM32H562AII6, STM32H562IGK6, STM32H562IGT6, STM32H562IIK6, STM32H562IIT6, STM32H562RGT6, STM32H562RGV6, STM32H562RIT6, STM32H562RIV6, STM32H562VGT6, STM32H562VIT6, STM32H562ZGT6, STM32H562ZIT6, STM32H563AGI6, STM32H563AII3Q, STM32H563AII6, STM32H563IGK6, STM32H563IGT6, STM32H563IIK3Q, STM32H563IIK6, STM32H563IIT3Q, STM32H563IIT6, STM32H563MIY3QTR, STM32H563RGT6, STM32H563RGV6, STM32H563RIT6, STM32H563RIV6, STM32H563VGT6, STM32H563VIT3Q, STM32H563VIT6, STM32H563ZGT6, STM32H563ZIT3Q, STM32H563ZIT6, STM32H573AII3Q, STM32H573AII6, STM32H573I-DK, STM32H573IIK3Q, STM32H573IIK6, STM32H573IIT3Q, STM32H573IIT6, STM32H573MIY3QTR, STM32H573RIT6, STM32H573RIV6, STM32H573VIT3Q, STM32H573VIT6, STM32H573ZIT3Q, STM32H573ZIT6, STM32L4R5QGI6STR, STM32MP131AAE3, STM32MP131AAF3, STM32MP131AAG3, STM32MP131CAE3, STM32MP131CAF3, STM32MP131CAG3, STM32MP131DAE7, STM32MP131DAF7, STM32MP131DAG7, STM32MP131FAE7, STM32MP131FAF7, STM32MP131FAG7, STM32MP133AAE3, STM32MP133AAF3, STM32MP133AAG3, STM32MP133CAE3, STM32MP133CAF3, STM32MP133CAG3, STM32MP133DAE7, STM32MP133DAF7, STM32MP133DAG7, STM32MP133FAE7, STM32MP133FAF7, STM32MP133FAG7, STM32MP135AAE3, STM32MP135AAF3, STM32MP135AAG3, STM32MP135CAE3, STM32MP135CAF3, STM32MP135CAG3, STM32MP135DAE7, STM32MP135DAF7, STM32MP135DAG7, STM32MP135F-DK, STM32MP135FAE7, STM32MP135FAF7, STM32MP135FAF7T, STM32MP135FAF7U, STM32MP135FAG7, STM32U535CBT6, STM32U535CBT6Q, STM32U535CBU6, STM32U535CBU6Q, STM32U535CCT6, STM32U535CCT6Q, STM32U535CCU6, STM32U535CCU6Q, STM32U535CET6, STM32U535CET6Q, STM32U535CEU6, STM32U535CEU6Q, STM32U535JEY6QTR, STM32U535NCY6QTR, STM32U535NEY6QTR, STM32U535RBI6, STM32U535RBI6Q, STM32U535RBT6, STM32U535RBT6Q, STM32U535RCI6, STM32U535RCI6Q, STM32U535RCT6, STM32U535RCT6Q, STM32U535REI6, STM32U535REI6Q, STM32U535RET6, STM32U535RET6Q, STM32U535VCI6, STM32U535VCI6Q, STM32U535VCT6, STM32U535VCT6Q, STM32U535VEI6, STM32U535VEI6Q, STM32U535VET6, STM32U535VET6Q, STM32U545CET6, STM32U545CET6Q, STM32U545CEU6, STM32U545CEU6Q, STM32U545JEY6QTR, STM32U545NEY6QTR, STM32U545REI6, STM32U545REI6Q, STM32U545RET6, STM32U545RET6Q, STM32U545VEI6, STM32U545VEI6Q, STM32U545VET6, STM32U545VET6Q, STM32U595AIH6, STM32U595AIH6Q, STM32U595AJH6, STM32U595AJH6Q, STM32U595QII6, STM32U595QII6Q, STM32U595QJI6, STM32U595QJI6Q, STM32U595RIT6, STM32U595RIT6Q, STM32U595RJT6, STM32U595RJT6Q, STM32U595VIT6, STM32U595VIT6Q, STM32U595VJT6, STM32U595VJT6Q, STM32U595ZIT6, STM32U595ZIT6Q, STM32U595ZIY6QTR, STM32U595ZJT6, STM32U595ZJT6Q, STM32U595ZJY6QTR, STM32U599BJY6QTR, STM32U599NIH6Q, STM32U599NJH6Q, STM32U599VIT6Q, STM32U599VJT6, STM32U599VJT6Q, STM32U599ZIT6Q, STM32U599ZIY6QTR, STM32U599ZJT6Q, STM32U599ZJY6QTR, STM32U5A5AJH6, STM32U5A5AJH6Q, STM32U5A5QJI6, STM32U5A5QJI6Q, STM32U5A5RJT6, STM32U5A5RJT6Q, STM32U5A5VJT6, STM32U5A5VJT6Q, STM32U5A5ZJT6, STM32U5A5ZJT6Q, STM32U5A5ZJY6QTR, STM32U5A9BJY6QTR, STM32U5A9J-DK, STM32U5A9NJH6Q, STM32U5A9VJT6Q, STM32U5A9ZJT6Q, STM32U5A9ZJY6QTR, STM32U5F7VIT6, STM32U5F7VIT6Q, STM32U5F7VJT6, STM32U5F7VJT6Q, STM32U5F9BJY6QTR, STM32U5F9NJH6Q, STM32U5F9VIT6Q, STM32U5F9VJT6Q, STM32U5F9ZIJ6QTR, STM32U5F9ZIT6Q, STM32U5F9ZJJ6QTR, STM32U5F9ZJT6Q, STM32U5G7VJT6, STM32U5G7VJT6Q, STM32U5G9BJY6QTR, STM32U5G9J-DK1, STM32U5G9J-DK2, STM32U5G9NJH6Q, STM32U5G9VJT6Q, STM32U5G9ZJJ6QTR, STM32U5G9ZJT6Q, STM32WB1MMCH6, STM32WBA50KEU6, STM32WBA50KEU6TR, STM32WBA50KGU6, STM32WBA50KGU6TR, STM32WBA52CEU6, STM32WBA52CEU6TR, STM32WBA52CEU7, STM32WBA52CEU7TR, STM32WBA52CGU6, STM32WBA52CGU6TR, STM32WBA52CGU6U, STM32WBA52CGU7, STM32WBA52CGU7TR, STM32WBA52KEU6, STM32WBA52KEU6TR, STM32WBA52KGU6, STM32WBA52KGU6TR, STM32WBA54CEU6, STM32WBA54CEU6TR, STM32WBA54CEU7, STM32WBA54CEU7TR, STM32WBA54CGU6, STM32WBA54CGU6TR, STM32WBA54CGU7, STM32WBA54CGU7TR, STM32WBA54KEU6, STM32WBA54KEU6TR, STM32WBA54KEU7, STM32WBA54KEU7TR, STM32WBA54KGU6, STM32WBA54KGU6TR, STM32WBA54KGU7, STM32WBA54KGU7TR, STM32WBA55CEU6, STM32WBA55CEU6TR, STM32WBA55CEU7, STM32WBA55CEU7TR, STM32WBA55CGU6, STM32WBA55CGU6TR, STM32WBA55CGU6U, STM32WBA55CGU7, STM32WBA55CGU7TR, STM32WBA55G-DK1, STM32WBA55HEF6, STM32WBA55HEF7, STM32WBA55HGF6, STM32WBA55HGF7, STM32WBA55UEI6, STM32WBA55UEI6TR, STM32WBA55UEI7, STM32WBA55UEI7TR, STM32WBA55UGI6, STM32WBA55UGI6TR, STM32WBA55UGI7, STM32WBA55UGI7TR, STM32WL5MOCH6, STM32WL5MOCH6TR]
2024-02-24 01:25:59,201 [INFO] DbMcus:218 - Found 3930 MCUs, 3930 are supported
2024-02-24 01:25:59,206 [INFO] ApiDb:423 - Load user favorites file C:\Users\adria/.stm32cubeide/favorites.mcus.txt: 1 item(s)
2024-02-24 01:25:59,207 [INFO] ApiDb:427 - User favorites MCUs=[STM32F411CEU6]
2024-02-24 01:25:59,207 [INFO] DbMcus:224 - Set 1 / 1 favorites MCUs
2024-02-24 01:25:59,383 [INFO] ApiDb:423 - Load user favorites file C:\Users\adria/.stm32cubeide/favorites.boards.txt: 1 item(s)
2024-02-24 01:25:59,383 [INFO] ApiDb:427 - User favorites Boards=[STM32F746G-DISCO]
2024-02-24 01:25:59,383 [INFO] DbBoards:198 - Set 1 / 1 favorites Boards
2024-02-24 01:25:59,383 [INFO] McuFinderGlobals:76 - Set McuFinderConnectedMode to true
2024-02-24 01:25:59,389 [INFO] MultiScanPanel:200 - Auto-refresh data requested => check proxy status ongoing
2024-02-24 01:25:59,391 [INFO] FinderPluginLoader:95 - Searching for filters in installed packs
2024-02-24 01:26:00,345 [INFO] LoadUrlFilesThread:185 - End of LoadServerUrlFiles without Thread
2024-02-24 01:26:00,366 [INFO] DetailPanel:341 - Set advertising image to C:/Users/adria/STM32Cube/Repository/\en.prom-stm32wl3-mcu-finder.jpg
2024-02-24 01:26:03,840 [INFO] MultiScanPanel:200 - Auto-refresh data requested => check proxy status ongoing
2024-02-24 01:26:03,925 [INFO] LoadUrlFilesThread:185 - End of LoadServerUrlFiles without Thread
2024-02-24 01:26:03,925 [INFO] DetailPanel:341 - Set advertising image to C:/Users/adria/STM32Cube/Repository/\en.prom-stm32wl3-mcu-finder.jpg
2024-02-24 01:26:03,935 [INFO] DbBoards:642 - Loading board mini-images...
2024-02-24 01:26:04,913 [ERROR] DbBoards:659 - Image file not found for board NUCLEO-WBA55CG: C:\Users\adria\.stmcufinder\plugins\mcufinder//mcu//boards_images/NUCLEO-WBA55CG.jpg
2024-02-24 01:26:06,173 [ERROR] DbBoards:659 - Image file not found for board STM32WBA55G-DK1: C:\Users\adria\.stmcufinder\plugins\mcufinder//mcu//boards_images/STM32WBA55G-DK1.jpg
2024-02-24 01:26:06,174 [INFO] DbBoards:665 - Loaded 191 board mini-images
2024-02-24 01:26:31,448 [INFO] MainUpdater:2873 - connection check result : 10
2024-02-24 01:26:31,448 [INFO] MainUpdater:2873 - connection check result : 10
2024-02-24 01:26:31,477 [INFO] MicroXplorer:468 - Change Database Path : 
2024-02-24 01:26:31,477 [INFO] MicroXplorer:498 - Change Database Version : DB.6.0.100
2024-02-24 01:26:31,481 [WARN] ThirdParty:871 - waiting for thirdparty lock release [close project]
2024-02-24 01:26:31,481 [INFO] ThirdParty:873 - entering critical section [close project]
2024-02-24 01:26:31,483 [INFO] ThirdParty:883 - exiting critical section [close project]
2024-02-24 01:26:31,484 [INFO] PinOutPanel:1499 - setPackage(No Configuration,No Configuration)
2024-02-24 01:26:31,487 [INFO] UtilMem:75 - Begin LoadConfig() Used Memory: 451725208 Bytes (662700032)
2024-02-24 01:26:31,489 [INFO] MicroXplorer:468 - Change Database Path : 
2024-02-24 01:26:31,489 [INFO] MicroXplorer:498 - Change Database Version : DB.6.0.100
2024-02-24 01:26:31,489 [INFO] OpenFileManager:312 - Change cursor
2024-02-24 01:26:31,559 [INFO] Mcu:2016 - Initializing MCU STM32F411CEUx STM32F411CEUx STM32F411CEU6
2024-02-24 01:26:32,562 [INFO] Context:659 - Trying to add GPIOservice into a context  which must be forbidden
2024-02-24 01:26:32,892 [INFO] ImportTextPane:194 - (OptionalMessage_ERROR) Unable to find key (Mcu.ThirdPartyNb) in loaded IOC file
2024-02-24 01:26:32,892 [INFO] ImportTextPane:194 - (OptionalMessage_ERROR) Unable to find key (Mcu.PinsNb) in loaded IOC file
2024-02-24 01:26:32,892 [INFO] ImportTextPane:194 - (OptionalMessage_ERROR) Unable to find key (Mcu.IPNb) in loaded IOC file
2024-02-24 01:26:32,945 [INFO] RtosManager:555 - Registered RTOS mode: class=CMSIS, group=RTOS, mode=CMSIS_V1, owner=FREERTOS
2024-02-24 01:26:32,945 [INFO] RtosManager:555 - Registered RTOS mode: class=CMSIS, group=RTOS2, mode=CMSIS_V2, owner=FREERTOS
2024-02-24 01:26:32,946 [INFO] RtosManager:555 - Registered RTOS mode: class=RTOS, group=Core, mode=CMSIS_V1, owner=FREERTOS
2024-02-24 01:26:32,946 [INFO] RtosManager:555 - Registered RTOS mode: class=RTOS, group=Core, mode=CMSIS_V2, owner=FREERTOS
2024-02-24 01:26:32,946 [WARN] ModelIntegratedComponent:184 - Missing modes for component STMicroelectronics:FreeRTOS:0.0.1:STMicroelectronics:RTOS:FreeRTOS:Core:::10.2.0:
2024-02-24 01:26:32,950 [WARN] ModelIntegratedComponent:182 - Modes not found for component STMicroelectronics:USB_HOST:1.0.0:STMicroelectronics:USB::USB Host:Audio HS::1.0:USB_HOST_1_0_RESTRICTED_HS
2024-02-24 01:26:32,950 [WARN] ModelIntegratedComponent:188 - Modes not found for component STMicroelectronics:USB_HOST:1.0.0:STMicroelectronics:USB::USB Host:Audio HS::1.0:USB_HOST_1_0_RESTRICTED_HS
2024-02-24 01:26:32,950 [WARN] ModelIntegratedComponent:182 - Modes not found for component STMicroelectronics:USB_HOST:1.0.0:STMicroelectronics:USB::USB Host:CDC HS::1.0:USB_HOST_1_0_RESTRICTED_HS
2024-02-24 01:26:32,950 [WARN] ModelIntegratedComponent:188 - Modes not found for component STMicroelectronics:USB_HOST:1.0.0:STMicroelectronics:USB::USB Host:CDC HS::1.0:USB_HOST_1_0_RESTRICTED_HS
2024-02-24 01:26:32,951 [WARN] ModelIntegratedComponent:182 - Modes not found for component STMicroelectronics:USB_HOST:1.0.0:STMicroelectronics:USB::USB Host:MSC HS::1.0:USB_HOST_1_0_RESTRICTED_HS
2024-02-24 01:26:32,951 [WARN] ModelIntegratedComponent:188 - Modes not found for component STMicroelectronics:USB_HOST:1.0.0:STMicroelectronics:USB::USB Host:MSC HS::1.0:USB_HOST_1_0_RESTRICTED_HS
2024-02-24 01:26:32,951 [WARN] ModelIntegratedComponent:182 - Modes not found for component STMicroelectronics:USB_HOST:1.0.0:STMicroelectronics:USB::USB Host:HID HS::1.0:USB_HOST_1_0_RESTRICTED_HS
2024-02-24 01:26:32,951 [WARN] ModelIntegratedComponent:188 - Modes not found for component STMicroelectronics:USB_HOST:1.0.0:STMicroelectronics:USB::USB Host:HID HS::1.0:USB_HOST_1_0_RESTRICTED_HS
2024-02-24 01:26:32,951 [WARN] ModelIntegratedComponent:182 - Modes not found for component STMicroelectronics:USB_HOST:1.0.0:STMicroelectronics:USB::USB Host:MTP HS::1.0:USB_HOST_1_0_RESTRICTED_HS
2024-02-24 01:26:32,951 [WARN] ModelIntegratedComponent:188 - Modes not found for component STMicroelectronics:USB_HOST:1.0.0:STMicroelectronics:USB::USB Host:MTP HS::1.0:USB_HOST_1_0_RESTRICTED_HS
2024-02-24 01:26:32,956 [WARN] ModelIntegratedComponent:63 - No mode defined for component null
2024-02-24 01:26:32,956 [WARN] ModelIntegratedComponent:63 - No mode defined for component null
2024-02-24 01:26:32,957 [WARN] ModelIntegratedComponent:63 - No mode defined for component null
2024-02-24 01:26:32,957 [WARN] ModelIntegratedComponent:63 - No mode defined for component null
2024-02-24 01:26:32,957 [WARN] ModelIntegratedComponent:63 - No mode defined for component null
2024-02-24 01:26:32,957 [WARN] ModelIntegratedComponent:63 - No mode defined for component null
2024-02-24 01:26:32,957 [WARN] ModelIntegratedComponent:63 - No mode defined for component null
2024-02-24 01:26:32,957 [WARN] ModelIntegratedComponent:63 - No mode defined for component null
2024-02-24 01:26:32,957 [WARN] ModelIntegratedComponent:63 - No mode defined for component null
2024-02-24 01:26:32,957 [WARN] ModelIntegratedComponent:63 - No mode defined for component null
2024-02-24 01:26:32,957 [WARN] ModelIntegratedComponent:63 - No mode defined for component null
2024-02-24 01:26:32,957 [WARN] ModelIntegratedComponent:63 - No mode defined for component null
2024-02-24 01:26:32,957 [WARN] ModelIntegratedComponent:63 - No mode defined for component null
2024-02-24 01:26:32,957 [WARN] ModelIntegratedComponent:63 - No mode defined for component null
2024-02-24 01:26:32,957 [WARN] ModelIntegratedComponent:63 - No mode defined for component null
2024-02-24 01:26:32,957 [WARN] ModelIntegratedComponent:63 - No mode defined for component null
2024-02-24 01:26:32,957 [WARN] ModelIntegratedComponent:63 - No mode defined for component null
2024-02-24 01:26:32,957 [WARN] ModelIntegratedComponent:63 - No mode defined for component null
2024-02-24 01:26:32,957 [WARN] ModelIntegratedComponent:63 - No mode defined for component null
2024-02-24 01:26:32,957 [WARN] ModelIntegratedComponent:63 - No mode defined for component null
2024-02-24 01:26:32,957 [WARN] ModelIntegratedComponent:63 - No mode defined for component null
2024-02-24 01:26:32,957 [WARN] ModelIntegratedComponent:63 - No mode defined for component null
2024-02-24 01:26:32,957 [WARN] ModelIntegratedComponent:63 - No mode defined for component null
2024-02-24 01:26:32,957 [WARN] ModelIntegratedComponent:63 - No mode defined for component null
2024-02-24 01:26:32,957 [WARN] ModelIntegratedComponent:63 - No mode defined for component null
2024-02-24 01:26:32,957 [WARN] ModelIntegratedComponent:63 - No mode defined for component null
2024-02-24 01:26:32,957 [WARN] ModelIntegratedComponent:63 - No mode defined for component null
2024-02-24 01:26:32,957 [WARN] ModelIntegratedComponent:63 - No mode defined for component null
2024-02-24 01:26:32,957 [WARN] ModelIntegratedComponent:63 - No mode defined for component null
2024-02-24 01:26:32,957 [WARN] ModelIntegratedComponent:63 - No mode defined for component null
2024-02-24 01:26:32,958 [WARN] ModelIntegratedComponent:63 - No mode defined for component null
2024-02-24 01:26:32,958 [WARN] ModelIntegratedComponent:63 - No mode defined for component null
2024-02-24 01:26:32,958 [WARN] ModelIntegratedComponent:63 - No mode defined for component null
2024-02-24 01:26:33,050 [WARN] ModelIntegratedComponent:182 - Modes not found for component STMicroelectronics:USB_DEVICE:1.0.0:STMicroelectronics:USB::USB Device:Audio HS::1.0:USB_DEVICE_1_0_RESTRICTED_HS
2024-02-24 01:26:33,050 [WARN] ModelIntegratedComponent:188 - Modes not found for component STMicroelectronics:USB_DEVICE:1.0.0:STMicroelectronics:USB::USB Device:Audio HS::1.0:USB_DEVICE_1_0_RESTRICTED_HS
2024-02-24 01:26:33,050 [WARN] ModelIntegratedComponent:182 - Modes not found for component STMicroelectronics:USB_DEVICE:1.0.0:STMicroelectronics:USB::USB Device:CDC HS::1.0:USB_DEVICE_1_0_RESTRICTED_HS
2024-02-24 01:26:33,050 [WARN] ModelIntegratedComponent:188 - Modes not found for component STMicroelectronics:USB_DEVICE:1.0.0:STMicroelectronics:USB::USB Device:CDC HS::1.0:USB_DEVICE_1_0_RESTRICTED_HS
2024-02-24 01:26:33,050 [WARN] ModelIntegratedComponent:182 - Modes not found for component STMicroelectronics:USB_DEVICE:1.0.0:STMicroelectronics:USB::USB Device:DFU HS::1.0:USB_DEVICE_1_0_RESTRICTED_HS
2024-02-24 01:26:33,050 [WARN] ModelIntegratedComponent:188 - Modes not found for component STMicroelectronics:USB_DEVICE:1.0.0:STMicroelectronics:USB::USB Device:DFU HS::1.0:USB_DEVICE_1_0_RESTRICTED_HS
2024-02-24 01:26:33,050 [WARN] ModelIntegratedComponent:182 - Modes not found for component STMicroelectronics:USB_DEVICE:1.0.0:STMicroelectronics:USB::USB Device:HID HS::1.0:USB_DEVICE_1_0_RESTRICTED_HS
2024-02-24 01:26:33,050 [WARN] ModelIntegratedComponent:188 - Modes not found for component STMicroelectronics:USB_DEVICE:1.0.0:STMicroelectronics:USB::USB Device:HID HS::1.0:USB_DEVICE_1_0_RESTRICTED_HS
2024-02-24 01:26:33,050 [WARN] ModelIntegratedComponent:182 - Modes not found for component STMicroelectronics:USB_DEVICE:1.0.0:STMicroelectronics:USB::USB Device:Custom HID HS::1.0:USB_DEVICE_1_0_RESTRICTED_HS
2024-02-24 01:26:33,050 [WARN] ModelIntegratedComponent:188 - Modes not found for component STMicroelectronics:USB_DEVICE:1.0.0:STMicroelectronics:USB::USB Device:Custom HID HS::1.0:USB_DEVICE_1_0_RESTRICTED_HS
2024-02-24 01:26:33,050 [WARN] ModelIntegratedComponent:182 - Modes not found for component STMicroelectronics:USB_DEVICE:1.0.0:STMicroelectronics:USB::USB Device:MSC HS::1.0:USB_DEVICE_1_0_RESTRICTED_HS
2024-02-24 01:26:33,050 [WARN] ModelIntegratedComponent:188 - Modes not found for component STMicroelectronics:USB_DEVICE:1.0.0:STMicroelectronics:USB::USB Device:MSC HS::1.0:USB_DEVICE_1_0_RESTRICTED_HS
2024-02-24 01:26:33,061 [INFO] ThirdPartyModel:298 - Start build external matchings
2024-02-24 01:26:33,257 [INFO] ThirdPartyModel:316 - End build external matchings
2024-02-24 01:26:33,449 [INFO] UtilMem:75 - End LoadConfig() Used Memory: 662689880 Bytes (825229312)
2024-02-24 01:26:33,470 [INFO] MicroXplorer:468 - Change Database Path : 
2024-02-24 01:26:33,470 [INFO] MicroXplorer:498 - Change Database Version : DB.6.0.100
2024-02-24 01:26:33,471 [WARN] ThirdParty:833 - waiting for thirdparty lock release [change project]
2024-02-24 01:26:33,471 [INFO] ThirdParty:835 - entering critical section [change project]
2024-02-24 01:26:33,472 [INFO] ThirdParty:1030 - CMSIS Pack Vendor :STMicroelectronics USBPD 4.1
2024-02-24 01:26:33,472 [INFO] ThirdParty:1030 - CMSIS Pack Vendor :STMicroelectronics X-CUBE-GNSS1 6.0.0
2024-02-24 01:26:33,472 [INFO] ThirdParty:1030 - CMSIS Pack Vendor :STMicroelectronics USB_HOST 2.0.0
2024-02-24 01:26:33,472 [INFO] ThirdParty:1030 - CMSIS Pack Vendor :STMicroelectronics X-CUBE-AZRTOS-F4 1.1.0
2024-02-24 01:26:33,472 [INFO] ThirdParty:1030 - CMSIS Pack Vendor :STMicroelectronics LIBJPEG 8.0.0
2024-02-24 01:26:33,472 [INFO] ThirdParty:1030 - CMSIS Pack Vendor :wolfSSL I-CUBE-wolfSSL 5.6.4
2024-02-24 01:26:33,472 [INFO] ThirdParty:1030 - CMSIS Pack Vendor :STMicroelectronics X-CUBE-SMBUS 2.1.0
2024-02-24 01:26:33,472 [INFO] ThirdParty:1030 - CMSIS Pack Vendor :STMicroelectronics USB_DEVICE 3.0.0
2024-02-24 01:26:33,472 [INFO] ThirdParty:1030 - CMSIS Pack Vendor :STMicroelectronics X-CUBE-AZRTOS-WB 2.0.0
2024-02-24 01:26:33,472 [INFO] ThirdParty:1030 - CMSIS Pack Vendor :STMicroelectronics X-CUBE-TOUCHGFX 4.23.0
2024-02-24 01:26:33,472 [INFO] ThirdParty:1030 - CMSIS Pack Vendor :STMicroelectronics X-CUBE-AZRTOS-F7 1.1.0
2024-02-24 01:26:33,472 [INFO] ThirdParty:1030 - CMSIS Pack Vendor :STMicroelectronics X-CUBE-AZRTOS-L5 2.0.0
2024-02-24 01:26:33,472 [INFO] ThirdParty:1030 - CMSIS Pack Vendor :STMicroelectronics USB_DEVICE 2.0.0
2024-02-24 01:26:33,472 [INFO] ThirdParty:1030 - CMSIS Pack Vendor :STMicroelectronics X-CUBE-EEPRMA1 4.2.0
2024-02-24 01:26:33,472 [INFO] ThirdParty:1030 - CMSIS Pack Vendor :ITTIA_DB I-CUBE-ITTIADB 8.8.0
2024-02-24 01:26:33,473 [INFO] ThirdParty:1030 - CMSIS Pack Vendor :STMicroelectronics FP-SNS-MOTENV1 4.3.2
2024-02-24 01:26:33,473 [INFO] ThirdParty:1030 - CMSIS Pack Vendor :STMicroelectronics X-CUBE-ALGOBUILD 1.3.0
2024-02-24 01:26:33,473 [INFO] ThirdParty:1030 - CMSIS Pack Vendor :STMicroelectronics FreeRTOS 0.0.1
2024-02-24 01:26:33,473 [INFO] ThirdParty:1030 - CMSIS Pack Vendor :STMicroelectronics X-CUBE-AZRTOS-G0 1.1.0
2024-02-24 01:26:33,473 [INFO] ThirdParty:1030 - CMSIS Pack Vendor :STMicroelectronics X-CUBE-NFC4 3.0.0
2024-02-24 01:26:33,473 [INFO] ThirdParty:1030 - CMSIS Pack Vendor :STMicroelectronics X-CUBE-SUBG2 5.0.0
2024-02-24 01:26:33,473 [INFO] ThirdParty:1030 - CMSIS Pack Vendor :STMicroelectronics STM32_WPAN 1.0.0
2024-02-24 01:26:33,473 [INFO] ThirdParty:1030 - CMSIS Pack Vendor :STMicroelectronics lwIP 2.0.3
2024-02-24 01:26:33,473 [INFO] ThirdParty:1030 - CMSIS Pack Vendor :STMicroelectronics FP-SNS-FLIGHT1 5.0.2
2024-02-24 01:26:33,473 [INFO] ThirdParty:1030 - CMSIS Pack Vendor :STMicroelectronics USB_HOST 1.0.0
2024-02-24 01:26:33,473 [INFO] ThirdParty:1030 - CMSIS Pack Vendor :STMicroelectronics X-CUBE-AZRTOS-G4 2.0.0
2024-02-24 01:26:33,473 [INFO] ThirdParty:1030 - CMSIS Pack Vendor :STMicroelectronics PDM2PCM 3.1.0
2024-02-24 01:26:33,473 [INFO] ThirdParty:1030 - CMSIS Pack Vendor :Infineon AIROC-Wi-Fi-Bluetooth-STM32 1.5.1
2024-02-24 01:26:33,473 [INFO] ThirdParty:1030 - CMSIS Pack Vendor :STMicroelectronics X-CUBE-BLEMGR 3.0.0
2024-02-24 01:26:33,473 [INFO] ThirdParty:1030 - CMSIS Pack Vendor :STMicroelectronics PDM2PCM 3.3.0
2024-02-24 01:26:33,473 [INFO] ThirdParty:1030 - CMSIS Pack Vendor :STMicroelectronics X-CUBE-DISPLAY 3.0.0
2024-02-24 01:26:33,473 [INFO] ThirdParty:1030 - CMSIS Pack Vendor :STMicroelectronics FP-SNS-MOTENVWB1 1.3.1
2024-02-24 01:26:33,473 [INFO] ThirdParty:1030 - CMSIS Pack Vendor :STMicroelectronics X-CUBE-BLE1 7.0.0
2024-02-24 01:26:33,473 [INFO] ThirdParty:1030 - CMSIS Pack Vendor :STMicroelectronics FP-ATR-SIGFOX1 3.2.0
2024-02-24 01:26:33,473 [INFO] ThirdParty:1030 - CMSIS Pack Vendor :STMicroelectronics X-CUBE-ISPU 2.0.0
2024-02-24 01:26:33,473 [INFO] ThirdParty:1030 - CMSIS Pack Vendor :STMicroelectronics X-CUBE-EEPRMA1 5.1.0
2024-02-24 01:26:33,473 [INFO] ThirdParty:1030 - CMSIS Pack Vendor :STMicroelectronics HAL Drivers 0.0.0
2024-02-24 01:26:33,474 [INFO] ThirdParty:1030 - CMSIS Pack Vendor :STMicroelectronics MBEDTLS 2.16.2
2024-02-24 01:26:33,474 [INFO] ThirdParty:1030 - CMSIS Pack Vendor :emotas I-CUBE-CANOPEN 1.3.0
2024-02-24 01:26:33,474 [INFO] ThirdParty:1030 - CMSIS Pack Vendor :STMicroelectronics X-CUBE-MEMS1 10.0.0
2024-02-24 01:26:33,474 [INFO] ThirdParty:1030 - CMSIS Pack Vendor :STMicroelectronics X-CUBE-FREERTOS 1.1.0
2024-02-24 01:26:33,474 [INFO] ThirdParty:1030 - CMSIS Pack Vendor :STMicroelectronics X-CUBE-NFC7 1.0.1
2024-02-24 01:26:33,474 [INFO] ThirdParty:1030 - CMSIS Pack Vendor :STMicroelectronics MBEDTLS 2.14.1
2024-02-24 01:26:33,474 [INFO] ThirdParty:1030 - CMSIS Pack Vendor :STMicroelectronics X-CUBE-NFC6 3.0.0
2024-02-24 01:26:33,474 [INFO] ThirdParty:1030 - CMSIS Pack Vendor :portGmbH I-Cube-SoM-uGOAL 1.1.0
2024-02-24 01:26:33,474 [INFO] ThirdParty:1030 - CMSIS Pack Vendor :STMicroelectronics X-CUBE-ALS 1.0.1
2024-02-24 01:26:33,474 [INFO] ThirdParty:1030 - CMSIS Pack Vendor :STMicroelectronics ThreadX 1.0.0
2024-02-24 01:26:33,474 [INFO] ThirdParty:1030 - CMSIS Pack Vendor :STMicroelectronics FP-SNS-SMARTAG2 1.2.0
2024-02-24 01:26:33,474 [INFO] ThirdParty:1030 - CMSIS Pack Vendor :STMicroelectronics X-CUBE-AZRTOS-WL 2.0.0
2024-02-24 01:26:33,474 [INFO] ThirdParty:1030 - CMSIS Pack Vendor :SEGGER I-CUBE-embOS 1.3.1
2024-02-24 01:26:33,474 [INFO] ThirdParty:1030 - CMSIS Pack Vendor :STMicroelectronics USB_DEVICE 1.0.0
2024-02-24 01:26:33,474 [INFO] ThirdParty:1030 - CMSIS Pack Vendor :STMicroelectronics X-CUBE-AI 8.1.0
2024-02-24 01:26:33,474 [INFO] ThirdParty:1030 - CMSIS Pack Vendor :STMicroelectronics X-CUBE-AZRTOS-L4 2.0.0
2024-02-24 01:26:33,474 [INFO] ThirdParty:1030 - CMSIS Pack Vendor :STMicroelectronics ThreadX 0.0.2
2024-02-24 01:26:33,474 [INFO] ThirdParty:1030 - CMSIS Pack Vendor :WES I-CUBE-Cesium 1.3.0
2024-02-24 01:26:33,474 [INFO] ThirdParty:1030 - CMSIS Pack Vendor :STMicroelectronics FP-ATR-ASTRA1 2.0.0
2024-02-24 01:26:33,474 [INFO] ThirdParty:1030 - CMSIS Pack Vendor :STMicroelectronics lwIP 2.1.2
2024-02-24 01:26:33,474 [INFO] ThirdParty:1030 - CMSIS Pack Vendor :STMicroelectronics X-CUBE-SFXS2LP1 4.0.0
2024-02-24 01:26:33,474 [INFO] ThirdParty:1030 - CMSIS Pack Vendor :STMicroelectronics X-CUBE-BLE2 3.3.0
2024-02-24 01:26:33,474 [INFO] ThirdParty:1030 - CMSIS Pack Vendor :STMicroelectronics X-CUBE-TOF1 3.4.0
2024-02-24 01:26:33,474 [INFO] ThirdParty:1030 - CMSIS Pack Vendor :STMicroelectronics X-CUBE-AZRTOS-H7 3.2.0
2024-02-24 01:26:33,475 [INFO] ThirdParty:1030 - CMSIS Pack Vendor :STMicroelectronics PDM2PCM 3.2.0
2024-02-24 01:26:33,475 [INFO] ThirdParty:841 - exiting critical section [change project]
2024-02-24 01:26:33,699 [INFO] PinOutPanel:1499 - setPackage(No Configuration,No Configuration)
2024-02-24 01:26:33,700 [INFO] PinOutPanel:1499 - setPackage(STM32F411CEUx,UFQFPN48)
2024-02-24 01:26:34,007 [INFO] UtilMem:75 - Before build in PCC Used Memory: 439185440 Bytes (825229312)
2024-02-24 01:26:34,559 [INFO] UtilMem:75 - After build in PCC Used Memory: 519630376 Bytes (825229312)
2024-02-24 01:26:34,579 [INFO] IPUIPlugin:80 - create IPUIPlugin
2024-02-24 01:26:34,579 [INFO] IPUIPlugin:80 - create IPUIPlugin
2024-02-24 01:26:34,581 [INFO] IPUIPlugin:80 - create IPUIPlugin
2024-02-24 01:26:34,581 [INFO] IPUIPlugin:80 - create IPUIPlugin
2024-02-24 01:26:34,581 [INFO] IPUIPlugin:80 - create IPUIPlugin
2024-02-24 01:26:34,581 [INFO] IPUIPlugin:80 - create IPUIPlugin
2024-02-24 01:26:34,581 [INFO] IPUIPlugin:80 - create IPUIPlugin
2024-02-24 01:26:34,581 [INFO] IPUIPlugin:80 - create IPUIPlugin
2024-02-24 01:26:34,581 [INFO] IPUIPlugin:80 - create IPUIPlugin
2024-02-24 01:26:34,581 [INFO] IPUIPlugin:80 - create IPUIPlugin
2024-02-24 01:26:34,581 [INFO] IPUIPlugin:80 - create IPUIPlugin
2024-02-24 01:26:34,582 [INFO] IPUIPlugin:80 - create IPUIPlugin
2024-02-24 01:26:34,582 [INFO] IPUIPlugin:80 - create IPUIPlugin
2024-02-24 01:26:34,582 [INFO] IPUIPlugin:80 - create IPUIPlugin
2024-02-24 01:26:34,582 [INFO] IPUIPlugin:80 - create IPUIPlugin
2024-02-24 01:26:34,582 [INFO] IPUIPlugin:80 - create IPUIPlugin
2024-02-24 01:26:34,582 [INFO] IPUIPlugin:80 - create IPUIPlugin
2024-02-24 01:26:34,582 [INFO] IPUIPlugin:80 - create IPUIPlugin
2024-02-24 01:26:34,582 [INFO] IPUIPlugin:80 - create IPUIPlugin
2024-02-24 01:26:34,583 [INFO] IPUIPlugin:80 - create IPUIPlugin
2024-02-24 01:26:34,583 [INFO] IPUIPlugin:80 - create IPUIPlugin
2024-02-24 01:26:34,583 [INFO] IPUIPlugin:80 - create IPUIPlugin
2024-02-24 01:26:34,583 [INFO] IPUIPlugin:80 - create IPUIPlugin
2024-02-24 01:26:34,583 [INFO] IPUIPlugin:80 - create IPUIPlugin
2024-02-24 01:26:34,583 [INFO] IPUIPlugin:80 - create IPUIPlugin
2024-02-24 01:26:34,583 [INFO] IPUIPlugin:80 - create IPUIPlugin
2024-02-24 01:26:34,584 [INFO] IPUIPlugin:80 - create IPUIPlugin
2024-02-24 01:26:34,584 [INFO] IPUIPlugin:80 - create IPUIPlugin
2024-02-24 01:26:34,584 [INFO] IPUIPlugin:80 - create IPUIPlugin
2024-02-24 01:26:34,584 [INFO] IPUIPlugin:80 - create IPUIPlugin
2024-02-24 01:26:34,584 [INFO] IPUIPlugin:80 - create IPUIPlugin
2024-02-24 01:26:34,585 [INFO] IPUIPlugin:80 - create IPUIPlugin
2024-02-24 01:26:34,585 [INFO] IPUIPlugin:80 - create IPUIPlugin
2024-02-24 01:26:34,585 [INFO] IPUIPlugin:80 - create IPUIPlugin
2024-02-24 01:26:34,585 [INFO] IPUIPlugin:80 - create IPUIPlugin
2024-02-24 01:26:34,585 [INFO] IPUIPlugin:80 - create IPUIPlugin
2024-02-24 01:26:34,585 [INFO] IPUIPlugin:80 - create IPUIPlugin
2024-02-24 01:26:34,586 [INFO] IPUIPlugin:80 - create IPUIPlugin
2024-02-24 01:26:34,586 [INFO] IPUIPlugin:80 - create IPUIPlugin
2024-02-24 01:26:34,586 [INFO] IPUIPlugin:80 - create IPUIPlugin
2024-02-24 01:26:34,586 [INFO] IPUIPlugin:80 - create IPUIPlugin
2024-02-24 01:26:34,586 [INFO] IPUIPlugin:80 - create IPUIPlugin
2024-02-24 01:26:34,587 [INFO] IPUIPlugin:80 - create IPUIPlugin
2024-02-24 01:26:34,656 [INFO] ApiDbMcu:508 - Load IP Config File for PDM2PCM
2024-02-24 01:26:34,809 [INFO] CADModel:165 - CPN selected for project levelSTM32F411CEU6
2024-02-24 01:26:34,809 [INFO] CADModel:114 - Register for checkConnection events
2024-02-24 01:26:34,854 [INFO] OpenFileManager:343 - Restore cursor
2024-02-24 01:26:35,914 [INFO] UtilMem:75 - End SaveConfig() Used Memory: 624418592 Bytes (825229312)
2024-02-24 01:26:35,988 [INFO] UtilMem:75 - End SaveConfig() Used Memory: 639692336 Bytes (825229312)
2024-02-24 01:26:36,290 [INFO] BlockDiagram:2759 - set Specific Code input for plugin: NVIC
2024-02-24 01:26:36,290 [INFO] BlockDiagram:2759 - set Specific Code input for plugin: RCC
2024-02-24 01:26:36,301 [INFO] CodeGenerator:807 - code generatio: config db path: C:\ST\STM32CubeIDE_1.14.0\STM32CubeIDE\plugins\com.st.stm32cube.common.mx_6.10.0.202311202037\\db\
2024-02-24 01:26:36,748 [INFO] CodeEngine:255 - oldGeneratedFile, E:\Sexto_sem\MCU_avanzados\adc_single\MXTmpFiles\license.tmp_save
2024-02-24 01:26:38,341 [INFO] CodeEngine:279 - Generated code: E:\Sexto_sem\MCU_avanzados\adc_single\MXTmpFiles\license.tmp
2024-02-24 01:26:38,546 [INFO] CodeEngine:255 - oldGeneratedFile, E:\Sexto_sem\MCU_avanzados\adc_single\Core\Src\stm32f4xx_it.c_save
2024-02-24 01:26:38,808 [INFO] CodeEngine:279 - Generated code: E:\Sexto_sem\MCU_avanzados\adc_single\Core\Src\stm32f4xx_it.c
2024-02-24 01:26:38,882 [INFO] CodeEngine:255 - oldGeneratedFile, E:\Sexto_sem\MCU_avanzados\adc_single\Core\Inc\stm32f4xx_it.h_save
2024-02-24 01:26:39,077 [INFO] CodeEngine:279 - Generated code: E:\Sexto_sem\MCU_avanzados\adc_single\Core\Inc\stm32f4xx_it.h
2024-02-24 01:26:39,328 [INFO] CodeEngine:255 - oldGeneratedFile, E:\Sexto_sem\MCU_avanzados\adc_single\Core\Src\stm32f4xx_hal_msp.c_save
2024-02-24 01:26:39,544 [INFO] CodeEngine:279 - Generated code: E:\Sexto_sem\MCU_avanzados\adc_single\Core\Src\stm32f4xx_hal_msp.c
2024-02-24 01:26:39,616 [INFO] CodeEngine:255 - oldGeneratedFile, E:\Sexto_sem\MCU_avanzados\adc_single\MXTmpFiles\system.tmp_save
2024-02-24 01:26:39,746 [INFO] CodeEngine:279 - Generated code: E:\Sexto_sem\MCU_avanzados\adc_single\MXTmpFiles\system.tmp
2024-02-24 01:26:39,981 [INFO] CodeEngine:311 - oldGeneratedFile, E:\Sexto_sem\MCU_avanzados\adc_single\Core\Inc\stm32f4xx_hal_conf.h_save
2024-02-24 01:26:40,261 [INFO] CodeEngine:335 - Generated code: E:\Sexto_sem\MCU_avanzados\adc_single\Core\Inc\stm32f4xx_hal_conf.h
2024-02-24 01:26:40,526 [INFO] CodeEngine:255 - oldGeneratedFile, E:\Sexto_sem\MCU_avanzados\adc_single\Core\Inc\main.h_save
2024-02-24 01:26:40,732 [INFO] CodeEngine:279 - Generated code: E:\Sexto_sem\MCU_avanzados\adc_single\Core\Inc\main.h
2024-02-24 01:26:40,815 [INFO] CodeEngine:255 - oldGeneratedFile, E:\Sexto_sem\MCU_avanzados\adc_single\Core\Src\main.c_save
2024-02-24 01:26:41,061 [INFO] CodeEngine:279 - Generated code: E:\Sexto_sem\MCU_avanzados\adc_single\Core\Src\main.c
2024-02-24 01:26:49,362 [INFO] ProjectBuilder:3076 - Time for Copy HAL[1] : 7132mS.
2024-02-24 01:26:49,400 [INFO] ProjectBuilder:4485 - Project Generator version: 4.2.0-B44
2024-02-24 01:26:49,641 [INFO] ConfigFileManager:1495 - The Die is : DIE431
2024-02-24 01:26:49,661 [INFO] ApiDbMcu:508 - Load IP Config File for FATFS
2024-02-24 01:26:49,677 [INFO] ApiDbMcu:508 - Load IP Config File for FREERTOS
2024-02-24 01:26:49,690 [INFO] ApiDbMcu:508 - Load IP Config File for LIBJPEG
2024-02-24 01:26:49,706 [INFO] ApiDbMcu:508 - Load IP Config File for MBEDTLS
2024-02-24 01:26:49,722 [INFO] ApiDbMcu:508 - Load IP Config File for USB_DEVICE
2024-02-24 01:26:49,734 [INFO] ApiDbMcu:508 - Load IP Config File for USB_HOST
