2024-03-30 02:30:35,563 [ERROR] LogOutputStream:75 - [STDERR_REDIRECT] 
2024-03-30 12:35:56,566 [INFO] Activator:176 - 


2024-03-30 12:35:56,568 [INFO] Activator:177 - !SESSION log4j initialized
2024-03-30 12:36:01,365 [INFO] LogOutputStream:77 - [STDOUT_REDIRECT] 
2024-03-30 12:37:31,885 [INFO] ApplicationProperties:184 - Using Application install path: C:\ST\STM32CubeIDE_1.14.0\STM32CubeIDE\plugins\com.st.stm32cube.common.mx_6.10.0.202311202037
2024-03-30 12:37:31,898 [INFO] DbMcusXml:78 - Set database path to: C:\ST\STM32CubeIDE_1.14.0\STM32CubeIDE\plugins\com.st.stm32cube.common.mx_6.10.0.202311202037\\db\/mcu/
2024-03-30 12:37:31,900 [INFO] ApiDb:274 - Set plugin database path to: C:\ST\STM32CubeIDE_1.14.0\STM32CubeIDE\plugins\com.st.stm32cube.common.mx_6.10.0.202311202037\\db\/plugins/boardmanager/
2024-03-30 12:37:31,900 [WARN] ApiDb:259 - Overriding images path with different value:  => C:\ST\STM32CubeIDE_1.14.0\STM32CubeIDE\plugins\com.st.stm32cube.common.mx_6.10.0.202311202037\\db\/plugins/mcufinder/images/
2024-03-30 12:37:31,907 [INFO] ApiDb:250 - Set database path to: C:\Users\adria\.stmcufinder\plugins\mcufinder//mcu/
2024-03-30 12:37:31,908 [INFO] DbMcusAds:125 - Set database path to: C:\Users\adria\.stmcufinder\plugins\mcufinder//mcu/
2024-03-30 12:37:31,918 [INFO] CrossReferenceDbSqlite:203 - Set database path to: C:\Users\adria\.stmcufinder\plugins\mcufinder//mcu/cs/
2024-03-30 12:37:32,003 [INFO] RulesReader:64 - Compatibility file has been processed (297 Rules)
2024-03-30 12:37:32,069 [INFO] DbMcusXml:78 - Set database path to: C:\ST\STM32CubeIDE_1.14.0\STM32CubeIDE\plugins\com.st.stm32cube.common.mx_6.10.0.202311202037\\db\/mcu/
2024-03-30 12:37:32,069 [INFO] ApiDb:274 - Set plugin database path to: C:\ST\STM32CubeIDE_1.14.0\STM32CubeIDE\plugins\com.st.stm32cube.common.mx_6.10.0.202311202037\\db\/plugins/boardmanager/
2024-03-30 12:37:32,070 [INFO] ApiDb:261 - Set plugin images path to: C:\ST\STM32CubeIDE_1.14.0\STM32CubeIDE\plugins\com.st.stm32cube.common.mx_6.10.0.202311202037\\db\/plugins/mcufinder/images/
2024-03-30 12:37:32,070 [WARN] DbFile:41 - Overriding database path with different value: C:\Users\adria\.stmcufinder\plugins\mcufinder/ => C:\Users\adria\.stmcufinder\plugins\mcufinder
2024-03-30 12:37:32,070 [INFO] ApiDb:250 - Set database path to: C:\Users\adria\.stmcufinder\plugins\mcufinder//mcu/
2024-03-30 12:37:32,070 [WARN] DbFile:41 - Overriding database path with different value: C:\Users\adria\.stmcufinder\plugins\mcufinder/ => C:\Users\adria\.stmcufinder\plugins\mcufinder
2024-03-30 12:37:32,070 [INFO] DbMcusAds:125 - Set database path to: C:\Users\adria\.stmcufinder\plugins\mcufinder//mcu/
2024-03-30 12:37:32,070 [WARN] DbFile:41 - Overriding database path with different value: C:\Users\adria\.stmcufinder\plugins\mcufinder/ => C:\Users\adria\.stmcufinder\plugins\mcufinder
2024-03-30 12:37:32,070 [WARN] DbFile:41 - Overriding database path with different value: C:\Users\adria\.stmcufinder\plugins\mcufinder/ => C:\Users\adria\.stmcufinder\plugins\mcufinder
2024-03-30 12:37:32,070 [INFO] CrossReferenceDbSqlite:203 - Set database path to: C:\Users\adria\.stmcufinder\plugins\mcufinder//mcu/cs/
2024-03-30 12:37:32,133 [INFO] MainPanel:264 - HeapMemory: 272629760
2024-03-30 12:37:32,210 [INFO] DbMcusXml:78 - Set database path to: C:\ST\STM32CubeIDE_1.14.0\STM32CubeIDE\plugins\com.st.stm32cube.common.mx_6.10.0.202311202037\\db\/mcu/
2024-03-30 12:37:32,210 [INFO] ApiDb:274 - Set plugin database path to: C:\ST\STM32CubeIDE_1.14.0\STM32CubeIDE\plugins\com.st.stm32cube.common.mx_6.10.0.202311202037\\db\/plugins/boardmanager/
2024-03-30 12:37:32,210 [INFO] ApiDb:261 - Set plugin images path to: C:\ST\STM32CubeIDE_1.14.0\STM32CubeIDE\plugins\com.st.stm32cube.common.mx_6.10.0.202311202037\\db\/plugins/mcufinder/images/
2024-03-30 12:37:32,210 [WARN] DbFile:41 - Overriding database path with different value: C:\Users\adria\.stmcufinder\plugins\mcufinder/ => C:\Users\adria\.stmcufinder\plugins\mcufinder
2024-03-30 12:37:32,210 [INFO] ApiDb:250 - Set database path to: C:\Users\adria\.stmcufinder\plugins\mcufinder//mcu/
2024-03-30 12:37:32,210 [WARN] DbFile:41 - Overriding database path with different value: C:\Users\adria\.stmcufinder\plugins\mcufinder/ => C:\Users\adria\.stmcufinder\plugins\mcufinder
2024-03-30 12:37:32,210 [INFO] DbMcusAds:125 - Set database path to: C:\Users\adria\.stmcufinder\plugins\mcufinder//mcu/
2024-03-30 12:37:32,210 [WARN] DbFile:41 - Overriding database path with different value: C:\Users\adria\.stmcufinder\plugins\mcufinder/ => C:\Users\adria\.stmcufinder\plugins\mcufinder
2024-03-30 12:37:32,210 [WARN] DbFile:41 - Overriding database path with different value: C:\Users\adria\.stmcufinder\plugins\mcufinder/ => C:\Users\adria\.stmcufinder\plugins\mcufinder
2024-03-30 12:37:32,211 [INFO] CrossReferenceDbSqlite:203 - Set database path to: C:\Users\adria\.stmcufinder\plugins\mcufinder//mcu/cs/
2024-03-30 12:37:32,227 [INFO] ApplicationProperties:184 - Using Application install path: C:\ST\STM32CubeIDE_1.14.0\STM32CubeIDE\plugins\com.st.stm32cube.common.mx_6.10.0.202311202037
2024-03-30 12:37:32,228 [INFO] PluginManage:196 - Search for loadable plugins [exclusion list=, ]
2024-03-30 12:37:32,228 [INFO] PluginManage:310 - Check plugin analytics
2024-03-30 12:37:32,360 [INFO] AnalyticsPlugin:253 - Accepted Software Licenses: 
2024-03-30 12:37:32,360 [INFO] AnalyticsPlugin:255 - Accepted CMSIS Pack Licenses: 
2024-03-30 12:37:32,360 [INFO] AnalyticsPlugin:257 - Accepted Firmware Licenses: 
2024-03-30 12:37:32,362 [INFO] PluginManage:359 - Loaded plugin analytics (category:tool,tabindex:-1)
2024-03-30 12:37:32,362 [INFO] PluginManage:310 - Check plugin cadmodel
2024-03-30 12:37:32,374 [INFO] CADModel:105 - Init CAD model plugin
2024-03-30 12:37:32,374 [INFO] PluginManage:359 - Loaded plugin cadmodel (category:power,tabindex:5)
2024-03-30 12:37:32,374 [INFO] PluginManage:310 - Check plugin clock
2024-03-30 12:37:32,393 [INFO] PluginManage:359 - Loaded plugin clock (category:base,tabindex:2)
2024-03-30 12:37:32,393 [INFO] PluginManage:310 - Check plugin ddr
2024-03-30 12:37:32,395 [INFO] PluginManage:359 - Loaded plugin ddr (category:tool,tabindex:6)
2024-03-30 12:37:32,395 [INFO] PluginManage:310 - Check plugin filemanager
2024-03-30 12:37:32,499 [INFO] PluginManage:359 - Loaded plugin filemanager (category:base,tabindex:10)
2024-03-30 12:37:32,499 [INFO] PluginManage:310 - Check plugin ipmanager
2024-03-30 12:37:32,505 [INFO] PluginManage:359 - Loaded plugin ipmanager (category:base,tabindex:5)
2024-03-30 12:37:32,505 [INFO] PluginManage:310 - Check plugin lpbam
2024-03-30 12:37:32,520 [INFO] PluginManage:359 - Loaded plugin lpbam (category:base,tabindex:0)
2024-03-30 12:37:32,521 [INFO] PluginManage:310 - Check plugin memorymap
2024-03-30 12:37:32,540 [INFO] PluginManage:359 - Loaded plugin memorymap (category:base,tabindex:4)
2024-03-30 12:37:32,540 [INFO] PluginManage:310 - Check plugin pinoutandconfiguration
2024-03-30 12:37:32,554 [INFO] PluginManage:359 - Loaded plugin pinoutandconfiguration (category:base,tabindex:1)
2024-03-30 12:37:32,554 [INFO] PluginManage:310 - Check plugin pinoutconfig
2024-03-30 12:37:32,625 [WARN] SupportedApi:132 - Cannot load RTOS API schema: s4s-elt-must-match.1: The content of 'definitions' must match (annotation?, (simpleType | complexType)?, (unique | key | keyref)*)). A problem was found starting at: attribute.
2024-03-30 12:37:32,739 [INFO] PluginManage:359 - Loaded plugin pinoutconfig (category:base,tabindex:0)
2024-03-30 12:37:32,739 [INFO] PluginManage:310 - Check plugin power
2024-03-30 12:37:32,757 [INFO] PluginManage:359 - Loaded plugin power (category:power,tabindex:4)
2024-03-30 12:37:32,757 [INFO] PluginManage:310 - Check plugin projectmanager
2024-03-30 12:37:32,771 [INFO] PluginManage:359 - Loaded plugin projectmanager (category:projectmanager,tabindex:3)
2024-03-30 12:37:32,771 [INFO] PluginManage:310 - Check plugin thirdparty
2024-03-30 12:37:32,995 [INFO] PluginManage:359 - Loaded plugin thirdparty (category:base,tabindex:-1)
2024-03-30 12:37:32,995 [INFO] PluginManage:310 - Check plugin tools
2024-03-30 12:37:32,995 [WARN] IntegrityCheckThread:84 - waiting for thirdparty lock release [integrity check]
2024-03-30 12:37:32,995 [INFO] IntegrityCheckThread:86 - entering critical section [integrity check]
2024-03-30 12:37:32,996 [INFO] ThirdPartyUpdaterWithRetryManager:70 - Updater plugin not ready yet. [1/15]
2024-03-30 12:37:33,020 [INFO] PluginManage:359 - Loaded plugin tools (category:base,tabindex:7)
2024-03-30 12:37:33,020 [INFO] PluginManage:310 - Check plugin tutovideos
2024-03-30 12:37:33,161 [INFO] PluginManage:359 - Loaded plugin tutovideos (category:base,tabindex:-1)
2024-03-30 12:37:33,162 [INFO] PluginManage:310 - Check plugin updater
2024-03-30 12:37:33,172 [INFO] PluginManage:359 - Loaded plugin updater (category:base,tabindex:12)
2024-03-30 12:37:33,172 [INFO] PluginManage:310 - Check plugin userauth
2024-03-30 12:37:33,177 [INFO] UserAuth:114 - Init User Auth plugin
2024-03-30 12:37:33,177 [INFO] PluginManage:359 - Loaded plugin userauth (category:base,tabindex:14)
2024-03-30 12:37:33,177 [INFO] PluginManage:283 - PluginManage : Loaded plugins [17]
2024-03-30 12:37:33,372 [INFO] PinOutPanel:1499 - setPackage(No Configuration,No Configuration)
2024-03-30 12:37:33,432 [INFO] CADModel:165 - CPN selected for project level
2024-03-30 12:37:33,432 [INFO] CADModel:114 - Register for checkConnection events
2024-03-30 12:37:33,455 [INFO] IPUIPlugin:80 - create IPUIPlugin
2024-03-30 12:37:33,455 [INFO] PluginManager:220 - loadIPPluginJar : add adc
2024-03-30 12:37:33,484 [INFO] IPUIPlugin:80 - create IPUIPlugin
2024-03-30 12:37:33,484 [INFO] PluginManager:220 - loadIPPluginJar : add aes
2024-03-30 12:37:33,521 [INFO] IPUIPlugin:80 - create IPUIPlugin
2024-03-30 12:37:33,521 [INFO] PluginManager:220 - loadIPPluginJar : add can
2024-03-30 12:37:33,538 [INFO] IPUIPlugin:80 - create IPUIPlugin
2024-03-30 12:37:33,538 [INFO] PluginManager:220 - loadIPPluginJar : add comp
2024-03-30 12:37:33,561 [INFO] IPUIPlugin:80 - create IPUIPlugin
2024-03-30 12:37:33,562 [INFO] PluginManager:220 - loadIPPluginJar : add cryp
2024-03-30 12:37:33,584 [INFO] IPUIPlugin:80 - create IPUIPlugin
2024-03-30 12:37:33,584 [INFO] PluginManager:220 - loadIPPluginJar : add dfsdm
2024-03-30 12:37:33,595 [INFO] IPUIPlugin:80 - create IPUIPlugin
2024-03-30 12:37:33,596 [INFO] PluginManager:220 - loadIPPluginJar : add dma
2024-03-30 12:37:33,626 [INFO] IPUIPlugin:80 - create IPUIPlugin
2024-03-30 12:37:33,627 [INFO] PluginManager:220 - loadIPPluginJar : add dma3
2024-03-30 12:37:33,641 [INFO] IPUIPlugin:80 - create IPUIPlugin
2024-03-30 12:37:33,641 [INFO] PluginManager:220 - loadIPPluginJar : add fatfs
2024-03-30 12:37:33,675 [INFO] IPUIPlugin:80 - create IPUIPlugin
2024-03-30 12:37:33,675 [INFO] PluginManager:220 - loadIPPluginJar : add fmc
2024-03-30 12:37:33,687 [INFO] IPUIPlugin:80 - create IPUIPlugin
2024-03-30 12:37:33,687 [INFO] PluginManager:220 - loadIPPluginJar : add freertos
2024-03-30 12:37:33,703 [INFO] IPUIPlugin:80 - create IPUIPlugin
2024-03-30 12:37:33,703 [INFO] PluginManager:220 - loadIPPluginJar : add genericplugin
2024-03-30 12:37:33,768 [INFO] IPUIPlugin:80 - create IPUIPlugin
2024-03-30 12:37:33,768 [INFO] PluginManager:220 - loadIPPluginJar : add gfxmmu
2024-03-30 12:37:33,862 [INFO] IPUIPlugin:80 - create IPUIPlugin
2024-03-30 12:37:33,863 [INFO] PluginManager:220 - loadIPPluginJar : add gic
2024-03-30 12:37:33,873 [INFO] IPUIPlugin:80 - create IPUIPlugin
2024-03-30 12:37:33,873 [INFO] PluginManager:220 - loadIPPluginJar : add gpio
2024-03-30 12:37:33,941 [INFO] IPUIPlugin:80 - create IPUIPlugin
2024-03-30 12:37:33,941 [INFO] PluginManager:220 - loadIPPluginJar : add gtzc
2024-03-30 12:37:33,965 [INFO] IPUIPlugin:80 - create IPUIPlugin
2024-03-30 12:37:33,965 [INFO] PluginManager:220 - loadIPPluginJar : add hash
2024-03-30 12:37:34,009 [INFO] IPUIPlugin:80 - create IPUIPlugin
2024-03-30 12:37:34,009 [INFO] PluginManager:220 - loadIPPluginJar : add i2c
2024-03-30 12:37:34,039 [INFO] IPUIPlugin:80 - create IPUIPlugin
2024-03-30 12:37:34,040 [INFO] PluginManager:220 - loadIPPluginJar : add i2s
2024-03-30 12:37:34,073 [INFO] IPUIPlugin:80 - create IPUIPlugin
2024-03-30 12:37:34,073 [INFO] PluginManager:220 - loadIPPluginJar : add i3c
2024-03-30 12:37:34,158 [INFO] IPUIPlugin:80 - create IPUIPlugin
2024-03-30 12:37:34,158 [INFO] PluginManager:220 - loadIPPluginJar : add ipddr
2024-03-30 12:37:34,219 [INFO] IPUIPlugin:80 - create IPUIPlugin
2024-03-30 12:37:34,219 [INFO] PluginManager:220 - loadIPPluginJar : add linkedlist
2024-03-30 12:37:34,243 [INFO] IPUIPlugin:80 - create IPUIPlugin
2024-03-30 12:37:34,243 [INFO] PluginManager:220 - loadIPPluginJar : add lorawan
2024-03-30 12:37:34,267 [INFO] IPUIPlugin:80 - create IPUIPlugin
2024-03-30 12:37:34,267 [INFO] PluginManager:220 - loadIPPluginJar : add ltdc
2024-03-30 12:37:34,279 [INFO] IPUIPlugin:80 - create IPUIPlugin
2024-03-30 12:37:34,279 [INFO] PluginManager:220 - loadIPPluginJar : add mdma
2024-03-30 12:37:34,289 [INFO] IPUIPlugin:80 - create IPUIPlugin
2024-03-30 12:37:34,289 [INFO] PluginManager:220 - loadIPPluginJar : add nvic
2024-03-30 12:37:34,316 [INFO] IPUIPlugin:80 - create IPUIPlugin
2024-03-30 12:37:34,316 [INFO] PluginManager:220 - loadIPPluginJar : add opamp
2024-03-30 12:37:34,360 [INFO] IPUIPlugin:80 - create IPUIPlugin
2024-03-30 12:37:34,360 [INFO] PluginManager:220 - loadIPPluginJar : add openamp
2024-03-30 12:37:34,390 [INFO] IPUIPlugin:80 - create IPUIPlugin
2024-03-30 12:37:34,390 [INFO] PluginManager:220 - loadIPPluginJar : add pdm2pcm
2024-03-30 12:37:34,401 [INFO] IPUIPlugin:80 - create IPUIPlugin
2024-03-30 12:37:34,403 [INFO] PluginManager:220 - loadIPPluginJar : add plateformsettings
2024-03-30 12:37:34,420 [INFO] IPUIPlugin:80 - create IPUIPlugin
2024-03-30 12:37:34,420 [INFO] PluginManager:220 - loadIPPluginJar : add quadspi
2024-03-30 12:37:34,430 [INFO] IPUIPlugin:80 - create IPUIPlugin
2024-03-30 12:37:34,430 [INFO] PluginManager:220 - loadIPPluginJar : add resmgrutility
2024-03-30 12:37:34,467 [INFO] IPUIPlugin:80 - create IPUIPlugin
2024-03-30 12:37:34,467 [INFO] PluginManager:220 - loadIPPluginJar : add sai
2024-03-30 12:37:34,494 [INFO] IPUIPlugin:80 - create IPUIPlugin
2024-03-30 12:37:34,494 [INFO] PluginManager:220 - loadIPPluginJar : add spi
2024-03-30 12:37:34,566 [INFO] IPUIPlugin:80 - create IPUIPlugin
2024-03-30 12:37:34,566 [INFO] PluginManager:220 - loadIPPluginJar : add stm32_wpan
2024-03-30 12:37:34,583 [INFO] IPUIPlugin:80 - create IPUIPlugin
2024-03-30 12:37:34,583 [INFO] PluginManager:220 - loadIPPluginJar : add tim
2024-03-30 12:37:34,624 [INFO] IPUIPlugin:80 - create IPUIPlugin
2024-03-30 12:37:34,624 [INFO] PluginManager:220 - loadIPPluginJar : add touchsensing
2024-03-30 12:37:34,640 [INFO] IPUIPlugin:80 - create IPUIPlugin
2024-03-30 12:37:34,641 [INFO] PluginManager:220 - loadIPPluginJar : add tracer_emb
2024-03-30 12:37:34,657 [INFO] IPUIPlugin:80 - create IPUIPlugin
2024-03-30 12:37:34,657 [INFO] PluginManager:220 - loadIPPluginJar : add ts
2024-03-30 12:37:34,675 [INFO] IPUIPlugin:80 - create IPUIPlugin
2024-03-30 12:37:34,675 [INFO] PluginManager:220 - loadIPPluginJar : add tsc
2024-03-30 12:37:34,692 [INFO] IPUIPlugin:80 - create IPUIPlugin
2024-03-30 12:37:34,692 [INFO] PluginManager:220 - loadIPPluginJar : add ucpd
2024-03-30 12:37:34,724 [INFO] IPUIPlugin:80 - create IPUIPlugin
2024-03-30 12:37:34,724 [INFO] PluginManager:220 - loadIPPluginJar : add usart
2024-03-30 12:37:34,757 [INFO] IPUIPlugin:80 - create IPUIPlugin
2024-03-30 12:37:34,757 [INFO] PluginManager:220 - loadIPPluginJar : add usbx
2024-03-30 12:37:34,877 [INFO] CADModel:165 - CPN selected for project level
2024-03-30 12:37:34,877 [INFO] CADModel:114 - Register for checkConnection events
2024-03-30 12:37:34,877 [FATAL] Updater:308 - Updater called before beeing initialized
2024-03-30 12:37:34,877 [ERROR] CADModel:125 - Updater not yet initialized, retry later 
2024-03-30 12:37:35,010 [INFO] CADModel:165 - CPN selected for project level
2024-03-30 12:37:35,010 [INFO] CADModel:114 - Register for checkConnection events
2024-03-30 12:37:35,010 [FATAL] Updater:308 - Updater called before beeing initialized
2024-03-30 12:37:35,010 [ERROR] CADModel:125 - Updater not yet initialized, retry later 
2024-03-30 12:37:35,012 [FATAL] Updater:308 - Updater called before beeing initialized
2024-03-30 12:37:35,108 [FATAL] Updater:308 - Updater called before beeing initialized
2024-03-30 12:37:35,115 [INFO] DbMcusAds:53 - JSON generation date=Wed Nov 29 04:52:27 CST 2023 (1701255147349)
2024-03-30 12:37:35,115 [FATAL] Updater:308 - Updater called before beeing initialized
2024-03-30 12:37:35,178 [WARN] DetailPanel:346 - Failed to get advertising image, set to default
2024-03-30 12:37:35,261 [FATAL] Updater:308 - Updater called before beeing initialized
2024-03-30 12:37:35,264 [FATAL] Updater:308 - Updater called before beeing initialized
2024-03-30 12:37:35,264 [FATAL] Updater:308 - Updater called before beeing initialized
2024-03-30 12:37:35,264 [WARN] DetailPanel:346 - Failed to get advertising image, set to default
2024-03-30 12:37:35,265 [FATAL] Updater:308 - Updater called before beeing initialized
2024-03-30 12:37:35,316 [ERROR] Updater:1120 - MainUpdater not yet initialized. External WinMGr cannot be set.
2024-03-30 12:37:35,325 [INFO] Updater:1056 - Updater Version found : 6.10.0
2024-03-30 12:37:35,341 [INFO] ApplicationProperties:184 - Using Application install path: C:\ST\STM32CubeIDE_1.14.0\STM32CubeIDE\plugins\com.st.stm32cube.common.mx_6.10.0.202311202037
2024-03-30 12:37:35,997 [INFO] ThirdPartyUpdaterWithRetryManager:70 - Updater plugin not ready yet. [2/15]
2024-03-30 12:37:36,916 [ERROR] LogOutputStream:75 - [STDERR_REDIRECT] Mar 30, 2024 12:37:36 PM java.util.prefs.WindowsPreferences <init>
2024-03-30 12:37:36,917 [ERROR] LogOutputStream:75 - [STDERR_REDIRECT] WARNING: Could not open/create prefs root node Software\JavaSoft\Prefs at root 0xffffffff80000002. Windows RegCreateKeyEx(...) returned error code 5.
2024-03-30 12:37:36,917 [ERROR] LogOutputStream:75 - [STDERR_REDIRECT] 
2024-03-30 12:37:37,355 [INFO] MainUpdater:2873 - connection check result : 10
2024-03-30 12:37:37,355 [INFO] MainUpdater:290 - Updater Check For Update Now.
2024-03-30 12:37:37,355 [INFO] MicroXplorer:498 - Change Database Version : DB.6.0.100
2024-03-30 12:37:37,373 [INFO] McuFinderGlobals:63 - Set McuFinder mode to 2 (CubeIDE integrated)
2024-03-30 12:37:37,387 [INFO] UserAuth:404 - Internet connection configuration mode: 1
2024-03-30 12:37:37,423 [INFO] JxBrowserEngine:152 - Initiate JxBrowser Engine with user profile folder
2024-03-30 12:37:37,565 [INFO] CheckServerUpdateThread:120 - End of CheckServer Thread
2024-03-30 12:37:39,169 [WARN] PackLoader:240 - Cannot read IP mode file for STMicroelectronics.X-CUBE-SMBUS.2.1.0
2024-03-30 12:37:39,245 [WARN] PackLoader:240 - Cannot read IP mode file for STMicroelectronics.X-CUBE-TOUCHGFX.4.23.1
2024-03-30 12:37:39,260 [WARN] PackLoader:240 - Cannot read IP mode file for STMicroelectronics.X-CUBE-TOUCHGFX.4.23.0
2024-03-30 12:37:39,424 [WARN] PackLoader:240 - Cannot read IP mode file for STMicroelectronics.X-CUBE-AZRTOS-F7.1.1.0
2024-03-30 12:37:39,445 [WARN] PackLoader:240 - Cannot read IP mode file for STMicroelectronics.FP-SNS-MOTENV1.4.3.2
2024-03-30 12:37:39,463 [WARN] PackLoader:240 - Cannot read IP mode file for STMicroelectronics.FP-SNS-FLIGHT1.5.0.2
2024-03-30 12:37:39,477 [WARN] PackLoader:240 - Cannot read IP mode file for STMicroelectronics.X-CUBE-DISPLAY.3.0.0
2024-03-30 12:37:39,499 [WARN] PackLoader:240 - Cannot read IP mode file for STMicroelectronics.X-CUBE-BLE1.7.0.0
2024-03-30 12:37:39,512 [WARN] PackLoader:240 - Cannot read IP mode file for emotas.I-CUBE-CANOPEN.1.3.0
2024-03-30 12:37:39,544 [WARN] PackLoader:240 - Cannot read IP mode file for STMicroelectronics.X-CUBE-BLEMGR.3.1.0
2024-03-30 12:37:39,569 [WARN] PackLoader:240 - Cannot read IP mode file for STMicroelectronics.FP-SNS-SMARTAG2.1.2.0
2024-03-30 12:37:39,598 [INFO] LogOutputStream:77 - [STDOUT_REDIRECT] 1 : Invalid condition id : UX_CORESTACK_Condition cause : null
2024-03-30 12:37:39,598 [INFO] LogOutputStream:77 - [STDOUT_REDIRECT] 1 : Invalid condition id : UX_CORESTACK_Condition cause : null
2024-03-30 12:37:39,600 [INFO] LogOutputStream:77 - [STDOUT_REDIRECT] 1 : Invalid condition id : UX_CORESTACK_Condition cause : null
2024-03-30 12:37:39,601 [INFO] LogOutputStream:77 - [STDOUT_REDIRECT] 1 : Invalid condition id : UX_CORESTACK_Condition cause : null
2024-03-30 12:37:39,602 [INFO] LogOutputStream:77 - [STDOUT_REDIRECT] 1 : Invalid condition id : UX_CORESTACK_Condition cause : null
2024-03-30 12:37:39,606 [WARN] PackLoader:240 - Cannot read IP mode file for STMicroelectronics.X-CUBE-AZRTOS-WL.2.0.0
2024-03-30 12:37:39,621 [WARN] PackLoader:240 - Cannot read IP mode file for STMicroelectronics.FP-SNS-MOTENV1.5.0.0
2024-03-30 12:37:39,640 [WARN] PackLoader:240 - Cannot read IP mode file for WES.I-CUBE-Cesium.1.3.0
2024-03-30 12:37:39,660 [WARN] PackLoader:240 - Cannot read IP mode file for STMicroelectronics.X-CUBE-BLE2.3.3.0
2024-03-30 12:37:39,674 [WARN] PackLoader:240 - Cannot read IP mode file for STMicroelectronics.X-CUBE-ALGOBUILD.1.3.0
2024-03-30 12:37:39,714 [WARN] PackLoader:240 - Cannot read IP mode file for STMicroelectronics.X-CUBE-AZRTOS-G0.1.1.0
2024-03-30 12:37:39,745 [WARN] PackLoader:240 - Cannot read IP mode file for STMicroelectronics.X-CUBE-SAFEA1.1.2.2
2024-03-30 12:37:39,764 [WARN] PackLoader:240 - Cannot read IP mode file for STMicroelectronics.X-CUBE-NFC4.3.0.0
2024-03-30 12:37:39,791 [WARN] PackLoader:240 - Cannot read IP mode file for STMicroelectronics.X-CUBE-BLEMGR.3.0.0
2024-03-30 12:37:39,809 [WARN] PackLoader:240 - Cannot read IP mode file for STMicroelectronics.FP-ATR-SIGFOX1.3.2.0
2024-03-30 12:37:39,828 [WARN] PackLoader:240 - Cannot read IP mode file for STMicroelectronics.X-CUBE-EEPRMA1.5.1.0
2024-03-30 12:37:39,940 [WARN] PackLoader:240 - Cannot read IP mode file for SEGGER.I-CUBE-embOS.1.3.1
2024-03-30 12:37:40,004 [WARN] PackLoader:240 - Cannot read IP mode file for STMicroelectronics.X-CUBE-GNSS1.6.0.0
2024-03-30 12:37:40,036 [WARN] PackLoader:240 - Cannot read IP mode file for STMicroelectronics.X-CUBE-AZRTOS-F4.1.1.0
2024-03-30 12:37:40,055 [WARN] PackLoader:240 - Cannot read IP mode file for wolfSSL.I-CUBE-wolfSSL.5.6.4
2024-03-30 12:37:40,090 [WARN] PackLoader:240 - Cannot read IP mode file for STMicroelectronics.X-CUBE-AZRTOS-L5.2.0.0
2024-03-30 12:37:40,112 [WARN] PackLoader:240 - Cannot read IP mode file for STMicroelectronics.X-CUBE-EEPRMA1.4.2.0
2024-03-30 12:37:40,147 [WARN] PackLoader:240 - Cannot read IP mode file for STMicroelectronics.X-CUBE-NFC6.3.1.0
2024-03-30 12:37:40,193 [WARN] PackLoader:240 - Cannot read IP mode file for ITTIA_DB.I-CUBE-ITTIADB.8.8.0
2024-03-30 12:37:40,210 [WARN] PackLoader:240 - Cannot read IP mode file for STMicroelectronics.X-CUBE-NFC7.1.0.1
2024-03-30 12:37:40,229 [WARN] PackLoader:240 - Cannot read IP mode file for STMicroelectronics.X-CUBE-NFC6.3.0.0
2024-03-30 12:37:40,246 [WARN] PackLoader:240 - Cannot read IP mode file for STMicroelectronics.X-CUBE-AI.8.1.0
2024-03-30 12:37:40,284 [WARN] ConditionMgr:438 - getConditionDescription Invalid condition id : LAN8742 Phy interface Condition cause : null
2024-03-30 12:37:40,285 [WARN] PackLoader:240 - Cannot read IP mode file for STMicroelectronics.X-CUBE-AZRTOS-L4.2.0.0
2024-03-30 12:37:40,287 [WARN] ConditionMgr:1039 - genDependencies : Invalid condition id : LAN8742 Phy interface Condition cause : null
2024-03-30 12:37:40,287 [WARN] ConditionMgr:1039 - genDependencies : Invalid condition id : LAN8742 Phy interface Condition cause : null
2024-03-30 12:37:40,288 [WARN] ConditionMgr:1039 - genDependencies : Invalid condition id : LAN8742 Phy interface Condition cause : null
2024-03-30 12:37:40,310 [WARN] PackLoader:240 - Cannot read IP mode file for STMicroelectronics.X-CUBE-SFXS2LP1.4.0.0
2024-03-30 12:37:40,344 [WARN] ConditionMgr:438 - getConditionDescription Invalid condition id : UX DEVICE CLASS RTOS Condition cause : null
2024-03-30 12:37:40,345 [WARN] ConditionMgr:438 - getConditionDescription Invalid condition id : UX DEVICE CLASS RTOS Condition cause : null
2024-03-30 12:37:40,347 [WARN] PackLoader:240 - Cannot read IP mode file for STMicroelectronics.X-CUBE-AZRTOS-WB.2.0.0
2024-03-30 12:37:40,348 [WARN] ConditionMgr:1039 - genDependencies : Invalid condition id : UX DEVICE CLASS RTOS Condition cause : null
2024-03-30 12:37:40,348 [WARN] ConditionMgr:1039 - genDependencies : Invalid condition id : UX DEVICE CLASS RTOS Condition cause : null
2024-03-30 12:37:40,348 [WARN] ConditionMgr:1039 - genDependencies : Invalid condition id : UX DEVICE CLASS RTOS Condition cause : null
2024-03-30 12:37:40,349 [WARN] ConditionMgr:1039 - genDependencies : Invalid condition id : UX DEVICE CLASS RTOS Condition cause : null
2024-03-30 12:37:40,349 [WARN] ConditionMgr:1039 - genDependencies : Invalid condition id : UX DEVICE CLASS RTOS Condition cause : null
2024-03-30 12:37:40,392 [WARN] PackLoader:240 - Cannot read IP mode file for STMicroelectronics.X-CUBE-SUBG2.5.0.0
2024-03-30 12:37:40,528 [WARN] PackLoader:240 - Cannot read IP mode file for STMicroelectronics.X-CUBE-AZRTOS-G4.2.0.0
2024-03-30 12:37:40,555 [WARN] PackLoader:240 - Cannot read IP mode file for Infineon.AIROC-Wi-Fi-Bluetooth-STM32.1.5.1
2024-03-30 12:37:40,573 [WARN] PackLoader:240 - Cannot read IP mode file for STMicroelectronics.FP-SNS-MOTENVWB1.1.3.1
2024-03-30 12:37:40,593 [WARN] PackLoader:240 - Cannot read IP mode file for STMicroelectronics.X-CUBE-ISPU.2.0.0
2024-03-30 12:37:40,815 [WARN] PackLoader:240 - Cannot read IP mode file for STMicroelectronics.X-CUBE-MEMS1.10.0.0
2024-03-30 12:37:40,993 [WARN] PackLoader:240 - Cannot read IP mode file for STMicroelectronics.X-CUBE-FREERTOS.1.1.0
2024-03-30 12:37:41,011 [WARN] PackLoader:240 - Cannot read IP mode file for portGmbH.I-Cube-SoM-uGOAL.1.1.0
2024-03-30 12:37:41,029 [WARN] PackLoader:240 - Cannot read IP mode file for STMicroelectronics.X-CUBE-ALS.1.0.1
2024-03-30 12:37:41,139 [WARN] PackLoader:240 - Cannot read IP mode file for STMicroelectronics.FP-ATR-ASTRA1.2.0.0
2024-03-30 12:37:41,186 [WARN] PackLoader:240 - Cannot read IP mode file for STMicroelectronics.X-CUBE-TOF1.3.4.0
2024-03-30 12:37:41,222 [WARN] PackLoader:240 - Cannot read IP mode file for STMicroelectronics.X-CUBE-TOF1.3.4.1
2024-03-30 12:37:41,270 [WARN] PackLoader:240 - Cannot read IP mode file for STMicroelectronics.X-CUBE-AZRTOS-H7.3.2.0
2024-03-30 12:37:41,273 [INFO] ThirdParty:978 - Integrity check success = true
2024-03-30 12:37:41,273 [INFO] IntegrityCheckThread:100 - exiting critical section [integrity check]
2024-03-30 12:37:41,273 [INFO] IntegrityCheckThread:103 - End integrity checks thread
2024-03-30 12:37:41,278 [INFO] WebApp:161 - Instantiating new browser for Auth
2024-03-30 12:37:42,171 [INFO] WebApp:780 - Register for checkConnection events
2024-03-30 12:37:42,171 [INFO] WebApp:414 - Apply proxy settings
2024-03-30 12:37:42,172 [INFO] WebApp:499 - Chromium requires no authentication
2024-03-30 12:37:42,184 [INFO] WebApp:442 - Direct internet connection detected
2024-03-30 12:37:42,412 [INFO] WebApp:192 - Starting web application
2024-03-30 12:37:42,413 [INFO] WebApp:544 - Web application path used C:\ST\STM32CubeIDE_1.14.0\STM32CubeIDE\plugins\com.st.stm32cube.common.mx_6.10.0.202311202037\db\plugins\mcufinder\reactClient1\index.html
2024-03-30 12:37:51,601 [ERROR] LogOutputStream:75 - [STDERR_REDIRECT] SLF4J: Failed to load class "org.slf4j.impl.StaticLoggerBinder".
2024-03-30 12:37:51,602 [ERROR] LogOutputStream:75 - [STDERR_REDIRECT] SLF4J: Defaulting to no-operation (NOP) logger implementation
2024-03-30 12:37:51,603 [ERROR] LogOutputStream:75 - [STDERR_REDIRECT] SLF4J: See http://www.slf4j.org/codes.html#StaticLoggerBinder for further details.
2024-03-30 15:06:42,041 [ERROR] LogOutputStream:75 - [STDERR_REDIRECT] 
