2024-04-29 00:05:11,995 [ERROR] LogOutputStream:75 - [STDERR_REDIRECT] 
2024-04-29 07:06:54,065 [INFO] Activator:176 - 


2024-04-29 07:06:54,068 [INFO] Activator:177 - !SESSION log4j initialized
2024-04-29 07:06:55,748 [ERROR] LogOutputStream:75 - [STDERR_REDIRECT] Managed Build system manifest file error: Option fr.ac6.managedbuild.option.gnu.cross.prefix.1413417339 uses a null category that is invalid in its context. The option was ignored.
2024-04-29 07:06:55,758 [ERROR] LogOutputStream:75 - [STDERR_REDIRECT] Managed Build system manifest file error: Option fr.ac6.managedbuild.option.gnu.cross.mcu.776150409 uses a null category that is invalid in its context. The option was ignored.
2024-04-29 07:06:55,767 [ERROR] LogOutputStream:75 - [STDERR_REDIRECT] Managed Build system manifest file error: Option fr.ac6.managedbuild.option.gnu.cross.board.1496186141 uses a null category that is invalid in its context. The option was ignored.
2024-04-29 07:06:55,774 [ERROR] LogOutputStream:75 - [STDERR_REDIRECT] Managed Build system manifest file error: Option fr.ac6.managedbuild.option.gnu.cross.instructionSet.842493787 uses a null category that is invalid in its context. The option was ignored.
2024-04-29 07:06:55,781 [ERROR] LogOutputStream:75 - [STDERR_REDIRECT] Managed Build system manifest file error: Option fr.ac6.managedbuild.option.gnu.cross.fpu.1751923307 uses a null category that is invalid in its context. The option was ignored.
2024-04-29 07:06:55,788 [ERROR] LogOutputStream:75 - [STDERR_REDIRECT] Managed Build system manifest file error: Option fr.ac6.managedbuild.option.gnu.cross.floatabi.575829987 uses a null category that is invalid in its context. The option was ignored.
2024-04-29 07:07:01,500 [ERROR] LogOutputStream:75 - [STDERR_REDIRECT] Managed Build system manifest file error: Option fr.ac6.managedbuild.option.gnu.cross.prefix.59150691 uses a null category that is invalid in its context. The option was ignored.
2024-04-29 07:07:01,510 [ERROR] LogOutputStream:75 - [STDERR_REDIRECT] Managed Build system manifest file error: Option fr.ac6.managedbuild.option.gnu.cross.mcu.410721438 uses a null category that is invalid in its context. The option was ignored.
2024-04-29 07:07:01,519 [ERROR] LogOutputStream:75 - [STDERR_REDIRECT] Managed Build system manifest file error: Option fr.ac6.managedbuild.option.gnu.cross.board.28915520 uses a null category that is invalid in its context. The option was ignored.
2024-04-29 07:07:01,531 [ERROR] LogOutputStream:75 - [STDERR_REDIRECT] Managed Build system manifest file error: Option fr.ac6.managedbuild.option.gnu.cross.instructionSet.1133413138 uses a null category that is invalid in its context. The option was ignored.
2024-04-29 07:07:01,541 [ERROR] LogOutputStream:75 - [STDERR_REDIRECT] Managed Build system manifest file error: Option fr.ac6.managedbuild.option.gnu.cross.fpu.1696778110 uses a null category that is invalid in its context. The option was ignored.
2024-04-29 07:07:01,548 [ERROR] LogOutputStream:75 - [STDERR_REDIRECT] Managed Build system manifest file error: Option fr.ac6.managedbuild.option.gnu.cross.floatabi.1058846963 uses a null category that is invalid in its context. The option was ignored.
2024-04-29 07:07:07,905 [INFO] LogOutputStream:77 - [STDOUT_REDIRECT] 
2024-04-29 07:09:52,382 [INFO] ApplicationProperties:184 - Using Application install path: C:\ST\STM32CubeIDE_1.14.0\STM32CubeIDE\plugins\com.st.stm32cube.common.mx_6.11.1.202404110753
2024-04-29 07:09:52,412 [INFO] DbMcusXml:78 - Set database path to: C:\ST\STM32CubeIDE_1.14.0\STM32CubeIDE\plugins\com.st.stm32cube.common.mx_6.11.1.202404110753\\db\/mcu/
2024-04-29 07:09:52,413 [INFO] ApiDb:274 - Set plugin database path to: C:\ST\STM32CubeIDE_1.14.0\STM32CubeIDE\plugins\com.st.stm32cube.common.mx_6.11.1.202404110753\\db\/plugins/boardmanager/
2024-04-29 07:09:52,413 [WARN] ApiDb:259 - Overriding images path with different value:  => C:\ST\STM32CubeIDE_1.14.0\STM32CubeIDE\plugins\com.st.stm32cube.common.mx_6.11.1.202404110753\\db\/plugins/mcufinder/images/
2024-04-29 07:09:52,429 [INFO] ApiDb:250 - Set database path to: C:\Users\adria\.stmcufinder\plugins\mcufinder//mcu/
2024-04-29 07:09:52,429 [INFO] DbMcusAds:125 - Set database path to: C:\Users\adria\.stmcufinder\plugins\mcufinder//mcu/
2024-04-29 07:09:52,589 [INFO] CrossReferenceDbSqlite:203 - Set database path to: C:\Users\adria\.stmcufinder\plugins\mcufinder//mcu/cs/
2024-04-29 07:09:52,824 [INFO] RulesReader:64 - Compatibility file has been processed (297 Rules)
2024-04-29 07:09:52,977 [INFO] DbMcusXml:78 - Set database path to: C:\ST\STM32CubeIDE_1.14.0\STM32CubeIDE\plugins\com.st.stm32cube.common.mx_6.11.1.202404110753\\db\/mcu/
2024-04-29 07:09:52,977 [INFO] ApiDb:274 - Set plugin database path to: C:\ST\STM32CubeIDE_1.14.0\STM32CubeIDE\plugins\com.st.stm32cube.common.mx_6.11.1.202404110753\\db\/plugins/boardmanager/
2024-04-29 07:09:52,977 [INFO] ApiDb:261 - Set plugin images path to: C:\ST\STM32CubeIDE_1.14.0\STM32CubeIDE\plugins\com.st.stm32cube.common.mx_6.11.1.202404110753\\db\/plugins/mcufinder/images/
2024-04-29 07:09:52,977 [WARN] DbFile:41 - Overriding database path with different value: C:\Users\adria\.stmcufinder\plugins\mcufinder/ => C:\Users\adria\.stmcufinder\plugins\mcufinder
2024-04-29 07:09:52,978 [INFO] ApiDb:250 - Set database path to: C:\Users\adria\.stmcufinder\plugins\mcufinder//mcu/
2024-04-29 07:09:52,978 [WARN] DbFile:41 - Overriding database path with different value: C:\Users\adria\.stmcufinder\plugins\mcufinder/ => C:\Users\adria\.stmcufinder\plugins\mcufinder
2024-04-29 07:09:52,978 [INFO] DbMcusAds:125 - Set database path to: C:\Users\adria\.stmcufinder\plugins\mcufinder//mcu/
2024-04-29 07:09:52,978 [WARN] DbFile:41 - Overriding database path with different value: C:\Users\adria\.stmcufinder\plugins\mcufinder/ => C:\Users\adria\.stmcufinder\plugins\mcufinder
2024-04-29 07:09:52,978 [WARN] DbFile:41 - Overriding database path with different value: C:\Users\adria\.stmcufinder\plugins\mcufinder/ => C:\Users\adria\.stmcufinder\plugins\mcufinder
2024-04-29 07:09:52,978 [INFO] CrossReferenceDbSqlite:203 - Set database path to: C:\Users\adria\.stmcufinder\plugins\mcufinder//mcu/cs/
2024-04-29 07:09:53,117 [INFO] MainPanel:264 - HeapMemory: 833617920
2024-04-29 07:09:53,274 [INFO] DbMcusXml:78 - Set database path to: C:\ST\STM32CubeIDE_1.14.0\STM32CubeIDE\plugins\com.st.stm32cube.common.mx_6.11.1.202404110753\\db\/mcu/
2024-04-29 07:09:53,274 [INFO] ApiDb:274 - Set plugin database path to: C:\ST\STM32CubeIDE_1.14.0\STM32CubeIDE\plugins\com.st.stm32cube.common.mx_6.11.1.202404110753\\db\/plugins/boardmanager/
2024-04-29 07:09:53,274 [INFO] ApiDb:261 - Set plugin images path to: C:\ST\STM32CubeIDE_1.14.0\STM32CubeIDE\plugins\com.st.stm32cube.common.mx_6.11.1.202404110753\\db\/plugins/mcufinder/images/
2024-04-29 07:09:53,276 [WARN] DbFile:41 - Overriding database path with different value: C:\Users\adria\.stmcufinder\plugins\mcufinder/ => C:\Users\adria\.stmcufinder\plugins\mcufinder
2024-04-29 07:09:53,276 [INFO] ApiDb:250 - Set database path to: C:\Users\adria\.stmcufinder\plugins\mcufinder//mcu/
2024-04-29 07:09:53,276 [WARN] DbFile:41 - Overriding database path with different value: C:\Users\adria\.stmcufinder\plugins\mcufinder/ => C:\Users\adria\.stmcufinder\plugins\mcufinder
2024-04-29 07:09:53,276 [INFO] DbMcusAds:125 - Set database path to: C:\Users\adria\.stmcufinder\plugins\mcufinder//mcu/
2024-04-29 07:09:53,276 [WARN] DbFile:41 - Overriding database path with different value: C:\Users\adria\.stmcufinder\plugins\mcufinder/ => C:\Users\adria\.stmcufinder\plugins\mcufinder
2024-04-29 07:09:53,276 [WARN] DbFile:41 - Overriding database path with different value: C:\Users\adria\.stmcufinder\plugins\mcufinder/ => C:\Users\adria\.stmcufinder\plugins\mcufinder
2024-04-29 07:09:53,276 [INFO] CrossReferenceDbSqlite:203 - Set database path to: C:\Users\adria\.stmcufinder\plugins\mcufinder//mcu/cs/
2024-04-29 07:09:53,308 [INFO] ApplicationProperties:184 - Using Application install path: C:\ST\STM32CubeIDE_1.14.0\STM32CubeIDE\plugins\com.st.stm32cube.common.mx_6.11.1.202404110753
2024-04-29 07:09:53,310 [INFO] PluginManage:196 - Search for loadable plugins [exclusion list=, ]
2024-04-29 07:09:53,312 [INFO] PluginManage:310 - Check plugin analytics
2024-04-29 07:09:53,629 [INFO] AnalyticsPlugin:253 - Accepted Software Licenses: 
2024-04-29 07:09:53,629 [INFO] AnalyticsPlugin:255 - Accepted CMSIS Pack Licenses: 
2024-04-29 07:09:53,630 [INFO] AnalyticsPlugin:257 - Accepted Firmware Licenses: 
2024-04-29 07:09:53,630 [INFO] PluginManage:359 - Loaded plugin analytics (category:tool,tabindex:-1)
2024-04-29 07:09:53,631 [INFO] PluginManage:310 - Check plugin cadmodel
2024-04-29 07:09:53,655 [INFO] CADModel:105 - Init CAD model plugin
2024-04-29 07:09:53,655 [INFO] PluginManage:359 - Loaded plugin cadmodel (category:power,tabindex:5)
2024-04-29 07:09:53,656 [INFO] PluginManage:310 - Check plugin clock
2024-04-29 07:09:53,689 [INFO] PluginManage:359 - Loaded plugin clock (category:base,tabindex:2)
2024-04-29 07:09:53,689 [INFO] PluginManage:310 - Check plugin ddr
2024-04-29 07:09:53,693 [INFO] PluginManage:359 - Loaded plugin ddr (category:tool,tabindex:6)
2024-04-29 07:09:53,693 [INFO] PluginManage:310 - Check plugin filemanager
2024-04-29 07:09:53,934 [INFO] PluginManage:359 - Loaded plugin filemanager (category:base,tabindex:10)
2024-04-29 07:09:53,934 [INFO] PluginManage:310 - Check plugin ipmanager
2024-04-29 07:09:53,949 [INFO] PluginManage:359 - Loaded plugin ipmanager (category:base,tabindex:5)
2024-04-29 07:09:53,949 [INFO] PluginManage:310 - Check plugin lpbam
2024-04-29 07:09:53,979 [INFO] PluginManage:359 - Loaded plugin lpbam (category:base,tabindex:0)
2024-04-29 07:09:53,979 [INFO] PluginManage:310 - Check plugin memorymap
2024-04-29 07:09:54,017 [INFO] PluginManage:359 - Loaded plugin memorymap (category:base,tabindex:4)
2024-04-29 07:09:54,018 [INFO] PluginManage:310 - Check plugin pinoutandconfiguration
2024-04-29 07:09:54,046 [INFO] PluginManage:359 - Loaded plugin pinoutandconfiguration (category:base,tabindex:1)
2024-04-29 07:09:54,046 [INFO] PluginManage:310 - Check plugin pinoutconfig
2024-04-29 07:09:54,211 [WARN] SupportedApi:132 - Cannot load RTOS API schema: s4s-elt-must-match.1: The content of 'definitions' must match (annotation?, (simpleType | complexType)?, (unique | key | keyref)*)). A problem was found starting at: attribute.
2024-04-29 07:09:54,450 [INFO] PluginManage:359 - Loaded plugin pinoutconfig (category:base,tabindex:0)
2024-04-29 07:09:54,450 [INFO] PluginManage:310 - Check plugin power
2024-04-29 07:09:54,483 [INFO] PluginManage:359 - Loaded plugin power (category:power,tabindex:4)
2024-04-29 07:09:54,483 [INFO] PluginManage:310 - Check plugin projectmanager
2024-04-29 07:09:54,512 [INFO] PluginManage:359 - Loaded plugin projectmanager (category:projectmanager,tabindex:3)
2024-04-29 07:09:54,512 [INFO] PluginManage:310 - Check plugin thirdparty
2024-04-29 07:09:54,958 [INFO] PluginManage:359 - Loaded plugin thirdparty (category:base,tabindex:-1)
2024-04-29 07:09:54,958 [INFO] PluginManage:310 - Check plugin tools
2024-04-29 07:09:54,958 [WARN] IntegrityCheckThread:84 - waiting for thirdparty lock release [integrity check]
2024-04-29 07:09:54,959 [INFO] IntegrityCheckThread:86 - entering critical section [integrity check]
2024-04-29 07:09:54,959 [INFO] ThirdPartyUpdaterWithRetryManager:70 - Updater plugin not ready yet. [1/15]
2024-04-29 07:09:55,011 [INFO] PluginManage:359 - Loaded plugin tools (category:base,tabindex:7)
2024-04-29 07:09:55,011 [INFO] PluginManage:310 - Check plugin tutovideos
2024-04-29 07:09:55,338 [INFO] PluginManage:359 - Loaded plugin tutovideos (category:base,tabindex:-1)
2024-04-29 07:09:55,338 [INFO] PluginManage:310 - Check plugin updater
2024-04-29 07:09:55,354 [INFO] PluginManage:359 - Loaded plugin updater (category:base,tabindex:12)
2024-04-29 07:09:55,355 [INFO] PluginManage:310 - Check plugin userauth
2024-04-29 07:09:55,364 [INFO] UserAuth:114 - Init User Auth plugin
2024-04-29 07:09:55,364 [INFO] PluginManage:359 - Loaded plugin userauth (category:base,tabindex:14)
2024-04-29 07:09:55,366 [INFO] PluginManage:283 - PluginManage : Loaded plugins [17]
2024-04-29 07:09:55,710 [INFO] PinOutPanel:1561 - setPackage(No Configuration,No Configuration)
2024-04-29 07:09:55,836 [INFO] CADModel:165 - CPN selected for project level
2024-04-29 07:09:55,836 [INFO] CADModel:114 - Register for checkConnection events
2024-04-29 07:09:55,878 [INFO] IPUIPlugin:80 - create IPUIPlugin
2024-04-29 07:09:55,878 [INFO] PluginManager:220 - loadIPPluginJar : add adc
2024-04-29 07:09:55,932 [INFO] IPUIPlugin:80 - create IPUIPlugin
2024-04-29 07:09:55,932 [INFO] PluginManager:220 - loadIPPluginJar : add aes
2024-04-29 07:09:55,994 [INFO] IPUIPlugin:80 - create IPUIPlugin
2024-04-29 07:09:55,994 [INFO] PluginManager:220 - loadIPPluginJar : add can
2024-04-29 07:09:56,032 [INFO] IPUIPlugin:80 - create IPUIPlugin
2024-04-29 07:09:56,033 [INFO] PluginManager:220 - loadIPPluginJar : add comp
2024-04-29 07:09:56,082 [INFO] IPUIPlugin:80 - create IPUIPlugin
2024-04-29 07:09:56,083 [INFO] PluginManager:220 - loadIPPluginJar : add cryp
2024-04-29 07:09:56,129 [INFO] IPUIPlugin:80 - create IPUIPlugin
2024-04-29 07:09:56,129 [INFO] PluginManager:220 - loadIPPluginJar : add dfsdm
2024-04-29 07:09:56,150 [INFO] IPUIPlugin:80 - create IPUIPlugin
2024-04-29 07:09:56,151 [INFO] PluginManager:220 - loadIPPluginJar : add dma
2024-04-29 07:09:56,213 [INFO] IPUIPlugin:80 - create IPUIPlugin
2024-04-29 07:09:56,213 [INFO] PluginManager:220 - loadIPPluginJar : add dma3
2024-04-29 07:09:56,300 [INFO] IPUIPlugin:80 - create IPUIPlugin
2024-04-29 07:09:56,301 [INFO] PluginManager:220 - loadIPPluginJar : add extmemmanager
2024-04-29 07:09:56,331 [INFO] IPUIPlugin:80 - create IPUIPlugin
2024-04-29 07:09:56,331 [INFO] PluginManager:220 - loadIPPluginJar : add fatfs
2024-04-29 07:09:56,401 [INFO] IPUIPlugin:80 - create IPUIPlugin
2024-04-29 07:09:56,401 [INFO] PluginManager:220 - loadIPPluginJar : add fmc
2024-04-29 07:09:56,427 [INFO] IPUIPlugin:80 - create IPUIPlugin
2024-04-29 07:09:56,428 [INFO] PluginManager:220 - loadIPPluginJar : add freertos
2024-04-29 07:09:56,471 [INFO] IPUIPlugin:80 - create IPUIPlugin
2024-04-29 07:09:56,471 [INFO] PluginManager:220 - loadIPPluginJar : add genericplugin
2024-04-29 07:09:56,610 [INFO] IPUIPlugin:80 - create IPUIPlugin
2024-04-29 07:09:56,610 [INFO] PluginManager:220 - loadIPPluginJar : add gfxmmu
2024-04-29 07:09:56,805 [INFO] IPUIPlugin:80 - create IPUIPlugin
2024-04-29 07:09:56,806 [INFO] PluginManager:220 - loadIPPluginJar : add gic
2024-04-29 07:09:56,829 [INFO] IPUIPlugin:80 - create IPUIPlugin
2024-04-29 07:09:56,829 [INFO] PluginManager:220 - loadIPPluginJar : add gpio
2024-04-29 07:09:57,007 [INFO] IPUIPlugin:80 - create IPUIPlugin
2024-04-29 07:09:57,007 [INFO] PluginManager:220 - loadIPPluginJar : add gtzc
2024-04-29 07:09:57,083 [INFO] IPUIPlugin:80 - create IPUIPlugin
2024-04-29 07:09:57,084 [INFO] PluginManager:220 - loadIPPluginJar : add hash
2024-04-29 07:09:57,182 [INFO] IPUIPlugin:80 - create IPUIPlugin
2024-04-29 07:09:57,182 [INFO] PluginManager:220 - loadIPPluginJar : add i2c
2024-04-29 07:09:57,245 [INFO] IPUIPlugin:80 - create IPUIPlugin
2024-04-29 07:09:57,245 [INFO] PluginManager:220 - loadIPPluginJar : add i2s
2024-04-29 07:09:57,305 [INFO] IPUIPlugin:80 - create IPUIPlugin
2024-04-29 07:09:57,306 [INFO] PluginManager:220 - loadIPPluginJar : add i3c
2024-04-29 07:09:57,473 [INFO] IPUIPlugin:80 - create IPUIPlugin
2024-04-29 07:09:57,473 [INFO] PluginManager:220 - loadIPPluginJar : add ipddr
2024-04-29 07:09:57,612 [INFO] IPUIPlugin:80 - create IPUIPlugin
2024-04-29 07:09:57,612 [INFO] PluginManager:220 - loadIPPluginJar : add linkedlist
2024-04-29 07:09:57,664 [INFO] IPUIPlugin:80 - create IPUIPlugin
2024-04-29 07:09:57,665 [INFO] PluginManager:220 - loadIPPluginJar : add lorawan
2024-04-29 07:09:57,720 [INFO] IPUIPlugin:80 - create IPUIPlugin
2024-04-29 07:09:57,720 [INFO] PluginManager:220 - loadIPPluginJar : add ltdc
2024-04-29 07:09:57,741 [INFO] IPUIPlugin:80 - create IPUIPlugin
2024-04-29 07:09:57,741 [INFO] PluginManager:220 - loadIPPluginJar : add mdma
2024-04-29 07:09:57,761 [INFO] IPUIPlugin:80 - create IPUIPlugin
2024-04-29 07:09:57,762 [INFO] PluginManager:220 - loadIPPluginJar : add nvic
2024-04-29 07:09:57,814 [INFO] IPUIPlugin:80 - create IPUIPlugin
2024-04-29 07:09:57,814 [INFO] PluginManager:220 - loadIPPluginJar : add opamp
2024-04-29 07:09:57,903 [INFO] IPUIPlugin:80 - create IPUIPlugin
2024-04-29 07:09:57,904 [INFO] PluginManager:220 - loadIPPluginJar : add openamp
2024-04-29 07:09:57,966 [INFO] IPUIPlugin:80 - create IPUIPlugin
2024-04-29 07:09:57,966 [INFO] PluginManager:220 - loadIPPluginJar : add pdm2pcm
2024-04-29 07:09:57,972 [INFO] ThirdPartyUpdaterWithRetryManager:70 - Updater plugin not ready yet. [2/15]
2024-04-29 07:09:57,986 [INFO] IPUIPlugin:80 - create IPUIPlugin
2024-04-29 07:09:57,989 [INFO] PluginManager:220 - loadIPPluginJar : add plateformsettings
2024-04-29 07:09:58,025 [INFO] IPUIPlugin:80 - create IPUIPlugin
2024-04-29 07:09:58,025 [INFO] PluginManager:220 - loadIPPluginJar : add quadspi
2024-04-29 07:09:58,044 [INFO] IPUIPlugin:80 - create IPUIPlugin
2024-04-29 07:09:58,044 [INFO] PluginManager:220 - loadIPPluginJar : add resmgrutility
2024-04-29 07:09:58,114 [INFO] IPUIPlugin:80 - create IPUIPlugin
2024-04-29 07:09:58,115 [INFO] PluginManager:220 - loadIPPluginJar : add sai
2024-04-29 07:09:58,171 [INFO] IPUIPlugin:80 - create IPUIPlugin
2024-04-29 07:09:58,171 [INFO] PluginManager:220 - loadIPPluginJar : add spi
2024-04-29 07:09:58,272 [INFO] IPUIPlugin:80 - create IPUIPlugin
2024-04-29 07:09:58,273 [INFO] PluginManager:220 - loadIPPluginJar : add stm32_wpan
2024-04-29 07:09:58,306 [INFO] IPUIPlugin:80 - create IPUIPlugin
2024-04-29 07:09:58,306 [INFO] PluginManager:220 - loadIPPluginJar : add tim
2024-04-29 07:09:58,395 [INFO] IPUIPlugin:80 - create IPUIPlugin
2024-04-29 07:09:58,395 [INFO] PluginManager:220 - loadIPPluginJar : add touchsensing
2024-04-29 07:09:58,429 [INFO] IPUIPlugin:80 - create IPUIPlugin
2024-04-29 07:09:58,429 [INFO] PluginManager:220 - loadIPPluginJar : add tracer_emb
2024-04-29 07:09:58,463 [INFO] IPUIPlugin:80 - create IPUIPlugin
2024-04-29 07:09:58,463 [INFO] PluginManager:220 - loadIPPluginJar : add ts
2024-04-29 07:09:58,496 [INFO] IPUIPlugin:80 - create IPUIPlugin
2024-04-29 07:09:58,496 [INFO] PluginManager:220 - loadIPPluginJar : add tsc
2024-04-29 07:09:58,526 [INFO] IPUIPlugin:80 - create IPUIPlugin
2024-04-29 07:09:58,526 [INFO] PluginManager:220 - loadIPPluginJar : add ucpd
2024-04-29 07:09:58,590 [INFO] IPUIPlugin:80 - create IPUIPlugin
2024-04-29 07:09:58,590 [INFO] PluginManager:220 - loadIPPluginJar : add usart
2024-04-29 07:09:58,654 [INFO] IPUIPlugin:80 - create IPUIPlugin
2024-04-29 07:09:58,654 [INFO] PluginManager:220 - loadIPPluginJar : add usbx
2024-04-29 07:09:58,823 [INFO] CADModel:165 - CPN selected for project level
2024-04-29 07:09:58,823 [INFO] CADModel:114 - Register for checkConnection events
2024-04-29 07:09:58,824 [FATAL] Updater:308 - Updater called before beeing initialized
2024-04-29 07:09:58,824 [ERROR] CADModel:125 - Updater not yet initialized, retry later 
2024-04-29 07:09:59,142 [INFO] CADModel:165 - CPN selected for project level
2024-04-29 07:09:59,142 [INFO] CADModel:114 - Register for checkConnection events
2024-04-29 07:09:59,142 [FATAL] Updater:308 - Updater called before beeing initialized
2024-04-29 07:09:59,142 [ERROR] CADModel:125 - Updater not yet initialized, retry later 
2024-04-29 07:09:59,147 [FATAL] Updater:308 - Updater called before beeing initialized
2024-04-29 07:09:59,331 [FATAL] Updater:308 - Updater called before beeing initialized
2024-04-29 07:09:59,347 [INFO] DbMcusAds:53 - JSON generation date=Wed Nov 29 04:52:27 CST 2023 (1701255147349)
2024-04-29 07:09:59,348 [FATAL] Updater:308 - Updater called before beeing initialized
2024-04-29 07:09:59,491 [WARN] DetailPanel:346 - Failed to get advertising image, set to default
2024-04-29 07:09:59,706 [FATAL] Updater:308 - Updater called before beeing initialized
2024-04-29 07:09:59,710 [FATAL] Updater:308 - Updater called before beeing initialized
2024-04-29 07:09:59,711 [FATAL] Updater:308 - Updater called before beeing initialized
2024-04-29 07:09:59,711 [WARN] DetailPanel:346 - Failed to get advertising image, set to default
2024-04-29 07:09:59,712 [FATAL] Updater:308 - Updater called before beeing initialized
2024-04-29 07:09:59,832 [ERROR] Updater:1120 - MainUpdater not yet initialized. External WinMGr cannot be set.
2024-04-29 07:09:59,851 [INFO] Updater:1056 - Updater Version found : 6.11.1
2024-04-29 07:09:59,883 [INFO] ApplicationProperties:184 - Using Application install path: C:\ST\STM32CubeIDE_1.14.0\STM32CubeIDE\plugins\com.st.stm32cube.common.mx_6.11.1.202404110753
2024-04-29 07:10:00,984 [INFO] ThirdPartyUpdaterWithRetryManager:70 - Updater plugin not ready yet. [3/15]
2024-04-29 07:10:01,516 [ERROR] LogOutputStream:75 - [STDERR_REDIRECT] Apr 29, 2024 7:10:01 AM java.util.prefs.WindowsPreferences <init>
2024-04-29 07:10:01,519 [ERROR] LogOutputStream:75 - [STDERR_REDIRECT] WARNING: Could not open/create prefs root node Software\JavaSoft\Prefs at root 0xffffffff80000002. Windows RegCreateKeyEx(...) returned error code 5.
2024-04-29 07:10:01,520 [ERROR] LogOutputStream:75 - [STDERR_REDIRECT] 
2024-04-29 07:10:02,381 [INFO] MainUpdater:2873 - connection check result : 10
2024-04-29 07:10:02,382 [INFO] MainUpdater:290 - Updater Check For Update Now.
2024-04-29 07:10:02,383 [INFO] MicroXplorer:498 - Change Database Version : DB.6.0.111
2024-04-29 07:10:02,460 [INFO] McuFinderGlobals:63 - Set McuFinder mode to 2 (CubeIDE integrated)
2024-04-29 07:10:02,483 [INFO] UserAuth:415 - Internet connection configuration mode: 1
2024-04-29 07:10:02,527 [INFO] JxBrowserEngine:152 - Initiate JxBrowser Engine with user profile folder
2024-04-29 07:10:02,747 [INFO] CheckServerUpdateThread:120 - End of CheckServer Thread
2024-04-29 07:10:04,362 [WARN] PackLoader:240 - Cannot read IP mode file for STMicroelectronics.FP-SNS-MOTENVWB1.1.4.0
2024-04-29 07:10:04,395 [WARN] PackLoader:240 - Cannot read IP mode file for STMicroelectronics.X-CUBE-SMBUS.2.1.0
2024-04-29 07:10:04,562 [WARN] PackLoader:240 - Cannot read IP mode file for STMicroelectronics.X-CUBE-TOUCHGFX.4.23.1
2024-04-29 07:10:04,584 [WARN] PackLoader:240 - Cannot read IP mode file for STMicroelectronics.X-CUBE-TOUCHGFX.4.23.0
2024-04-29 07:10:04,775 [WARN] PackLoader:240 - Cannot read IP mode file for STMicroelectronics.X-CUBE-TOUCHGFX.4.23.2
2024-04-29 07:10:04,849 [WARN] PackLoader:240 - Cannot read IP mode file for STMicroelectronics.X-CUBE-AZRTOS-F7.1.1.0
2024-04-29 07:10:04,881 [WARN] PackLoader:240 - Cannot read IP mode file for STMicroelectronics.FP-SNS-MOTENV1.4.3.2
2024-04-29 07:10:04,905 [WARN] PackLoader:240 - Cannot read IP mode file for STMicroelectronics.FP-SNS-FLIGHT1.5.0.2
2024-04-29 07:10:04,935 [WARN] PackLoader:240 - Cannot read IP mode file for STMicroelectronics.X-CUBE-DISPLAY.3.0.0
2024-04-29 07:10:04,969 [WARN] PackLoader:240 - Cannot read IP mode file for STMicroelectronics.X-CUBE-BLE1.7.0.0
2024-04-29 07:10:04,997 [WARN] PackLoader:240 - Cannot read IP mode file for emotas.I-CUBE-CANOPEN.1.3.0
2024-04-29 07:10:05,033 [WARN] PackLoader:240 - Cannot read IP mode file for STMicroelectronics.X-CUBE-BLEMGR.3.1.0
2024-04-29 07:10:05,058 [WARN] PackLoader:240 - Cannot read IP mode file for STMicroelectronics.FP-SNS-SMARTAG2.1.2.0
2024-04-29 07:10:05,091 [INFO] LogOutputStream:77 - [STDOUT_REDIRECT] 1 : Invalid condition id : UX_CORESTACK_Condition cause : null
2024-04-29 07:10:05,092 [INFO] LogOutputStream:77 - [STDOUT_REDIRECT] 1 : Invalid condition id : UX_CORESTACK_Condition cause : null
2024-04-29 07:10:05,093 [INFO] LogOutputStream:77 - [STDOUT_REDIRECT] 1 : Invalid condition id : UX_CORESTACK_Condition cause : null
2024-04-29 07:10:05,096 [INFO] LogOutputStream:77 - [STDOUT_REDIRECT] 1 : Invalid condition id : UX_CORESTACK_Condition cause : null
2024-04-29 07:10:05,098 [INFO] LogOutputStream:77 - [STDOUT_REDIRECT] 1 : Invalid condition id : UX_CORESTACK_Condition cause : null
2024-04-29 07:10:05,106 [WARN] PackLoader:240 - Cannot read IP mode file for STMicroelectronics.X-CUBE-AZRTOS-WL.2.0.0
2024-04-29 07:10:05,127 [WARN] PackLoader:240 - Cannot read IP mode file for STMicroelectronics.FP-SNS-MOTENV1.5.0.0
2024-04-29 07:10:05,154 [WARN] PackLoader:240 - Cannot read IP mode file for WES.I-CUBE-Cesium.1.3.0
2024-04-29 07:10:05,174 [WARN] PackLoader:240 - Cannot read IP mode file for STMicroelectronics.X-CUBE-BLE2.3.3.0
2024-04-29 07:10:05,198 [WARN] PackLoader:240 - Cannot read IP mode file for STMicroelectronics.X-CUBE-TCPP.4.1.0
2024-04-29 07:10:05,227 [WARN] PackLoader:240 - Cannot read IP mode file for STMicroelectronics.X-CUBE-ALGOBUILD.1.3.0
2024-04-29 07:10:05,280 [WARN] PackLoader:240 - Cannot read IP mode file for STMicroelectronics.X-CUBE-AZRTOS-G0.1.1.0
2024-04-29 07:10:05,307 [WARN] PackLoader:240 - Cannot read IP mode file for STMicroelectronics.X-CUBE-SAFEA1.1.2.2
2024-04-29 07:10:05,329 [WARN] PackLoader:240 - Cannot read IP mode file for STMicroelectronics.X-CUBE-NFC4.3.0.0
2024-04-29 07:10:05,357 [WARN] PackLoader:240 - Cannot read IP mode file for STMicroelectronics.X-CUBE-BLEMGR.3.0.0
2024-04-29 07:10:05,381 [WARN] PackLoader:240 - Cannot read IP mode file for STMicroelectronics.FP-ATR-SIGFOX1.3.2.0
2024-04-29 07:10:05,402 [WARN] PackLoader:240 - Cannot read IP mode file for STMicroelectronics.X-CUBE-EEPRMA1.5.1.0
2024-04-29 07:10:05,536 [WARN] PackLoader:240 - Cannot read IP mode file for SEGGER.I-CUBE-embOS.1.3.1
2024-04-29 07:10:05,627 [WARN] PackLoader:240 - Cannot read IP mode file for STMicroelectronics.X-CUBE-GNSS1.6.0.0
2024-04-29 07:10:05,674 [WARN] PackLoader:240 - Cannot read IP mode file for STMicroelectronics.X-CUBE-AZRTOS-F4.1.1.0
2024-04-29 07:10:05,694 [WARN] PackLoader:240 - Cannot read IP mode file for wolfSSL.I-CUBE-wolfSSL.5.6.4
2024-04-29 07:10:05,713 [WARN] PackLoader:240 - Cannot read IP mode file for STMicroelectronics.X-CUBE-FREERTOS.1.2.0
2024-04-29 07:10:05,765 [WARN] PackLoader:240 - Cannot read IP mode file for STMicroelectronics.X-CUBE-AZRTOS-L5.2.0.0
2024-04-29 07:10:05,787 [WARN] PackLoader:240 - Cannot read IP mode file for STMicroelectronics.X-CUBE-EEPRMA1.4.2.0
2024-04-29 07:10:05,809 [WARN] PackLoader:240 - Cannot read IP mode file for STMicroelectronics.X-CUBE-NFC6.3.1.0
2024-04-29 07:10:05,851 [WARN] PackLoader:240 - Cannot read IP mode file for ITTIA_DB.I-CUBE-ITTIADB.8.8.0
2024-04-29 07:10:05,868 [WARN] PackLoader:240 - Cannot read IP mode file for STMicroelectronics.X-CUBE-AI.9.0.0
2024-04-29 07:10:05,888 [WARN] PackLoader:240 - Cannot read IP mode file for STMicroelectronics.X-CUBE-NFC7.1.0.1
2024-04-29 07:10:05,911 [WARN] PackLoader:240 - Cannot read IP mode file for STMicroelectronics.X-CUBE-NFC6.3.0.0
2024-04-29 07:10:05,934 [WARN] PackLoader:240 - Cannot read IP mode file for STMicroelectronics.X-CUBE-AI.8.1.0
2024-04-29 07:10:05,983 [WARN] ConditionMgr:438 - getConditionDescription Invalid condition id : LAN8742 Phy interface Condition cause : null
2024-04-29 07:10:05,984 [WARN] PackLoader:240 - Cannot read IP mode file for STMicroelectronics.X-CUBE-AZRTOS-L4.2.0.0
2024-04-29 07:10:05,986 [WARN] ConditionMgr:1039 - genDependencies : Invalid condition id : LAN8742 Phy interface Condition cause : null
2024-04-29 07:10:05,986 [WARN] ConditionMgr:1039 - genDependencies : Invalid condition id : LAN8742 Phy interface Condition cause : null
2024-04-29 07:10:05,986 [WARN] ConditionMgr:1039 - genDependencies : Invalid condition id : LAN8742 Phy interface Condition cause : null
2024-04-29 07:10:06,009 [WARN] PackLoader:240 - Cannot read IP mode file for STMicroelectronics.X-CUBE-SFXS2LP1.4.0.0
2024-04-29 07:10:06,048 [WARN] ConditionMgr:438 - getConditionDescription Invalid condition id : UX DEVICE CLASS RTOS Condition cause : null
2024-04-29 07:10:06,049 [WARN] ConditionMgr:438 - getConditionDescription Invalid condition id : UX DEVICE CLASS RTOS Condition cause : null
2024-04-29 07:10:06,052 [WARN] PackLoader:240 - Cannot read IP mode file for STMicroelectronics.X-CUBE-AZRTOS-WB.2.0.0
2024-04-29 07:10:06,053 [WARN] ConditionMgr:1039 - genDependencies : Invalid condition id : UX DEVICE CLASS RTOS Condition cause : null
2024-04-29 07:10:06,053 [WARN] ConditionMgr:1039 - genDependencies : Invalid condition id : UX DEVICE CLASS RTOS Condition cause : null
2024-04-29 07:10:06,055 [WARN] ConditionMgr:1039 - genDependencies : Invalid condition id : UX DEVICE CLASS RTOS Condition cause : null
2024-04-29 07:10:06,055 [WARN] ConditionMgr:1039 - genDependencies : Invalid condition id : UX DEVICE CLASS RTOS Condition cause : null
2024-04-29 07:10:06,056 [WARN] ConditionMgr:1039 - genDependencies : Invalid condition id : UX DEVICE CLASS RTOS Condition cause : null
2024-04-29 07:10:06,081 [WARN] PackLoader:240 - Cannot read IP mode file for STMicroelectronics.X-CUBE-SUBG2.5.0.0
2024-04-29 07:10:06,121 [WARN] PackLoader:240 - Cannot read IP mode file for STMicroelectronics.X-CUBE-AZRTOS-G4.2.0.0
2024-04-29 07:10:06,157 [WARN] PackLoader:240 - Cannot read IP mode file for Infineon.AIROC-Wi-Fi-Bluetooth-STM32.1.5.1
2024-04-29 07:10:06,185 [WARN] PackLoader:240 - Cannot read IP mode file for STMicroelectronics.FP-SNS-MOTENVWB1.1.3.1
2024-04-29 07:10:06,202 [WARN] PackLoader:240 - Cannot read IP mode file for STMicroelectronics.X-CUBE-ISPU.2.0.0
2024-04-29 07:10:06,279 [WARN] PackLoader:240 - Cannot read IP mode file for STMicroelectronics.X-CUBE-MEMS1.10.0.0
2024-04-29 07:10:06,475 [WARN] PackLoader:240 - Cannot read IP mode file for STMicroelectronics.X-CUBE-FREERTOS.1.1.0
2024-04-29 07:10:06,498 [WARN] PackLoader:240 - Cannot read IP mode file for portGmbH.I-Cube-SoM-uGOAL.1.1.0
2024-04-29 07:10:06,519 [WARN] PackLoader:240 - Cannot read IP mode file for STMicroelectronics.X-CUBE-ALS.1.0.1
2024-04-29 07:10:06,569 [WARN] PackLoader:240 - Cannot read IP mode file for STMicroelectronics.X-CUBE-AZRTOS-H7RS.1.0.0
2024-04-29 07:10:06,650 [WARN] PackLoader:240 - Cannot read IP mode file for STMicroelectronics.FP-ATR-ASTRA1.2.0.0
2024-04-29 07:10:06,680 [WARN] PackLoader:240 - Cannot read IP mode file for STMicroelectronics.X-CUBE-TOF1.3.4.0
2024-04-29 07:10:06,732 [WARN] PackLoader:240 - Cannot read IP mode file for STMicroelectronics.X-CUBE-TOF1.3.4.1
2024-04-29 07:10:06,806 [WARN] PackLoader:240 - Cannot read IP mode file for STMicroelectronics.X-CUBE-AZRTOS-H7.3.2.0
2024-04-29 07:10:06,812 [INFO] ThirdParty:978 - Integrity check success = true
2024-04-29 07:10:06,812 [INFO] IntegrityCheckThread:100 - exiting critical section [integrity check]
2024-04-29 07:10:06,812 [INFO] IntegrityCheckThread:103 - End integrity checks thread
2024-04-29 07:10:11,964 [INFO] WebApp:161 - Instantiating new browser for Auth
2024-04-29 07:10:12,913 [INFO] WebApp:779 - Register for checkConnection events
2024-04-29 07:10:12,914 [INFO] WebApp:414 - Apply proxy settings
2024-04-29 07:10:12,915 [INFO] WebApp:499 - Chromium requires no authentication
2024-04-29 07:10:12,930 [INFO] WebApp:442 - Direct internet connection detected
2024-04-29 07:10:13,224 [INFO] WebApp:192 - Starting web application
2024-04-29 07:10:13,224 [INFO] WebApp:544 - Web application path used C:\ST\STM32CubeIDE_1.14.0\STM32CubeIDE\plugins\com.st.stm32cube.common.mx_6.11.1.202404110753\db\plugins\mcufinder\reactClient1\index.html
2024-04-29 09:11:26,172 [ERROR] LogOutputStream:75 - [STDERR_REDIRECT] 
