2024-03-17 13:02:04,258 [INFO] Activator:176 - 


2024-03-17 13:02:04,275 [INFO] Activator:177 - !SESSION log4j initialized
2024-03-17 13:02:08,822 [INFO] LogOutputStream:77 - [STDOUT_REDIRECT] 
2024-03-17 13:02:55,377 [INFO] ApplicationProperties:184 - Using Application install path: C:\ST\STM32CubeIDE_1.14.0\STM32CubeIDE\plugins\com.st.stm32cube.common.mx_6.10.0.202311202037
2024-03-17 13:02:55,391 [INFO] DbMcusXml:78 - Set database path to: C:\ST\STM32CubeIDE_1.14.0\STM32CubeIDE\plugins\com.st.stm32cube.common.mx_6.10.0.202311202037\\db\/mcu/
2024-03-17 13:02:55,391 [INFO] ApiDb:274 - Set plugin database path to: C:\ST\STM32CubeIDE_1.14.0\STM32CubeIDE\plugins\com.st.stm32cube.common.mx_6.10.0.202311202037\\db\/plugins/boardmanager/
2024-03-17 13:02:55,391 [WARN] ApiDb:259 - Overriding images path with different value:  => C:\ST\STM32CubeIDE_1.14.0\STM32CubeIDE\plugins\com.st.stm32cube.common.mx_6.10.0.202311202037\\db\/plugins/mcufinder/images/
2024-03-17 13:02:55,397 [INFO] ApiDb:250 - Set database path to: C:\Users\adria\.stmcufinder\plugins\mcufinder//mcu/
2024-03-17 13:02:55,398 [INFO] DbMcusAds:125 - Set database path to: C:\Users\adria\.stmcufinder\plugins\mcufinder//mcu/
2024-03-17 13:02:55,461 [INFO] CrossReferenceDbSqlite:203 - Set database path to: C:\Users\adria\.stmcufinder\plugins\mcufinder//mcu/cs/
2024-03-17 13:02:55,555 [INFO] RulesReader:64 - Compatibility file has been processed (297 Rules)
2024-03-17 13:02:55,623 [INFO] DbMcusXml:78 - Set database path to: C:\ST\STM32CubeIDE_1.14.0\STM32CubeIDE\plugins\com.st.stm32cube.common.mx_6.10.0.202311202037\\db\/mcu/
2024-03-17 13:02:55,623 [INFO] ApiDb:274 - Set plugin database path to: C:\ST\STM32CubeIDE_1.14.0\STM32CubeIDE\plugins\com.st.stm32cube.common.mx_6.10.0.202311202037\\db\/plugins/boardmanager/
2024-03-17 13:02:55,623 [INFO] ApiDb:261 - Set plugin images path to: C:\ST\STM32CubeIDE_1.14.0\STM32CubeIDE\plugins\com.st.stm32cube.common.mx_6.10.0.202311202037\\db\/plugins/mcufinder/images/
2024-03-17 13:02:55,623 [WARN] DbFile:41 - Overriding database path with different value: C:\Users\adria\.stmcufinder\plugins\mcufinder/ => C:\Users\adria\.stmcufinder\plugins\mcufinder
2024-03-17 13:02:55,623 [INFO] ApiDb:250 - Set database path to: C:\Users\adria\.stmcufinder\plugins\mcufinder//mcu/
2024-03-17 13:02:55,623 [WARN] DbFile:41 - Overriding database path with different value: C:\Users\adria\.stmcufinder\plugins\mcufinder/ => C:\Users\adria\.stmcufinder\plugins\mcufinder
2024-03-17 13:02:55,623 [INFO] DbMcusAds:125 - Set database path to: C:\Users\adria\.stmcufinder\plugins\mcufinder//mcu/
2024-03-17 13:02:55,623 [WARN] DbFile:41 - Overriding database path with different value: C:\Users\adria\.stmcufinder\plugins\mcufinder/ => C:\Users\adria\.stmcufinder\plugins\mcufinder
2024-03-17 13:02:55,623 [WARN] DbFile:41 - Overriding database path with different value: C:\Users\adria\.stmcufinder\plugins\mcufinder/ => C:\Users\adria\.stmcufinder\plugins\mcufinder
2024-03-17 13:02:55,623 [INFO] CrossReferenceDbSqlite:203 - Set database path to: C:\Users\adria\.stmcufinder\plugins\mcufinder//mcu/cs/
2024-03-17 13:02:55,688 [INFO] MainPanel:264 - HeapMemory: 486539264
2024-03-17 13:02:55,763 [INFO] DbMcusXml:78 - Set database path to: C:\ST\STM32CubeIDE_1.14.0\STM32CubeIDE\plugins\com.st.stm32cube.common.mx_6.10.0.202311202037\\db\/mcu/
2024-03-17 13:02:55,763 [INFO] ApiDb:274 - Set plugin database path to: C:\ST\STM32CubeIDE_1.14.0\STM32CubeIDE\plugins\com.st.stm32cube.common.mx_6.10.0.202311202037\\db\/plugins/boardmanager/
2024-03-17 13:02:55,763 [INFO] ApiDb:261 - Set plugin images path to: C:\ST\STM32CubeIDE_1.14.0\STM32CubeIDE\plugins\com.st.stm32cube.common.mx_6.10.0.202311202037\\db\/plugins/mcufinder/images/
2024-03-17 13:02:55,764 [WARN] DbFile:41 - Overriding database path with different value: C:\Users\adria\.stmcufinder\plugins\mcufinder/ => C:\Users\adria\.stmcufinder\plugins\mcufinder
2024-03-17 13:02:55,764 [INFO] ApiDb:250 - Set database path to: C:\Users\adria\.stmcufinder\plugins\mcufinder//mcu/
2024-03-17 13:02:55,764 [WARN] DbFile:41 - Overriding database path with different value: C:\Users\adria\.stmcufinder\plugins\mcufinder/ => C:\Users\adria\.stmcufinder\plugins\mcufinder
2024-03-17 13:02:55,764 [INFO] DbMcusAds:125 - Set database path to: C:\Users\adria\.stmcufinder\plugins\mcufinder//mcu/
2024-03-17 13:02:55,764 [WARN] DbFile:41 - Overriding database path with different value: C:\Users\adria\.stmcufinder\plugins\mcufinder/ => C:\Users\adria\.stmcufinder\plugins\mcufinder
2024-03-17 13:02:55,764 [WARN] DbFile:41 - Overriding database path with different value: C:\Users\adria\.stmcufinder\plugins\mcufinder/ => C:\Users\adria\.stmcufinder\plugins\mcufinder
2024-03-17 13:02:55,764 [INFO] CrossReferenceDbSqlite:203 - Set database path to: C:\Users\adria\.stmcufinder\plugins\mcufinder//mcu/cs/
2024-03-17 13:02:55,780 [INFO] ApplicationProperties:184 - Using Application install path: C:\ST\STM32CubeIDE_1.14.0\STM32CubeIDE\plugins\com.st.stm32cube.common.mx_6.10.0.202311202037
2024-03-17 13:02:55,782 [INFO] PluginManage:196 - Search for loadable plugins [exclusion list=, ]
2024-03-17 13:02:55,783 [INFO] PluginManage:310 - Check plugin analytics
2024-03-17 13:02:55,916 [INFO] AnalyticsPlugin:253 - Accepted Software Licenses: 
2024-03-17 13:02:55,916 [INFO] AnalyticsPlugin:255 - Accepted CMSIS Pack Licenses: 
2024-03-17 13:02:55,917 [INFO] AnalyticsPlugin:257 - Accepted Firmware Licenses: 
2024-03-17 13:02:55,919 [INFO] PluginManage:359 - Loaded plugin analytics (category:tool,tabindex:-1)
2024-03-17 13:02:55,919 [INFO] PluginManage:310 - Check plugin cadmodel
2024-03-17 13:02:55,931 [INFO] CADModel:105 - Init CAD model plugin
2024-03-17 13:02:55,932 [INFO] PluginManage:359 - Loaded plugin cadmodel (category:power,tabindex:5)
2024-03-17 13:02:55,932 [INFO] PluginManage:310 - Check plugin clock
2024-03-17 13:02:55,947 [INFO] PluginManage:359 - Loaded plugin clock (category:base,tabindex:2)
2024-03-17 13:02:55,947 [INFO] PluginManage:310 - Check plugin ddr
2024-03-17 13:02:55,948 [INFO] PluginManage:359 - Loaded plugin ddr (category:tool,tabindex:6)
2024-03-17 13:02:55,950 [INFO] PluginManage:310 - Check plugin filemanager
2024-03-17 13:02:56,061 [INFO] PluginManage:359 - Loaded plugin filemanager (category:base,tabindex:10)
2024-03-17 13:02:56,062 [INFO] PluginManage:310 - Check plugin ipmanager
2024-03-17 13:02:56,070 [INFO] PluginManage:359 - Loaded plugin ipmanager (category:base,tabindex:5)
2024-03-17 13:02:56,070 [INFO] PluginManage:310 - Check plugin lpbam
2024-03-17 13:02:56,085 [INFO] PluginManage:359 - Loaded plugin lpbam (category:base,tabindex:0)
2024-03-17 13:02:56,085 [INFO] PluginManage:310 - Check plugin memorymap
2024-03-17 13:02:56,105 [INFO] PluginManage:359 - Loaded plugin memorymap (category:base,tabindex:4)
2024-03-17 13:02:56,105 [INFO] PluginManage:310 - Check plugin pinoutandconfiguration
2024-03-17 13:02:56,119 [INFO] PluginManage:359 - Loaded plugin pinoutandconfiguration (category:base,tabindex:1)
2024-03-17 13:02:56,119 [INFO] PluginManage:310 - Check plugin pinoutconfig
2024-03-17 13:02:56,192 [WARN] SupportedApi:132 - Cannot load RTOS API schema: s4s-elt-must-match.1: The content of 'definitions' must match (annotation?, (simpleType | complexType)?, (unique | key | keyref)*)). A problem was found starting at: attribute.
2024-03-17 13:02:56,298 [INFO] PluginManage:359 - Loaded plugin pinoutconfig (category:base,tabindex:0)
2024-03-17 13:02:56,299 [INFO] PluginManage:310 - Check plugin power
2024-03-17 13:02:56,315 [INFO] PluginManage:359 - Loaded plugin power (category:power,tabindex:4)
2024-03-17 13:02:56,315 [INFO] PluginManage:310 - Check plugin projectmanager
2024-03-17 13:02:56,327 [INFO] PluginManage:359 - Loaded plugin projectmanager (category:projectmanager,tabindex:3)
2024-03-17 13:02:56,327 [INFO] PluginManage:310 - Check plugin thirdparty
2024-03-17 13:02:56,545 [INFO] PluginManage:359 - Loaded plugin thirdparty (category:base,tabindex:-1)
2024-03-17 13:02:56,545 [WARN] IntegrityCheckThread:84 - waiting for thirdparty lock release [integrity check]
2024-03-17 13:02:56,545 [INFO] PluginManage:310 - Check plugin tools
2024-03-17 13:02:56,545 [INFO] IntegrityCheckThread:86 - entering critical section [integrity check]
2024-03-17 13:02:56,546 [INFO] ThirdPartyUpdaterWithRetryManager:70 - Updater plugin not ready yet. [1/15]
2024-03-17 13:02:56,570 [INFO] PluginManage:359 - Loaded plugin tools (category:base,tabindex:7)
2024-03-17 13:02:56,570 [INFO] PluginManage:310 - Check plugin tutovideos
2024-03-17 13:02:56,719 [INFO] PluginManage:359 - Loaded plugin tutovideos (category:base,tabindex:-1)
2024-03-17 13:02:56,719 [INFO] PluginManage:310 - Check plugin updater
2024-03-17 13:02:56,728 [INFO] PluginManage:359 - Loaded plugin updater (category:base,tabindex:12)
2024-03-17 13:02:56,728 [INFO] PluginManage:310 - Check plugin userauth
2024-03-17 13:02:56,733 [INFO] UserAuth:114 - Init User Auth plugin
2024-03-17 13:02:56,734 [INFO] PluginManage:359 - Loaded plugin userauth (category:base,tabindex:14)
2024-03-17 13:02:56,734 [INFO] PluginManage:283 - PluginManage : Loaded plugins [17]
2024-03-17 13:02:56,898 [INFO] PinOutPanel:1499 - setPackage(No Configuration,No Configuration)
2024-03-17 13:02:56,953 [INFO] CADModel:165 - CPN selected for project level
2024-03-17 13:02:56,953 [INFO] CADModel:114 - Register for checkConnection events
2024-03-17 13:02:56,973 [INFO] IPUIPlugin:80 - create IPUIPlugin
2024-03-17 13:02:56,973 [INFO] PluginManager:220 - loadIPPluginJar : add adc
2024-03-17 13:02:56,999 [INFO] IPUIPlugin:80 - create IPUIPlugin
2024-03-17 13:02:56,999 [INFO] PluginManager:220 - loadIPPluginJar : add aes
2024-03-17 13:02:57,029 [INFO] IPUIPlugin:80 - create IPUIPlugin
2024-03-17 13:02:57,029 [INFO] PluginManager:220 - loadIPPluginJar : add can
2024-03-17 13:02:57,045 [INFO] IPUIPlugin:80 - create IPUIPlugin
2024-03-17 13:02:57,045 [INFO] PluginManager:220 - loadIPPluginJar : add comp
2024-03-17 13:02:57,069 [INFO] IPUIPlugin:80 - create IPUIPlugin
2024-03-17 13:02:57,069 [INFO] PluginManager:220 - loadIPPluginJar : add cryp
2024-03-17 13:02:57,089 [INFO] IPUIPlugin:80 - create IPUIPlugin
2024-03-17 13:02:57,089 [INFO] PluginManager:220 - loadIPPluginJar : add dfsdm
2024-03-17 13:02:57,108 [INFO] IPUIPlugin:80 - create IPUIPlugin
2024-03-17 13:02:57,108 [INFO] PluginManager:220 - loadIPPluginJar : add dma
2024-03-17 13:02:57,150 [INFO] IPUIPlugin:80 - create IPUIPlugin
2024-03-17 13:02:57,150 [INFO] PluginManager:220 - loadIPPluginJar : add dma3
2024-03-17 13:02:57,165 [INFO] IPUIPlugin:80 - create IPUIPlugin
2024-03-17 13:02:57,165 [INFO] PluginManager:220 - loadIPPluginJar : add fatfs
2024-03-17 13:02:57,197 [INFO] IPUIPlugin:80 - create IPUIPlugin
2024-03-17 13:02:57,197 [INFO] PluginManager:220 - loadIPPluginJar : add fmc
2024-03-17 13:02:57,209 [INFO] IPUIPlugin:80 - create IPUIPlugin
2024-03-17 13:02:57,209 [INFO] PluginManager:220 - loadIPPluginJar : add freertos
2024-03-17 13:02:57,223 [INFO] IPUIPlugin:80 - create IPUIPlugin
2024-03-17 13:02:57,223 [INFO] PluginManager:220 - loadIPPluginJar : add genericplugin
2024-03-17 13:02:57,283 [INFO] IPUIPlugin:80 - create IPUIPlugin
2024-03-17 13:02:57,283 [INFO] PluginManager:220 - loadIPPluginJar : add gfxmmu
2024-03-17 13:02:57,367 [INFO] IPUIPlugin:80 - create IPUIPlugin
2024-03-17 13:02:57,367 [INFO] PluginManager:220 - loadIPPluginJar : add gic
2024-03-17 13:02:57,377 [INFO] IPUIPlugin:80 - create IPUIPlugin
2024-03-17 13:02:57,377 [INFO] PluginManager:220 - loadIPPluginJar : add gpio
2024-03-17 13:02:57,438 [INFO] IPUIPlugin:80 - create IPUIPlugin
2024-03-17 13:02:57,438 [INFO] PluginManager:220 - loadIPPluginJar : add gtzc
2024-03-17 13:02:57,460 [INFO] IPUIPlugin:80 - create IPUIPlugin
2024-03-17 13:02:57,460 [INFO] PluginManager:220 - loadIPPluginJar : add hash
2024-03-17 13:02:57,495 [INFO] IPUIPlugin:80 - create IPUIPlugin
2024-03-17 13:02:57,495 [INFO] PluginManager:220 - loadIPPluginJar : add i2c
2024-03-17 13:02:57,521 [INFO] IPUIPlugin:80 - create IPUIPlugin
2024-03-17 13:02:57,521 [INFO] PluginManager:220 - loadIPPluginJar : add i2s
2024-03-17 13:02:57,552 [INFO] IPUIPlugin:80 - create IPUIPlugin
2024-03-17 13:02:57,552 [INFO] PluginManager:220 - loadIPPluginJar : add i3c
2024-03-17 13:02:57,627 [INFO] IPUIPlugin:80 - create IPUIPlugin
2024-03-17 13:02:57,627 [INFO] PluginManager:220 - loadIPPluginJar : add ipddr
2024-03-17 13:02:57,686 [INFO] IPUIPlugin:80 - create IPUIPlugin
2024-03-17 13:02:57,686 [INFO] PluginManager:220 - loadIPPluginJar : add linkedlist
2024-03-17 13:02:57,711 [INFO] IPUIPlugin:80 - create IPUIPlugin
2024-03-17 13:02:57,711 [INFO] PluginManager:220 - loadIPPluginJar : add lorawan
2024-03-17 13:02:57,734 [INFO] IPUIPlugin:80 - create IPUIPlugin
2024-03-17 13:02:57,734 [INFO] PluginManager:220 - loadIPPluginJar : add ltdc
2024-03-17 13:02:57,745 [INFO] IPUIPlugin:80 - create IPUIPlugin
2024-03-17 13:02:57,745 [INFO] PluginManager:220 - loadIPPluginJar : add mdma
2024-03-17 13:02:57,754 [INFO] IPUIPlugin:80 - create IPUIPlugin
2024-03-17 13:02:57,754 [INFO] PluginManager:220 - loadIPPluginJar : add nvic
2024-03-17 13:02:57,779 [INFO] IPUIPlugin:80 - create IPUIPlugin
2024-03-17 13:02:57,779 [INFO] PluginManager:220 - loadIPPluginJar : add opamp
2024-03-17 13:02:57,819 [INFO] IPUIPlugin:80 - create IPUIPlugin
2024-03-17 13:02:57,819 [INFO] PluginManager:220 - loadIPPluginJar : add openamp
2024-03-17 13:02:57,847 [INFO] IPUIPlugin:80 - create IPUIPlugin
2024-03-17 13:02:57,847 [INFO] PluginManager:220 - loadIPPluginJar : add pdm2pcm
2024-03-17 13:02:57,865 [INFO] IPUIPlugin:80 - create IPUIPlugin
2024-03-17 13:02:57,867 [INFO] PluginManager:220 - loadIPPluginJar : add plateformsettings
2024-03-17 13:02:57,884 [INFO] IPUIPlugin:80 - create IPUIPlugin
2024-03-17 13:02:57,884 [INFO] PluginManager:220 - loadIPPluginJar : add quadspi
2024-03-17 13:02:57,894 [INFO] IPUIPlugin:80 - create IPUIPlugin
2024-03-17 13:02:57,894 [INFO] PluginManager:220 - loadIPPluginJar : add resmgrutility
2024-03-17 13:02:57,926 [INFO] IPUIPlugin:80 - create IPUIPlugin
2024-03-17 13:02:57,926 [INFO] PluginManager:220 - loadIPPluginJar : add sai
2024-03-17 13:02:57,950 [INFO] IPUIPlugin:80 - create IPUIPlugin
2024-03-17 13:02:57,950 [INFO] PluginManager:220 - loadIPPluginJar : add spi
2024-03-17 13:02:57,997 [INFO] IPUIPlugin:80 - create IPUIPlugin
2024-03-17 13:02:57,997 [INFO] PluginManager:220 - loadIPPluginJar : add stm32_wpan
2024-03-17 13:02:58,013 [INFO] IPUIPlugin:80 - create IPUIPlugin
2024-03-17 13:02:58,013 [INFO] PluginManager:220 - loadIPPluginJar : add tim
2024-03-17 13:02:58,053 [INFO] IPUIPlugin:80 - create IPUIPlugin
2024-03-17 13:02:58,053 [INFO] PluginManager:220 - loadIPPluginJar : add touchsensing
2024-03-17 13:02:58,068 [INFO] IPUIPlugin:80 - create IPUIPlugin
2024-03-17 13:02:58,068 [INFO] PluginManager:220 - loadIPPluginJar : add tracer_emb
2024-03-17 13:02:58,083 [INFO] IPUIPlugin:80 - create IPUIPlugin
2024-03-17 13:02:58,084 [INFO] PluginManager:220 - loadIPPluginJar : add ts
2024-03-17 13:02:58,099 [INFO] IPUIPlugin:80 - create IPUIPlugin
2024-03-17 13:02:58,099 [INFO] PluginManager:220 - loadIPPluginJar : add tsc
2024-03-17 13:02:58,114 [INFO] IPUIPlugin:80 - create IPUIPlugin
2024-03-17 13:02:58,114 [INFO] PluginManager:220 - loadIPPluginJar : add ucpd
2024-03-17 13:02:58,143 [INFO] IPUIPlugin:80 - create IPUIPlugin
2024-03-17 13:02:58,143 [INFO] PluginManager:220 - loadIPPluginJar : add usart
2024-03-17 13:02:58,172 [INFO] IPUIPlugin:80 - create IPUIPlugin
2024-03-17 13:02:58,172 [INFO] PluginManager:220 - loadIPPluginJar : add usbx
2024-03-17 13:02:58,285 [INFO] CADModel:165 - CPN selected for project level
2024-03-17 13:02:58,285 [INFO] CADModel:114 - Register for checkConnection events
2024-03-17 13:02:58,285 [FATAL] Updater:308 - Updater called before beeing initialized
2024-03-17 13:02:58,285 [ERROR] CADModel:125 - Updater not yet initialized, retry later 
2024-03-17 13:02:58,409 [INFO] CADModel:165 - CPN selected for project level
2024-03-17 13:02:58,409 [INFO] CADModel:114 - Register for checkConnection events
2024-03-17 13:02:58,409 [FATAL] Updater:308 - Updater called before beeing initialized
2024-03-17 13:02:58,409 [ERROR] CADModel:125 - Updater not yet initialized, retry later 
2024-03-17 13:02:58,411 [FATAL] Updater:308 - Updater called before beeing initialized
2024-03-17 13:02:58,489 [FATAL] Updater:308 - Updater called before beeing initialized
2024-03-17 13:02:58,497 [INFO] DbMcusAds:53 - JSON generation date=Wed Nov 29 04:52:27 CST 2023 (1701255147349)
2024-03-17 13:02:58,497 [FATAL] Updater:308 - Updater called before beeing initialized
2024-03-17 13:02:58,560 [WARN] DetailPanel:346 - Failed to get advertising image, set to default
2024-03-17 13:02:58,642 [FATAL] Updater:308 - Updater called before beeing initialized
2024-03-17 13:02:58,643 [FATAL] Updater:308 - Updater called before beeing initialized
2024-03-17 13:02:58,643 [FATAL] Updater:308 - Updater called before beeing initialized
2024-03-17 13:02:58,643 [WARN] DetailPanel:346 - Failed to get advertising image, set to default
2024-03-17 13:02:58,643 [FATAL] Updater:308 - Updater called before beeing initialized
2024-03-17 13:02:58,691 [ERROR] Updater:1120 - MainUpdater not yet initialized. External WinMGr cannot be set.
2024-03-17 13:02:58,699 [INFO] Updater:1056 - Updater Version found : 6.10.0
2024-03-17 13:02:58,715 [INFO] ApplicationProperties:184 - Using Application install path: C:\ST\STM32CubeIDE_1.14.0\STM32CubeIDE\plugins\com.st.stm32cube.common.mx_6.10.0.202311202037
2024-03-17 13:02:59,547 [INFO] ThirdPartyUpdaterWithRetryManager:70 - Updater plugin not ready yet. [2/15]
2024-03-17 13:03:00,291 [ERROR] LogOutputStream:75 - [STDERR_REDIRECT] Mar 17, 2024 1:03:00 PM java.util.prefs.WindowsPreferences <init>
2024-03-17 13:03:00,292 [ERROR] LogOutputStream:75 - [STDERR_REDIRECT] WARNING: Could not open/create prefs root node Software\JavaSoft\Prefs at root 0xffffffff80000002. Windows RegCreateKeyEx(...) returned error code 5.
2024-03-17 13:03:00,292 [ERROR] LogOutputStream:75 - [STDERR_REDIRECT] 
2024-03-17 13:03:00,680 [INFO] MainUpdater:2873 - connection check result : 10
2024-03-17 13:03:00,680 [INFO] MainUpdater:290 - Updater Check For Update Now.
2024-03-17 13:03:00,680 [INFO] MicroXplorer:498 - Change Database Version : DB.6.0.100
2024-03-17 13:03:00,692 [INFO] McuFinderGlobals:63 - Set McuFinder mode to 2 (CubeIDE integrated)
2024-03-17 13:03:00,701 [INFO] UserAuth:404 - Internet connection configuration mode: 1
2024-03-17 13:03:00,725 [INFO] JxBrowserEngine:152 - Initiate JxBrowser Engine with user profile folder
2024-03-17 13:03:00,854 [INFO] CheckServerUpdateThread:120 - End of CheckServer Thread
2024-03-17 13:03:02,683 [WARN] PackLoader:240 - Cannot read IP mode file for STMicroelectronics.X-CUBE-SMBUS.2.1.0
2024-03-17 13:03:02,753 [WARN] PackLoader:240 - Cannot read IP mode file for STMicroelectronics.X-CUBE-TOUCHGFX.4.23.0
2024-03-17 13:03:02,942 [WARN] PackLoader:240 - Cannot read IP mode file for STMicroelectronics.X-CUBE-AZRTOS-F7.1.1.0
2024-03-17 13:03:02,956 [WARN] PackLoader:240 - Cannot read IP mode file for STMicroelectronics.FP-SNS-MOTENV1.4.3.2
2024-03-17 13:03:02,971 [WARN] PackLoader:240 - Cannot read IP mode file for STMicroelectronics.FP-SNS-FLIGHT1.5.0.2
2024-03-17 13:03:03,080 [WARN] PackLoader:240 - Cannot read IP mode file for STMicroelectronics.X-CUBE-DISPLAY.3.0.0
2024-03-17 13:03:03,139 [WARN] PackLoader:240 - Cannot read IP mode file for STMicroelectronics.X-CUBE-BLE1.7.0.0
2024-03-17 13:03:03,151 [WARN] PackLoader:240 - Cannot read IP mode file for emotas.I-CUBE-CANOPEN.1.3.0
2024-03-17 13:03:03,164 [WARN] PackLoader:240 - Cannot read IP mode file for STMicroelectronics.X-CUBE-BLEMGR.3.1.0
2024-03-17 13:03:03,179 [WARN] PackLoader:240 - Cannot read IP mode file for STMicroelectronics.FP-SNS-SMARTAG2.1.2.0
2024-03-17 13:03:03,195 [INFO] LogOutputStream:77 - [STDOUT_REDIRECT] 1 : Invalid condition id : UX_CORESTACK_Condition cause : null
2024-03-17 13:03:03,196 [INFO] LogOutputStream:77 - [STDOUT_REDIRECT] 1 : Invalid condition id : UX_CORESTACK_Condition cause : null
2024-03-17 13:03:03,196 [INFO] LogOutputStream:77 - [STDOUT_REDIRECT] 1 : Invalid condition id : UX_CORESTACK_Condition cause : null
2024-03-17 13:03:03,197 [INFO] LogOutputStream:77 - [STDOUT_REDIRECT] 1 : Invalid condition id : UX_CORESTACK_Condition cause : null
2024-03-17 13:03:03,198 [INFO] LogOutputStream:77 - [STDOUT_REDIRECT] 1 : Invalid condition id : UX_CORESTACK_Condition cause : null
2024-03-17 13:03:03,200 [WARN] PackLoader:240 - Cannot read IP mode file for STMicroelectronics.X-CUBE-AZRTOS-WL.2.0.0
2024-03-17 13:03:03,220 [WARN] PackLoader:240 - Cannot read IP mode file for WES.I-CUBE-Cesium.1.3.0
2024-03-17 13:03:03,234 [WARN] PackLoader:240 - Cannot read IP mode file for STMicroelectronics.X-CUBE-BLE2.3.3.0
2024-03-17 13:03:03,417 [WARN] PackLoader:240 - Cannot read IP mode file for STMicroelectronics.X-CUBE-ALGOBUILD.1.3.0
2024-03-17 13:03:03,450 [WARN] PackLoader:240 - Cannot read IP mode file for STMicroelectronics.X-CUBE-AZRTOS-G0.1.1.0
2024-03-17 13:03:03,466 [WARN] PackLoader:240 - Cannot read IP mode file for STMicroelectronics.X-CUBE-NFC4.3.0.0
2024-03-17 13:03:03,478 [WARN] PackLoader:240 - Cannot read IP mode file for STMicroelectronics.X-CUBE-BLEMGR.3.0.0
2024-03-17 13:03:03,490 [WARN] PackLoader:240 - Cannot read IP mode file for STMicroelectronics.FP-ATR-SIGFOX1.3.2.0
2024-03-17 13:03:03,501 [WARN] PackLoader:240 - Cannot read IP mode file for STMicroelectronics.X-CUBE-EEPRMA1.5.1.0
2024-03-17 13:03:03,528 [WARN] PackLoader:240 - Cannot read IP mode file for SEGGER.I-CUBE-embOS.1.3.1
2024-03-17 13:03:03,566 [WARN] PackLoader:240 - Cannot read IP mode file for STMicroelectronics.X-CUBE-GNSS1.6.0.0
2024-03-17 13:03:03,567 [INFO] WebApp:161 - Instantiating new browser for Auth
2024-03-17 13:03:03,594 [WARN] PackLoader:240 - Cannot read IP mode file for STMicroelectronics.X-CUBE-AZRTOS-F4.1.1.0
2024-03-17 13:03:03,611 [WARN] PackLoader:240 - Cannot read IP mode file for wolfSSL.I-CUBE-wolfSSL.5.6.4
2024-03-17 13:03:03,635 [WARN] PackLoader:240 - Cannot read IP mode file for STMicroelectronics.X-CUBE-AZRTOS-L5.2.0.0
2024-03-17 13:03:03,651 [WARN] PackLoader:240 - Cannot read IP mode file for STMicroelectronics.X-CUBE-EEPRMA1.4.2.0
2024-03-17 13:03:03,666 [WARN] PackLoader:240 - Cannot read IP mode file for ITTIA_DB.I-CUBE-ITTIADB.8.8.0
2024-03-17 13:03:03,679 [WARN] PackLoader:240 - Cannot read IP mode file for STMicroelectronics.X-CUBE-NFC7.1.0.1
2024-03-17 13:03:03,696 [WARN] PackLoader:240 - Cannot read IP mode file for STMicroelectronics.X-CUBE-NFC6.3.0.0
2024-03-17 13:03:03,707 [WARN] PackLoader:240 - Cannot read IP mode file for STMicroelectronics.X-CUBE-AI.8.1.0
2024-03-17 13:03:03,732 [WARN] ConditionMgr:438 - getConditionDescription Invalid condition id : LAN8742 Phy interface Condition cause : null
2024-03-17 13:03:03,733 [WARN] PackLoader:240 - Cannot read IP mode file for STMicroelectronics.X-CUBE-AZRTOS-L4.2.0.0
2024-03-17 13:03:03,734 [WARN] ConditionMgr:1039 - genDependencies : Invalid condition id : LAN8742 Phy interface Condition cause : null
2024-03-17 13:03:03,735 [WARN] ConditionMgr:1039 - genDependencies : Invalid condition id : LAN8742 Phy interface Condition cause : null
2024-03-17 13:03:03,736 [WARN] ConditionMgr:1039 - genDependencies : Invalid condition id : LAN8742 Phy interface Condition cause : null
2024-03-17 13:03:03,749 [WARN] PackLoader:240 - Cannot read IP mode file for STMicroelectronics.X-CUBE-SFXS2LP1.4.0.0
2024-03-17 13:03:03,774 [WARN] ConditionMgr:438 - getConditionDescription Invalid condition id : UX DEVICE CLASS RTOS Condition cause : null
2024-03-17 13:03:03,774 [WARN] ConditionMgr:438 - getConditionDescription Invalid condition id : UX DEVICE CLASS RTOS Condition cause : null
2024-03-17 13:03:03,775 [WARN] PackLoader:240 - Cannot read IP mode file for STMicroelectronics.X-CUBE-AZRTOS-WB.2.0.0
2024-03-17 13:03:03,776 [WARN] ConditionMgr:1039 - genDependencies : Invalid condition id : UX DEVICE CLASS RTOS Condition cause : null
2024-03-17 13:03:03,776 [WARN] ConditionMgr:1039 - genDependencies : Invalid condition id : UX DEVICE CLASS RTOS Condition cause : null
2024-03-17 13:03:03,777 [WARN] ConditionMgr:1039 - genDependencies : Invalid condition id : UX DEVICE CLASS RTOS Condition cause : null
2024-03-17 13:03:03,777 [WARN] ConditionMgr:1039 - genDependencies : Invalid condition id : UX DEVICE CLASS RTOS Condition cause : null
2024-03-17 13:03:03,777 [WARN] ConditionMgr:1039 - genDependencies : Invalid condition id : UX DEVICE CLASS RTOS Condition cause : null
2024-03-17 13:03:03,794 [WARN] PackLoader:240 - Cannot read IP mode file for STMicroelectronics.X-CUBE-SUBG2.5.0.0
2024-03-17 13:03:03,830 [WARN] PackLoader:240 - Cannot read IP mode file for STMicroelectronics.X-CUBE-AZRTOS-G4.2.0.0
2024-03-17 13:03:03,852 [WARN] PackLoader:240 - Cannot read IP mode file for Infineon.AIROC-Wi-Fi-Bluetooth-STM32.1.5.1
2024-03-17 13:03:03,868 [WARN] PackLoader:240 - Cannot read IP mode file for STMicroelectronics.FP-SNS-MOTENVWB1.1.3.1
2024-03-17 13:03:03,881 [WARN] PackLoader:240 - Cannot read IP mode file for STMicroelectronics.X-CUBE-ISPU.2.0.0
2024-03-17 13:03:03,916 [WARN] PackLoader:240 - Cannot read IP mode file for STMicroelectronics.X-CUBE-MEMS1.10.0.0
2024-03-17 13:03:04,013 [WARN] PackLoader:240 - Cannot read IP mode file for STMicroelectronics.X-CUBE-FREERTOS.1.1.0
2024-03-17 13:03:04,030 [WARN] PackLoader:240 - Cannot read IP mode file for portGmbH.I-Cube-SoM-uGOAL.1.1.0
2024-03-17 13:03:04,043 [WARN] PackLoader:240 - Cannot read IP mode file for STMicroelectronics.X-CUBE-ALS.1.0.1
2024-03-17 13:03:04,089 [WARN] PackLoader:240 - Cannot read IP mode file for STMicroelectronics.FP-ATR-ASTRA1.2.0.0
2024-03-17 13:03:04,103 [WARN] PackLoader:240 - Cannot read IP mode file for STMicroelectronics.X-CUBE-TOF1.3.4.0
2024-03-17 13:03:04,124 [WARN] PackLoader:240 - Cannot read IP mode file for STMicroelectronics.X-CUBE-TOF1.3.4.1
2024-03-17 13:03:04,153 [WARN] PackLoader:240 - Cannot read IP mode file for STMicroelectronics.X-CUBE-AZRTOS-H7.3.2.0
2024-03-17 13:03:04,154 [INFO] ThirdParty:978 - Integrity check success = true
2024-03-17 13:03:04,155 [INFO] IntegrityCheckThread:100 - exiting critical section [integrity check]
2024-03-17 13:03:04,155 [INFO] IntegrityCheckThread:103 - End integrity checks thread
2024-03-17 13:03:04,210 [INFO] WebApp:780 - Register for checkConnection events
2024-03-17 13:03:04,210 [INFO] WebApp:414 - Apply proxy settings
2024-03-17 13:03:04,210 [INFO] WebApp:499 - Chromium requires no authentication
2024-03-17 13:03:04,220 [INFO] WebApp:442 - Direct internet connection detected
2024-03-17 13:03:04,386 [INFO] WebApp:192 - Starting web application
2024-03-17 13:03:04,386 [INFO] WebApp:544 - Web application path used C:\ST\STM32CubeIDE_1.14.0\STM32CubeIDE\plugins\com.st.stm32cube.common.mx_6.10.0.202311202037\db\plugins\mcufinder\reactClient1\index.html
2024-03-17 13:03:14,932 [ERROR] LogOutputStream:75 - [STDERR_REDIRECT] SLF4J: Failed to load class "org.slf4j.impl.StaticLoggerBinder".
2024-03-17 13:03:14,933 [ERROR] LogOutputStream:75 - [STDERR_REDIRECT] SLF4J: Defaulting to no-operation (NOP) logger implementation
2024-03-17 13:03:14,933 [ERROR] LogOutputStream:75 - [STDERR_REDIRECT] SLF4J: See http://www.slf4j.org/codes.html#StaticLoggerBinder for further details.
2024-03-17 14:31:34,824 [ERROR] LogOutputStream:75 - [STDERR_REDIRECT] 
