00:09:54 **** Incremental Build of configuration Debug for project Scanner_pixeles ****
make -j12 all 
arm-none-eabi-size  Scanner_pixeles.elf 
   text	   data	    bss	    dec	    hex	filename
  16396	    100	   2060	  18556	   487c	Scanner_pixeles.elf
Finished building: default.size.stdout
 
00:13:05 **** Incremental Build of configuration Debug for project Scanner_pixeles ****
make -j12 all 
arm-none-eabi-gcc -o "Scanner_pixeles.elf" @"objects.list"   -mcpu=cortex-m4 -T"E:\Sexto_sem\MCU_avanzados\Scanner_pixeles\STM32F411CEUX_FLASH.ld" --specs=nosys.specs -Wl,-Map="Scanner_pixeles.map" -Wl,--gc-sections -static --specs=nano.specs -mfpu=fpv4-sp-d16 -mfloat-abi=hard -mthumb -Wl,--start-group -lc -lm -Wl,--end-group
Finished building target: Scanner_pixeles.elf
 
arm-none-eabi-size  Scanner_pixeles.elf 
arm-none-eabi-objdump -h -S Scanner_pixeles.elf  > "Scanner_pixeles.list"
   text	   data	    bss	    dec	    hex	filename
  16396	    100	   2060	  18556	   487c	Scanner_pixeles.elf
Finished building: default.size.stdout
 
Finished building: Scanner_pixeles.list
 
00:13:11 **** Incremental Build of configuration Debug for project Scanner_pixeles ****
make -j12 all 
arm-none-eabi-size  Scanner_pixeles.elf 
   text	   data	    bss	    dec	    hex	filename
  16396	    100	   2060	  18556	   487c	Scanner_pixeles.elf
Finished building: default.size.stdout
 
00:13:15 **** Incremental Build of configuration Debug for project Scanner_pixeles ****
make -j12 all 
arm-none-eabi-size  Scanner_pixeles.elf 
   text	   data	    bss	    dec	    hex	filename
  16396	    100	   2060	  18556	   487c	Scanner_pixeles.elf
Finished building: default.size.stdout
 
00:13:32 **** Incremental Build of configuration Debug for project Scanner_pixeles ****
make -j12 all 
arm-none-eabi-size  Scanner_pixeles.elf 
   text	   data	    bss	    dec	    hex	filename
  16396	    100	   2060	  18556	   487c	Scanner_pixeles.elf
Finished building: default.size.stdout
 
00:30:09 **** Incremental Build of configuration Debug for project Scanner_pixeles ****
make -j12 all 
arm-none-eabi-gcc "../Core/Src/main.c" -mcpu=cortex-m4 -std=gnu11 -g3 -DDEBUG -DUSE_HAL_DRIVER -DSTM32F411xE -c -I../Core/Inc -I../Drivers/STM32F4xx_HAL_Driver/Inc -I../Drivers/STM32F4xx_HAL_Driver/Inc/Legacy -I../Drivers/CMSIS/Device/ST/STM32F4xx/Include -I../Drivers/CMSIS/Include -O0 -ffunction-sections -fdata-sections -Wall -fstack-usage -fcyclomatic-complexity -MMD -MP -MF"Core/Src/main.d" -MT"Core/Src/main.o" --specs=nano.specs -mfpu=fpv4-sp-d16 -mfloat-abi=hard -mthumb -o "Core/Src/main.o"
arm-none-eabi-gcc -o "Scanner_pixeles.elf" @"objects.list"   -mcpu=cortex-m4 -T"E:\Sexto_sem\MCU_avanzados\Scanner_pixeles\STM32F411CEUX_FLASH.ld" --specs=nosys.specs -Wl,-Map="Scanner_pixeles.map" -Wl,--gc-sections -static --specs=nano.specs -mfpu=fpv4-sp-d16 -mfloat-abi=hard -mthumb -Wl,--start-group -lc -lm -Wl,--end-group
Finished building target: Scanner_pixeles.elf
 
arm-none-eabi-size  Scanner_pixeles.elf 
arm-none-eabi-objdump -h -S Scanner_pixeles.elf  > "Scanner_pixeles.list"
   text	   data	    bss	    dec	    hex	filename
  16340	    100	   2060	  18500	   4844	Scanner_pixeles.elf
Finished building: default.size.stdout
 
Finished building: Scanner_pixeles.list
 
00:32:48 **** Incremental Build of configuration Debug for project Scanner_pixeles ****
make -j12 all 
arm-none-eabi-gcc "../Core/Src/main.c" -mcpu=cortex-m4 -std=gnu11 -g3 -DDEBUG -DUSE_HAL_DRIVER -DSTM32F411xE -c -I../Core/Inc -I../Drivers/STM32F4xx_HAL_Driver/Inc -I../Drivers/STM32F4xx_HAL_Driver/Inc/Legacy -I../Drivers/CMSIS/Device/ST/STM32F4xx/Include -I../Drivers/CMSIS/Include -O0 -ffunction-sections -fdata-sections -Wall -fstack-usage -fcyclomatic-complexity -MMD -MP -MF"Core/Src/main.d" -MT"Core/Src/main.o" --specs=nano.specs -mfpu=fpv4-sp-d16 -mfloat-abi=hard -mthumb -o "Core/Src/main.o"
arm-none-eabi-gcc -o "Scanner_pixeles.elf" @"objects.list"   -mcpu=cortex-m4 -T"E:\Sexto_sem\MCU_avanzados\Scanner_pixeles\STM32F411CEUX_FLASH.ld" --specs=nosys.specs -Wl,-Map="Scanner_pixeles.map" -Wl,--gc-sections -static --specs=nano.specs -mfpu=fpv4-sp-d16 -mfloat-abi=hard -mthumb -Wl,--start-group -lc -lm -Wl,--end-group
Finished building target: Scanner_pixeles.elf
 
arm-none-eabi-size  Scanner_pixeles.elf 
arm-none-eabi-objdump -h -S Scanner_pixeles.elf  > "Scanner_pixeles.list"
   text	   data	    bss	    dec	    hex	filename
  16336	    100	   2060	  18496	   4840	Scanner_pixeles.elf
Finished building: default.size.stdout
 
Finished building: Scanner_pixeles.list
 
